

================================================================
== Vivado HLS Report for 'erode_dilate'
================================================================
* Date:           Tue Mar 24 00:13:42 2020

* Version:        2017.4 (Build 2086221 on Fri Dec 15 21:13:33 MST 2017)
* Project:        YCrCbGuass
* Solution:       solution1
* Product family: zynq
* Target device:  xc7z020clg484-1


================================================================
== Performance Estimates
================================================================
+ Timing (ns): 
    * Summary: 
    +--------+-------+----------+------------+
    |  Clock | Target| Estimated| Uncertainty|
    +--------+-------+----------+------------+
    |ap_clk  |  10.00|      8.17|        1.25|
    +--------+-------+----------+------------+

+ Latency (clock cycles): 
    * Summary: 
    +--------+--------+--------+--------+----------+
    |     Latency     |     Interval    | Pipeline |
    |   min  |   max  |   min  |   max  |   Type   |
    +--------+--------+--------+--------+----------+
    |  353786|  353786|  353782|  353782| dataflow |
    +--------+--------+--------+--------+----------+

    + Detail: 
        * Instance: 
        +-----------+--------+--------+--------+--------+--------+---------+
        |           |        |     Latency     |     Interval    | Pipeline|
        |  Instance | Module |   min  |   max  |   min  |   max  |   Type  |
        +-----------+--------+--------+--------+--------+--------+---------+
        |Erode_U0   |Erode   |  353781|  353781|  353781|  353781|   none  |
        |Dilate_U0  |Dilate  |  353781|  353781|  353781|  353781|   none  |
        +-----------+--------+--------+--------+--------+--------+---------+

        * Loop: 
        N/A



================================================================
== Utilization Estimates
================================================================
* Summary: 
+-----------------+---------+-------+--------+-------+
|       Name      | BRAM_18K| DSP48E|   FF   |  LUT  |
+-----------------+---------+-------+--------+-------+
|DSP              |        -|      -|       -|      -|
|Expression       |        -|      -|       0|      8|
|FIFO             |        0|      -|       5|     20|
|Instance         |        6|      -|     949|   1713|
|Memory           |        -|      -|       -|      -|
|Multiplexer      |        -|      -|       -|      -|
|Register         |        -|      -|       -|      -|
+-----------------+---------+-------+--------+-------+
|Total            |        6|      0|     954|   1741|
+-----------------+---------+-------+--------+-------+
|Available        |      280|    220|  106400|  53200|
+-----------------+---------+-------+--------+-------+
|Utilization (%)  |        2|      0|   ~0   |      3|
+-----------------+---------+-------+--------+-------+

+ Detail: 
    * Instance: 
    +-----------+--------+---------+-------+-----+-----+
    |  Instance | Module | BRAM_18K| DSP48E|  FF | LUT |
    +-----------+--------+---------+-------+-----+-----+
    |Dilate_U0  |Dilate  |        3|      0|  474|  852|
    |Erode_U0   |Erode   |        3|      0|  475|  861|
    +-----------+--------+---------+-------+-----+-----+
    |Total      |        |        6|      0|  949| 1713|
    +-----------+--------+---------+-------+-----+-----+

    * DSP48: 
    N/A

    * Memory: 
    N/A

    * FIFO: 
    +-------------------------+---------+---+----+------+-----+---------+
    |           Name          | BRAM_18K| FF| LUT| Depth| Bits| Size:D*B|
    +-------------------------+---------+---+----+------+-----+---------+
    |tmp_img_data_stream_s_U  |        0|  5|  20|     1|    8|        8|
    +-------------------------+---------+---+----+------+-----+---------+
    |Total                    |        0|  5|  20|     1|    8|        8|
    +-------------------------+---------+---+----+------+-----+---------+

    * Expression: 
    +--------------+----------+-------+---+----+------------+------------+
    | Variable Name| Operation| DSP48E| FF| LUT| Bitwidth P0| Bitwidth P1|
    +--------------+----------+-------+---+----+------------+------------+
    |ap_idle       |    and   |      0|  0|   8|           1|           1|
    +--------------+----------+-------+---+----+------------+------------+
    |Total         |          |      0|  0|   8|           1|           1|
    +--------------+----------+-------+---+----+------------+------------+

    * Multiplexer: 
    N/A

    * Register: 
    N/A



================================================================
== Interface
================================================================
* Summary: 
+---------------------------+-----+-----+------------+-------------------+--------------+
|         RTL Ports         | Dir | Bits|  Protocol  |   Source Object   |    C Type    |
+---------------------------+-----+-----+------------+-------------------+--------------+
|img_data_stream_V_dout     |  in |    8|   ap_fifo  | img_data_stream_V |    pointer   |
|img_data_stream_V_empty_n  |  in |    1|   ap_fifo  | img_data_stream_V |    pointer   |
|img_data_stream_V_read     | out |    1|   ap_fifo  | img_data_stream_V |    pointer   |
|res_data_stream_V_din      | out |    8|   ap_fifo  | res_data_stream_V |    pointer   |
|res_data_stream_V_full_n   |  in |    1|   ap_fifo  | res_data_stream_V |    pointer   |
|res_data_stream_V_write    | out |    1|   ap_fifo  | res_data_stream_V |    pointer   |
|ap_clk                     |  in |    1| ap_ctrl_hs |    erode_dilate   | return value |
|ap_rst                     |  in |    1| ap_ctrl_hs |    erode_dilate   | return value |
|ap_done                    | out |    1| ap_ctrl_hs |    erode_dilate   | return value |
|ap_start                   |  in |    1| ap_ctrl_hs |    erode_dilate   | return value |
|ap_ready                   | out |    1| ap_ctrl_hs |    erode_dilate   | return value |
|ap_idle                    | out |    1| ap_ctrl_hs |    erode_dilate   | return value |
|ap_continue                |  in |    1| ap_ctrl_hs |    erode_dilate   | return value |
+---------------------------+-----+-----+------------+-------------------+--------------+

