

================================================================
== Vivado HLS Report for 'AXIvideo2Mat'
================================================================
* Date:           Tue Mar 24 00:11:52 2020

* Version:        2017.4 (Build 2086221 on Fri Dec 15 21:13:33 MST 2017)
* Project:        YCrCbGuass
* Solution:       solution1
* Product family: zynq
* Target device:  xc7z020clg484-1


================================================================
== Performance Estimates
================================================================
+ Timing (ns): 
    * Summary: 
    +--------+-------+----------+------------+
    |  Clock | Target| Estimated| Uncertainty|
    +--------+-------+----------+------------+
    |ap_clk  |  10.00|      5.40|        1.25|
    +--------+-------+----------+------------+

+ Latency (clock cycles): 
    * Summary: 
    +-----+--------+-----+--------+---------+
    |    Latency   |   Interval   | Pipeline|
    | min |   max  | min |   max  |   Type  |
    +-----+--------+-----+--------+---------+
    |    3|  350643|    3|  350643|   none  |
    +-----+--------+-----+--------+---------+

    + Detail: 
        * Instance: 
        N/A

        * Loop: 
        +-----------------------+-----+--------+----------+-----------+-----------+---------+----------+
        |                       |    Latency   | Iteration|  Initiation Interval  |   Trip  |          |
        |       Loop Name       | min |   max  |  Latency |  achieved |   target  |  Count  | Pipelined|
        +-----------------------+-----+--------+----------+-----------+-----------+---------+----------+
        |- loop_wait_for_start  |    0|       0|         1|          1|          1|        0|    yes   |
        |- loop_height          |    0|  350640|  7 ~ 487 |          -|          -| 0 ~ 720 |    no    |
        | + loop_width          |    1|     481|         2|          1|          1| 0 ~ 480 |    yes   |
        | + loop_wait_for_eol   |    1|       1|         2|          1|          1|        0|    yes   |
        +-----------------------+-----+--------+----------+-----------+-----------+---------+----------+

============================================================
+ Verbose Summary: Synthesis Manager
============================================================
InlineROM: 1
ExposeGlobal: 0
============================================================
+ Verbose Summary: CDFG Model
============================================================
IsTopModel: 0
ResetActiveHigh: 1
IsCombinational: 2
IsDatapathOnly: 0
HasWiredReturn: 1
HasMFsm: 0
HasVarLatency: 1
IsPipeline: 0
IsRtlPipelined: 0
IsInstanceOverlapped: 0
IsDontTouch: 0
HasImplIP: 0
IsGatedGlobalClock: 0

+ Individual pipeline summary: 
  * Pipeline-0: initiation interval (II) = 1, depth = 1
  * Pipeline-1: initiation interval (II) = 1, depth = 2
  * Pipeline-2: initiation interval (II) = 1, depth = 2


============================================================
+ Verbose Summary: Schedule
============================================================
* Number of FSM states : 10
* Pipeline : 3
  Pipeline-0 : II = 1, D = 1, States = { 2 }
  Pipeline-1 : II = 1, D = 2, States = { 5 6 }
  Pipeline-2 : II = 1, D = 2, States = { 8 9 }
* Dataflow Pipeline: 0

* FSM state transitions: 
1 --> 
	2  / true
2 --> 
	3  / (tmp_user_V)
	2  / (!tmp_user_V)
3 --> 
	4  / true
4 --> 
	5  / (!exitcond5_i)
5 --> 
	6  / true
6 --> 
	7  / (exitcond_i)
	5  / (!exitcond_i)
7 --> 
	8  / true
8 --> 
	9  / true
9 --> 
	10  / (eol_2_i)
	8  / (!eol_2_i)
10 --> 
	4  / true

* FSM state operations: 

 <State 1> : 0.00ns
ST_1 : Operation 11 [1/1] (0.00ns)   --->   "%cols_read = call i32 @_ssdm_op_Read.ap_auto.i32(i32 %cols)"
ST_1 : Operation 12 [1/1] (0.00ns)   --->   "%rows_read = call i32 @_ssdm_op_Read.ap_auto.i32(i32 %rows)"
ST_1 : Operation 13 [1/1] (0.00ns)   --->   "%rows_V = trunc i32 %rows_read to i10" [top.cpp:34]
ST_1 : Operation 14 [1/1] (0.00ns)   --->   "%cols_V = trunc i32 %cols_read to i9" [top.cpp:34]
ST_1 : Operation 15 [1/1] (0.00ns)   --->   "call void (...)* @_ssdm_op_SpecInterface(i8* %src_mat_data_stream_2, [8 x i8]* @ap_fifo_str, i32 0, i32 0, [1 x i8]* @p_str, i32 0, i32 0, [1 x i8]* @p_str, [1 x i8]* @p_str, [1 x i8]* @p_str, i32 2, i32 2, i32 16, i32 16, [1 x i8]* @p_str, [1 x i8]* @p_str)"
ST_1 : Operation 16 [1/1] (0.00ns)   --->   "call void (...)* @_ssdm_op_SpecInterface(i8* %src_mat_data_stream_1, [8 x i8]* @ap_fifo_str, i32 0, i32 0, [1 x i8]* @p_str, i32 0, i32 0, [1 x i8]* @p_str, [1 x i8]* @p_str, [1 x i8]* @p_str, i32 2, i32 2, i32 16, i32 16, [1 x i8]* @p_str, [1 x i8]* @p_str)"
ST_1 : Operation 17 [1/1] (0.00ns)   --->   "call void (...)* @_ssdm_op_SpecInterface(i8* %src_mat_data_stream_s, [8 x i8]* @ap_fifo_str, i32 0, i32 0, [1 x i8]* @p_str, i32 0, i32 0, [1 x i8]* @p_str, [1 x i8]* @p_str, [1 x i8]* @p_str, i32 2, i32 2, i32 16, i32 16, [1 x i8]* @p_str, [1 x i8]* @p_str)"
ST_1 : Operation 18 [1/1] (0.00ns)   --->   "call void (...)* @_ssdm_op_SpecInterface(i9 %cols_V, [10 x i8]* @ap_stable_str, i32 0, i32 0, [1 x i8]* @p_str, i32 0, i32 0, [1 x i8]* @p_str, [1 x i8]* @p_str, [1 x i8]* @p_str, i32 2, i32 2, i32 16, i32 16, [1 x i8]* @p_str, [1 x i8]* @p_str)" [top.cpp:34]
ST_1 : Operation 19 [1/1] (0.00ns)   --->   "call void (...)* @_ssdm_op_SpecInterface(i10 %rows_V, [10 x i8]* @ap_stable_str, i32 0, i32 0, [1 x i8]* @p_str, i32 0, i32 0, [1 x i8]* @p_str, [1 x i8]* @p_str, [1 x i8]* @p_str, i32 2, i32 2, i32 16, i32 16, [1 x i8]* @p_str, [1 x i8]* @p_str)" [top.cpp:34]
ST_1 : Operation 20 [1/1] (0.00ns)   --->   "call void (...)* @_ssdm_op_SpecInterface(i32* %input_V_data_V, i4* %input_V_keep_V, i4* %input_V_strb_V, i1* %input_V_user_V, i1* %input_V_last_V, i1* %input_V_id_V, i1* %input_V_dest_V, [5 x i8]* @p_str15, i32 1, i32 1, [5 x i8]* @p_str216, i32 0, i32 0, [13 x i8]* @p_str317, [1 x i8]* @p_str418, [1 x i8]* @p_str418, i32 0, i32 0, i32 0, i32 0, [1 x i8]* @p_str418, [1 x i8]* @p_str418) nounwind"
ST_1 : Operation 21 [1/1] (0.00ns)   --->   "br label %._crit_edge1.i" [D:/studyapp_new/VIVADO/vivado201704/Vivado/2017.4/common/technology/autopilot/hls/hls_video_io.h:63->top.cpp:34]

 <State 2> : 0.00ns
ST_2 : Operation 22 [1/1] (0.00ns)   --->   "call void (...)* @_ssdm_op_SpecLoopName([20 x i8]* @p_str2541) nounwind" [D:/studyapp_new/VIVADO/vivado201704/Vivado/2017.4/common/technology/autopilot/hls/hls_video_io.h:65->top.cpp:34]
ST_2 : Operation 23 [1/1] (0.00ns)   --->   "%tmp_i = call i32 (...)* @_ssdm_op_SpecRegionBegin([20 x i8]* @p_str2541)" [D:/studyapp_new/VIVADO/vivado201704/Vivado/2017.4/common/technology/autopilot/hls/hls_video_io.h:65->top.cpp:34]
ST_2 : Operation 24 [1/1] (0.00ns)   --->   "call void (...)* @_ssdm_op_SpecPipeline(i32 1, i32 1, i32 1, i32 0, [1 x i8]* @p_str418) nounwind" [D:/studyapp_new/VIVADO/vivado201704/Vivado/2017.4/common/technology/autopilot/hls/hls_video_io.h:66->top.cpp:34]
ST_2 : Operation 25 [1/1] (0.00ns)   --->   "call void (...)* @_ssdm_op_SpecLoopTripCount(i32 0, i32 0, i32 0, [1 x i8]* @p_str418) nounwind" [D:/studyapp_new/VIVADO/vivado201704/Vivado/2017.4/common/technology/autopilot/hls/hls_video_io.h:67->top.cpp:34]
ST_2 : Operation 26 [1/1] (0.00ns)   --->   "%empty = call { i32, i4, i4, i1, i1, i1, i1 } @_ssdm_op_Read.axis.volatile.i32P.i4P.i4P.i1P.i1P.i1P.i1P(i32* %input_V_data_V, i4* %input_V_keep_V, i4* %input_V_strb_V, i1* %input_V_user_V, i1* %input_V_last_V, i1* %input_V_id_V, i1* %input_V_dest_V)" [D:/studyapp_new/VIVADO/vivado201704/Vivado/2017.4/common/technology/autopilot/hls/hls_video_io.h:68->top.cpp:34]   --->   Core 5 'AXI4Stream' <Latency = 0> <II = 1> <Delay = 1.00> <Adapter> <Opcode : >
ST_2 : Operation 27 [1/1] (0.00ns)   --->   "%tmp_data_V = extractvalue { i32, i4, i4, i1, i1, i1, i1 } %empty, 0" [D:/studyapp_new/VIVADO/vivado201704/Vivado/2017.4/common/technology/autopilot/hls/hls_video_io.h:68->top.cpp:34]
ST_2 : Operation 28 [1/1] (0.00ns)   --->   "%tmp_user_V = extractvalue { i32, i4, i4, i1, i1, i1, i1 } %empty, 3" [D:/studyapp_new/VIVADO/vivado201704/Vivado/2017.4/common/technology/autopilot/hls/hls_video_io.h:68->top.cpp:34]
ST_2 : Operation 29 [1/1] (0.00ns)   --->   "%tmp_last_V = extractvalue { i32, i4, i4, i1, i1, i1, i1 } %empty, 4" [D:/studyapp_new/VIVADO/vivado201704/Vivado/2017.4/common/technology/autopilot/hls/hls_video_io.h:68->top.cpp:34]
ST_2 : Operation 30 [1/1] (0.00ns)   --->   "%empty_129 = call i32 (...)* @_ssdm_op_SpecRegionEnd([20 x i8]* @p_str2541, i32 %tmp_i)" [D:/studyapp_new/VIVADO/vivado201704/Vivado/2017.4/common/technology/autopilot/hls/hls_video_io.h:70->top.cpp:34]
ST_2 : Operation 31 [1/1] (0.00ns)   --->   "br i1 %tmp_user_V, label %.preheader186.i.preheader, label %._crit_edge1.i" [D:/studyapp_new/VIVADO/vivado201704/Vivado/2017.4/common/technology/autopilot/hls/hls_video_io.h:65->top.cpp:34]

 <State 3> : 1.77ns
ST_3 : Operation 32 [1/1] (0.00ns)   --->   "%sof_1_i = alloca i1"
ST_3 : Operation 33 [1/1] (1.76ns)   --->   "store i1 true, i1* %sof_1_i"
ST_3 : Operation 34 [1/1] (1.76ns)   --->   "br label %.preheader186.i" [D:/studyapp_new/VIVADO/vivado201704/Vivado/2017.4/common/technology/autopilot/hls/hls_video_io.h:71->top.cpp:34]

 <State 4> : 2.70ns
ST_4 : Operation 35 [1/1] (0.00ns)   --->   "%axi_last_V1_i = phi i1 [ %axi_last_V_3_i, %5 ], [ %tmp_last_V, %.preheader186.i.preheader ]"
ST_4 : Operation 36 [1/1] (0.00ns)   --->   "%axi_data_V1_i = phi i32 [ %axi_data_V_3_i, %5 ], [ %tmp_data_V, %.preheader186.i.preheader ]"
ST_4 : Operation 37 [1/1] (0.00ns)   --->   "%t_V = phi i10 [ %i_V, %5 ], [ 0, %.preheader186.i.preheader ]"
ST_4 : Operation 38 [1/1] (1.77ns)   --->   "%exitcond5_i = icmp eq i10 %t_V, %rows_V" [D:/studyapp_new/VIVADO/vivado201704/Vivado/2017.4/common/technology/autopilot/hls/hls_video_io.h:71->top.cpp:34]   --->   Core 25 'Cmp' <Latency = 0> <II = 1> <Delay = 1.77> <FuncUnit> <Opcode : 'icmp'> <InPorts = 2> <OutPorts = 1>
ST_4 : Operation 39 [1/1] (0.00ns)   --->   "call void (...)* @_ssdm_op_SpecLoopTripCount(i64 0, i64 720, i64 0)"
ST_4 : Operation 40 [1/1] (1.95ns)   --->   "%i_V = add i10 %t_V, 1" [D:/studyapp_new/VIVADO/vivado201704/Vivado/2017.4/common/technology/autopilot/hls/hls_video_io.h:71->top.cpp:34]   --->   Core 14 'AddSub' <Latency = 0> <II = 1> <Delay = 1.95> <FuncUnit> <Opcode : 'add' 'sub'> <InPorts = 2> <OutPorts = 1>
ST_4 : Operation 41 [1/1] (0.00ns)   --->   "br i1 %exitcond5_i, label %AXIvideo2Mat.exit, label %0" [D:/studyapp_new/VIVADO/vivado201704/Vivado/2017.4/common/technology/autopilot/hls/hls_video_io.h:71->top.cpp:34]
ST_4 : Operation 42 [1/1] (0.00ns)   --->   "call void (...)* @_ssdm_op_SpecLoopName([12 x i8]* @p_str1430) nounwind" [D:/studyapp_new/VIVADO/vivado201704/Vivado/2017.4/common/technology/autopilot/hls/hls_video_io.h:71->top.cpp:34]
ST_4 : Operation 43 [1/1] (0.00ns)   --->   "%tmp_i_130 = call i32 (...)* @_ssdm_op_SpecRegionBegin([12 x i8]* @p_str1430)" [D:/studyapp_new/VIVADO/vivado201704/Vivado/2017.4/common/technology/autopilot/hls/hls_video_io.h:71->top.cpp:34]
ST_4 : Operation 44 [1/1] (1.76ns)   --->   "br label %1" [D:/studyapp_new/VIVADO/vivado201704/Vivado/2017.4/common/technology/autopilot/hls/hls_video_io.h:73->top.cpp:34]
ST_4 : Operation 45 [1/1] (0.00ns)   --->   "ret void"

 <State 5> : 2.59ns
ST_5 : Operation 46 [1/1] (0.00ns)   --->   "%t_V_16 = phi i9 [ 0, %0 ], [ %j_V, %._crit_edge2.i ]"
ST_5 : Operation 47 [1/1] (0.00ns)   --->   "%eol_i = phi i1 [ false, %0 ], [ %axi_last_V_2_i, %._crit_edge2.i ]" [D:/studyapp_new/VIVADO/vivado201704/Vivado/2017.4/common/technology/autopilot/hls/hls_video_io.h:81->top.cpp:34]
ST_5 : Operation 48 [1/1] (1.66ns)   --->   "%exitcond_i = icmp eq i9 %t_V_16, %cols_V" [D:/studyapp_new/VIVADO/vivado201704/Vivado/2017.4/common/technology/autopilot/hls/hls_video_io.h:73->top.cpp:34]   --->   Core 25 'Cmp' <Latency = 0> <II = 1> <Delay = 1.77> <FuncUnit> <Opcode : 'icmp'> <InPorts = 2> <OutPorts = 1>
ST_5 : Operation 49 [1/1] (1.93ns)   --->   "%j_V = add i9 %t_V_16, 1" [D:/studyapp_new/VIVADO/vivado201704/Vivado/2017.4/common/technology/autopilot/hls/hls_video_io.h:73->top.cpp:34]   --->   Core 14 'AddSub' <Latency = 0> <II = 1> <Delay = 1.95> <FuncUnit> <Opcode : 'add' 'sub'> <InPorts = 2> <OutPorts = 1>
ST_5 : Operation 50 [1/1] (0.00ns)   --->   "%sof_1_i_load = load i1* %sof_1_i" [D:/studyapp_new/VIVADO/vivado201704/Vivado/2017.4/common/technology/autopilot/hls/hls_video_io.h:76->top.cpp:34]
ST_5 : Operation 51 [1/1] (0.93ns)   --->   "%brmerge_i = or i1 %sof_1_i_load, %eol_i" [D:/studyapp_new/VIVADO/vivado201704/Vivado/2017.4/common/technology/autopilot/hls/hls_video_io.h:76->top.cpp:34]   --->   Core 27 'LogicGate' <Latency = 0> <II = 1> <Delay = 0.93> <FuncUnit> <Opcode : 'and' 'or' 'xor'> <InPorts = 2> <OutPorts = 1>
ST_5 : Operation 52 [2/2] (0.00ns)   --->   "%empty_131 = call { i32, i4, i4, i1, i1, i1, i1 } @_ssdm_op_Read.axis.volatile.i32P.i4P.i4P.i1P.i1P.i1P.i1P(i32* %input_V_data_V, i4* %input_V_keep_V, i4* %input_V_strb_V, i1* %input_V_user_V, i1* %input_V_last_V, i1* %input_V_id_V, i1* %input_V_dest_V)" [D:/studyapp_new/VIVADO/vivado201704/Vivado/2017.4/common/technology/autopilot/hls/hls_video_io.h:81->top.cpp:34]   --->   Core 5 'AXI4Stream' <Latency = 0> <II = 1> <Delay = 1.00> <Adapter> <Opcode : >
ST_5 : Operation 53 [1/1] (1.76ns)   --->   "store i1 false, i1* %sof_1_i"

 <State 6> : 5.40ns
ST_6 : Operation 54 [1/1] (0.00ns)   --->   "%eol = phi i1 [ %axi_last_V1_i, %0 ], [ %axi_last_V_2_i, %._crit_edge2.i ]" [D:/studyapp_new/VIVADO/vivado201704/Vivado/2017.4/common/technology/autopilot/hls/hls_video_io.h:100->top.cpp:34]
ST_6 : Operation 55 [1/1] (0.00ns)   --->   "%axi_data_V_1_i = phi i32 [ %axi_data_V1_i, %0 ], [ %p_Val2_s, %._crit_edge2.i ]"
ST_6 : Operation 56 [1/1] (0.00ns)   --->   "call void (...)* @_ssdm_op_SpecLoopTripCount(i64 0, i64 480, i64 0)"
ST_6 : Operation 57 [1/1] (0.00ns)   --->   "br i1 %exitcond_i, label %.preheader.i.preheader, label %2" [D:/studyapp_new/VIVADO/vivado201704/Vivado/2017.4/common/technology/autopilot/hls/hls_video_io.h:73->top.cpp:34]
ST_6 : Operation 58 [1/1] (0.00ns)   --->   "call void (...)* @_ssdm_op_SpecLoopName([11 x i8]* @p_str1531) nounwind" [D:/studyapp_new/VIVADO/vivado201704/Vivado/2017.4/common/technology/autopilot/hls/hls_video_io.h:73->top.cpp:34]
ST_6 : Operation 59 [1/1] (0.00ns)   --->   "%tmp_25_i = call i32 (...)* @_ssdm_op_SpecRegionBegin([11 x i8]* @p_str1531)" [D:/studyapp_new/VIVADO/vivado201704/Vivado/2017.4/common/technology/autopilot/hls/hls_video_io.h:73->top.cpp:34]
ST_6 : Operation 60 [1/1] (0.00ns)   --->   "call void (...)* @_ssdm_op_SpecPipeline(i32 1, i32 1, i32 1, i32 0, [1 x i8]* @p_str418) nounwind" [D:/studyapp_new/VIVADO/vivado201704/Vivado/2017.4/common/technology/autopilot/hls/hls_video_io.h:75->top.cpp:34]
ST_6 : Operation 61 [1/1] (1.76ns)   --->   "br i1 %brmerge_i, label %._crit_edge2.i, label %3" [D:/studyapp_new/VIVADO/vivado201704/Vivado/2017.4/common/technology/autopilot/hls/hls_video_io.h:76->top.cpp:34]
ST_6 : Operation 62 [1/2] (0.00ns)   --->   "%empty_131 = call { i32, i4, i4, i1, i1, i1, i1 } @_ssdm_op_Read.axis.volatile.i32P.i4P.i4P.i1P.i1P.i1P.i1P(i32* %input_V_data_V, i4* %input_V_keep_V, i4* %input_V_strb_V, i1* %input_V_user_V, i1* %input_V_last_V, i1* %input_V_id_V, i1* %input_V_dest_V)" [D:/studyapp_new/VIVADO/vivado201704/Vivado/2017.4/common/technology/autopilot/hls/hls_video_io.h:81->top.cpp:34]   --->   Core 5 'AXI4Stream' <Latency = 0> <II = 1> <Delay = 1.00> <Adapter> <Opcode : >
ST_6 : Operation 63 [1/1] (0.00ns)   --->   "%tmp_data_V_1 = extractvalue { i32, i4, i4, i1, i1, i1, i1 } %empty_131, 0" [D:/studyapp_new/VIVADO/vivado201704/Vivado/2017.4/common/technology/autopilot/hls/hls_video_io.h:81->top.cpp:34]
ST_6 : Operation 64 [1/1] (0.00ns)   --->   "%tmp_last_V_1 = extractvalue { i32, i4, i4, i1, i1, i1, i1 } %empty_131, 4" [D:/studyapp_new/VIVADO/vivado201704/Vivado/2017.4/common/technology/autopilot/hls/hls_video_io.h:81->top.cpp:34]
ST_6 : Operation 65 [1/1] (1.76ns)   --->   "br label %._crit_edge2.i"
ST_6 : Operation 66 [1/1] (0.00ns)   --->   "%axi_last_V_2_i = phi i1 [ %tmp_last_V_1, %3 ], [ %eol, %2 ]"
ST_6 : Operation 67 [1/1] (0.00ns)   --->   "%p_Val2_s = phi i32 [ %tmp_data_V_1, %3 ], [ %axi_data_V_1_i, %2 ]"
ST_6 : Operation 68 [1/1] (0.00ns)   --->   "%tmp = trunc i32 %p_Val2_s to i8" [D:/studyapp_new/VIVADO/vivado201704/Vivado/2017.4/common/technology/autopilot/hls/hls_axi_io.h:49->D:/studyapp_new/VIVADO/vivado201704/Vivado/2017.4/common/technology/autopilot/hls/hls_axi_io.h:71->D:/studyapp_new/VIVADO/vivado201704/Vivado/2017.4/common/technology/autopilot/hls/hls_video_io.h:92->top.cpp:34]
ST_6 : Operation 69 [1/1] (0.00ns)   --->   "%tmp_80 = call i8 @_ssdm_op_PartSelect.i8.i32.i32.i32(i32 %p_Val2_s, i32 8, i32 15)" [D:/studyapp_new/VIVADO/vivado201704/Vivado/2017.4/common/technology/autopilot/hls/hls_axi_io.h:49->D:/studyapp_new/VIVADO/vivado201704/Vivado/2017.4/common/technology/autopilot/hls/hls_axi_io.h:71->D:/studyapp_new/VIVADO/vivado201704/Vivado/2017.4/common/technology/autopilot/hls/hls_video_io.h:92->top.cpp:34]
ST_6 : Operation 70 [1/1] (0.00ns)   --->   "%tmp_81 = call i8 @_ssdm_op_PartSelect.i8.i32.i32.i32(i32 %p_Val2_s, i32 16, i32 23)" [D:/studyapp_new/VIVADO/vivado201704/Vivado/2017.4/common/technology/autopilot/hls/hls_axi_io.h:49->D:/studyapp_new/VIVADO/vivado201704/Vivado/2017.4/common/technology/autopilot/hls/hls_axi_io.h:71->D:/studyapp_new/VIVADO/vivado201704/Vivado/2017.4/common/technology/autopilot/hls/hls_video_io.h:92->top.cpp:34]
ST_6 : Operation 71 [1/1] (0.00ns)   --->   "%tmp_30_i = call i32 (...)* @_ssdm_op_SpecRegionBegin([12 x i8]* @p_str57)" [D:/studyapp_new/VIVADO/vivado201704/Vivado/2017.4/common/technology/autopilot/hls/hls_video_core.h:641->D:/studyapp_new/VIVADO/vivado201704/Vivado/2017.4/common/technology/autopilot/hls/hls_video_core.h:662->D:/studyapp_new/VIVADO/vivado201704/Vivado/2017.4/common/technology/autopilot/hls/hls_video_io.h:94->top.cpp:34]
ST_6 : Operation 72 [1/1] (0.00ns)   --->   "call void (...)* @_ssdm_op_SpecProtocol(i32 0, [1 x i8]* @p_str) nounwind" [D:/studyapp_new/VIVADO/vivado201704/Vivado/2017.4/common/technology/autopilot/hls/hls_video_core.h:645->D:/studyapp_new/VIVADO/vivado201704/Vivado/2017.4/common/technology/autopilot/hls/hls_video_core.h:662->D:/studyapp_new/VIVADO/vivado201704/Vivado/2017.4/common/technology/autopilot/hls/hls_video_io.h:94->top.cpp:34]
ST_6 : Operation 73 [1/1] (3.63ns)   --->   "call void @_ssdm_op_Write.ap_fifo.volatile.i8P(i8* %src_mat_data_stream_s, i8 %tmp)" [D:/studyapp_new/VIVADO/vivado201704/Vivado/2017.4/common/technology/autopilot/hls/hls_video_core.h:648->D:/studyapp_new/VIVADO/vivado201704/Vivado/2017.4/common/technology/autopilot/hls/hls_video_core.h:662->D:/studyapp_new/VIVADO/vivado201704/Vivado/2017.4/common/technology/autopilot/hls/hls_video_io.h:94->top.cpp:34]   --->   Core 32 'FIFO' <Latency = 0> <II = 1> <Delay = 3.63> <Storage> <Opcode : 'read' 'write' 'nbread' 'nbwrite'> <Ports = 0> <Width = 8> <Depth = 1> <FIFO>
ST_6 : Operation 74 [1/1] (3.63ns)   --->   "call void @_ssdm_op_Write.ap_fifo.volatile.i8P(i8* %src_mat_data_stream_1, i8 %tmp_80)" [D:/studyapp_new/VIVADO/vivado201704/Vivado/2017.4/common/technology/autopilot/hls/hls_video_core.h:648->D:/studyapp_new/VIVADO/vivado201704/Vivado/2017.4/common/technology/autopilot/hls/hls_video_core.h:662->D:/studyapp_new/VIVADO/vivado201704/Vivado/2017.4/common/technology/autopilot/hls/hls_video_io.h:94->top.cpp:34]   --->   Core 32 'FIFO' <Latency = 0> <II = 1> <Delay = 3.63> <Storage> <Opcode : 'read' 'write' 'nbread' 'nbwrite'> <Ports = 0> <Width = 8> <Depth = 1> <FIFO>
ST_6 : Operation 75 [1/1] (3.63ns)   --->   "call void @_ssdm_op_Write.ap_fifo.volatile.i8P(i8* %src_mat_data_stream_2, i8 %tmp_81)" [D:/studyapp_new/VIVADO/vivado201704/Vivado/2017.4/common/technology/autopilot/hls/hls_video_core.h:648->D:/studyapp_new/VIVADO/vivado201704/Vivado/2017.4/common/technology/autopilot/hls/hls_video_core.h:662->D:/studyapp_new/VIVADO/vivado201704/Vivado/2017.4/common/technology/autopilot/hls/hls_video_io.h:94->top.cpp:34]   --->   Core 32 'FIFO' <Latency = 0> <II = 1> <Delay = 3.63> <Storage> <Opcode : 'read' 'write' 'nbread' 'nbwrite'> <Ports = 0> <Width = 8> <Depth = 1> <FIFO>
ST_6 : Operation 76 [1/1] (0.00ns)   --->   "%empty_132 = call i32 (...)* @_ssdm_op_SpecRegionEnd([12 x i8]* @p_str57, i32 %tmp_30_i)" [D:/studyapp_new/VIVADO/vivado201704/Vivado/2017.4/common/technology/autopilot/hls/hls_video_core.h:650->D:/studyapp_new/VIVADO/vivado201704/Vivado/2017.4/common/technology/autopilot/hls/hls_video_core.h:662->D:/studyapp_new/VIVADO/vivado201704/Vivado/2017.4/common/technology/autopilot/hls/hls_video_io.h:94->top.cpp:34]
ST_6 : Operation 77 [1/1] (0.00ns)   --->   "%empty_133 = call i32 (...)* @_ssdm_op_SpecRegionEnd([11 x i8]* @p_str1531, i32 %tmp_25_i)" [D:/studyapp_new/VIVADO/vivado201704/Vivado/2017.4/common/technology/autopilot/hls/hls_video_io.h:95->top.cpp:34]
ST_6 : Operation 78 [1/1] (0.00ns)   --->   "br label %1" [D:/studyapp_new/VIVADO/vivado201704/Vivado/2017.4/common/technology/autopilot/hls/hls_video_io.h:73->top.cpp:34]

 <State 7> : 1.77ns
ST_7 : Operation 79 [1/1] (1.76ns)   --->   "br label %.preheader.i" [D:/studyapp_new/VIVADO/vivado201704/Vivado/2017.4/common/technology/autopilot/hls/hls_video_io.h:96->top.cpp:34]

 <State 8> : 0.93ns
ST_8 : Operation 80 [1/1] (0.00ns)   --->   "%eol_2_i = phi i1 [ %tmp_last_V_2, %4 ], [ %eol_i, %.preheader.i.preheader ]"
ST_8 : Operation 81 [2/2] (0.00ns)   --->   "%empty_134 = call { i32, i4, i4, i1, i1, i1, i1 } @_ssdm_op_Read.axis.volatile.i32P.i4P.i4P.i1P.i1P.i1P.i1P(i32* %input_V_data_V, i4* %input_V_keep_V, i4* %input_V_strb_V, i1* %input_V_user_V, i1* %input_V_last_V, i1* %input_V_id_V, i1* %input_V_dest_V)" [D:/studyapp_new/VIVADO/vivado201704/Vivado/2017.4/common/technology/autopilot/hls/hls_video_io.h:100->top.cpp:34]   --->   Core 5 'AXI4Stream' <Latency = 0> <II = 1> <Delay = 1.00> <Adapter> <Opcode : >

 <State 9> : 0.00ns
ST_9 : Operation 82 [1/1] (0.00ns)   --->   "%axi_last_V_3_i = phi i1 [ %tmp_last_V_2, %4 ], [ %eol, %.preheader.i.preheader ]"
ST_9 : Operation 83 [1/1] (0.00ns)   --->   "%axi_data_V_3_i = phi i32 [ %tmp_data_V_2, %4 ], [ %axi_data_V_1_i, %.preheader.i.preheader ]"
ST_9 : Operation 84 [1/1] (0.00ns)   --->   "br i1 %eol_2_i, label %5, label %4" [D:/studyapp_new/VIVADO/vivado201704/Vivado/2017.4/common/technology/autopilot/hls/hls_video_io.h:96->top.cpp:34]
ST_9 : Operation 85 [1/1] (0.00ns)   --->   "call void (...)* @_ssdm_op_SpecLoopName([18 x i8]* @p_str2642) nounwind" [D:/studyapp_new/VIVADO/vivado201704/Vivado/2017.4/common/technology/autopilot/hls/hls_video_io.h:96->top.cpp:34]
ST_9 : Operation 86 [1/1] (0.00ns)   --->   "%tmp_26_i = call i32 (...)* @_ssdm_op_SpecRegionBegin([18 x i8]* @p_str2642)" [D:/studyapp_new/VIVADO/vivado201704/Vivado/2017.4/common/technology/autopilot/hls/hls_video_io.h:96->top.cpp:34]
ST_9 : Operation 87 [1/1] (0.00ns)   --->   "call void (...)* @_ssdm_op_SpecPipeline(i32 1, i32 1, i32 1, i32 0, [1 x i8]* @p_str418) nounwind" [D:/studyapp_new/VIVADO/vivado201704/Vivado/2017.4/common/technology/autopilot/hls/hls_video_io.h:97->top.cpp:34]
ST_9 : Operation 88 [1/1] (0.00ns)   --->   "call void (...)* @_ssdm_op_SpecLoopTripCount(i32 0, i32 0, i32 0, [1 x i8]* @p_str418) nounwind" [D:/studyapp_new/VIVADO/vivado201704/Vivado/2017.4/common/technology/autopilot/hls/hls_video_io.h:98->top.cpp:34]
ST_9 : Operation 89 [1/2] (0.00ns)   --->   "%empty_134 = call { i32, i4, i4, i1, i1, i1, i1 } @_ssdm_op_Read.axis.volatile.i32P.i4P.i4P.i1P.i1P.i1P.i1P(i32* %input_V_data_V, i4* %input_V_keep_V, i4* %input_V_strb_V, i1* %input_V_user_V, i1* %input_V_last_V, i1* %input_V_id_V, i1* %input_V_dest_V)" [D:/studyapp_new/VIVADO/vivado201704/Vivado/2017.4/common/technology/autopilot/hls/hls_video_io.h:100->top.cpp:34]   --->   Core 5 'AXI4Stream' <Latency = 0> <II = 1> <Delay = 1.00> <Adapter> <Opcode : >
ST_9 : Operation 90 [1/1] (0.00ns)   --->   "%tmp_data_V_2 = extractvalue { i32, i4, i4, i1, i1, i1, i1 } %empty_134, 0" [D:/studyapp_new/VIVADO/vivado201704/Vivado/2017.4/common/technology/autopilot/hls/hls_video_io.h:100->top.cpp:34]
ST_9 : Operation 91 [1/1] (0.00ns)   --->   "%tmp_last_V_2 = extractvalue { i32, i4, i4, i1, i1, i1, i1 } %empty_134, 4" [D:/studyapp_new/VIVADO/vivado201704/Vivado/2017.4/common/technology/autopilot/hls/hls_video_io.h:100->top.cpp:34]
ST_9 : Operation 92 [1/1] (0.00ns)   --->   "%empty_135 = call i32 (...)* @_ssdm_op_SpecRegionEnd([18 x i8]* @p_str2642, i32 %tmp_26_i)" [D:/studyapp_new/VIVADO/vivado201704/Vivado/2017.4/common/technology/autopilot/hls/hls_video_io.h:103->top.cpp:34]
ST_9 : Operation 93 [1/1] (0.00ns)   --->   "br label %.preheader.i" [D:/studyapp_new/VIVADO/vivado201704/Vivado/2017.4/common/technology/autopilot/hls/hls_video_io.h:103->top.cpp:34]

 <State 10> : 0.00ns
ST_10 : Operation 94 [1/1] (0.00ns)   --->   "%empty_136 = call i32 (...)* @_ssdm_op_SpecRegionEnd([12 x i8]* @p_str1430, i32 %tmp_i_130)" [D:/studyapp_new/VIVADO/vivado201704/Vivado/2017.4/common/technology/autopilot/hls/hls_video_io.h:104->top.cpp:34]
ST_10 : Operation 95 [1/1] (0.00ns)   --->   "br label %.preheader186.i" [D:/studyapp_new/VIVADO/vivado201704/Vivado/2017.4/common/technology/autopilot/hls/hls_video_io.h:71->top.cpp:34]


============================================================
+ Verbose Summary: Timing violations
============================================================
Target clock period: 10ns, clock uncertainty: 1.25ns.

 <State 1>: 0ns
The critical path consists of the following:

 <State 2>: 0ns
The critical path consists of the following:

 <State 3>: 1.77ns
The critical path consists of the following:
	'alloca' operation ('sof_1_i') [36]  (0 ns)
	'store' operation of constant 1 on local variable 'sof_1_i' [37]  (1.77 ns)

 <State 4>: 2.7ns
The critical path consists of the following:
	'icmp' operation ('exitcond5_i', D:/studyapp_new/VIVADO/vivado201704/Vivado/2017.4/common/technology/autopilot/hls/hls_video_io.h:71->top.cpp:34) [43]  (1.77 ns)
	blocking operation 0.931 ns on control path)

 <State 5>: 2.59ns
The critical path consists of the following:
	'icmp' operation ('exitcond_i', D:/studyapp_new/VIVADO/vivado201704/Vivado/2017.4/common/technology/autopilot/hls/hls_video_io.h:73->top.cpp:34) [56]  (1.66 ns)
	blocking operation 0.931 ns on control path)

 <State 6>: 5.4ns
The critical path consists of the following:
	'phi' operation ('eol', D:/studyapp_new/VIVADO/vivado201704/Vivado/2017.4/common/technology/autopilot/hls/hls_video_io.h:100->top.cpp:34) with incoming values : ('tmp.last.V', D:/studyapp_new/VIVADO/vivado201704/Vivado/2017.4/common/technology/autopilot/hls/hls_video_io.h:68->top.cpp:34) ('tmp.last.V', D:/studyapp_new/VIVADO/vivado201704/Vivado/2017.4/common/technology/autopilot/hls/hls_video_io.h:81->top.cpp:34) ('tmp.last.V', D:/studyapp_new/VIVADO/vivado201704/Vivado/2017.4/common/technology/autopilot/hls/hls_video_io.h:100->top.cpp:34) [52]  (0 ns)
	multiplexor before 'phi' operation ('axi.data.V') with incoming values : ('tmp.data.V', D:/studyapp_new/VIVADO/vivado201704/Vivado/2017.4/common/technology/autopilot/hls/hls_video_io.h:68->top.cpp:34) ('tmp.data.V', D:/studyapp_new/VIVADO/vivado201704/Vivado/2017.4/common/technology/autopilot/hls/hls_video_io.h:81->top.cpp:34) ('tmp.data.V', D:/studyapp_new/VIVADO/vivado201704/Vivado/2017.4/common/technology/autopilot/hls/hls_video_io.h:100->top.cpp:34) [74]  (1.77 ns)
	'phi' operation ('axi.data.V') with incoming values : ('tmp.data.V', D:/studyapp_new/VIVADO/vivado201704/Vivado/2017.4/common/technology/autopilot/hls/hls_video_io.h:68->top.cpp:34) ('tmp.data.V', D:/studyapp_new/VIVADO/vivado201704/Vivado/2017.4/common/technology/autopilot/hls/hls_video_io.h:81->top.cpp:34) ('tmp.data.V', D:/studyapp_new/VIVADO/vivado201704/Vivado/2017.4/common/technology/autopilot/hls/hls_video_io.h:100->top.cpp:34) [74]  (0 ns)
	fifo write on port 'src_mat_data_stream_1' (D:/studyapp_new/VIVADO/vivado201704/Vivado/2017.4/common/technology/autopilot/hls/hls_video_core.h:648->D:/studyapp_new/VIVADO/vivado201704/Vivado/2017.4/common/technology/autopilot/hls/hls_video_core.h:662->D:/studyapp_new/VIVADO/vivado201704/Vivado/2017.4/common/technology/autopilot/hls/hls_video_io.h:94->top.cpp:34) [81]  (3.63 ns)

 <State 7>: 1.77ns
The critical path consists of the following:
	multiplexor before 'phi' operation ('axi.last.V') with incoming values : ('tmp.last.V', D:/studyapp_new/VIVADO/vivado201704/Vivado/2017.4/common/technology/autopilot/hls/hls_video_io.h:68->top.cpp:34) ('tmp.last.V', D:/studyapp_new/VIVADO/vivado201704/Vivado/2017.4/common/technology/autopilot/hls/hls_video_io.h:81->top.cpp:34) ('tmp.last.V', D:/studyapp_new/VIVADO/vivado201704/Vivado/2017.4/common/technology/autopilot/hls/hls_video_io.h:100->top.cpp:34) [90]  (1.77 ns)

 <State 8>: 0.931ns
The critical path consists of the following:
	'phi' operation ('axi.last.V') with incoming values : ('tmp.last.V', D:/studyapp_new/VIVADO/vivado201704/Vivado/2017.4/common/technology/autopilot/hls/hls_video_io.h:68->top.cpp:34) ('tmp.last.V', D:/studyapp_new/VIVADO/vivado201704/Vivado/2017.4/common/technology/autopilot/hls/hls_video_io.h:81->top.cpp:34) ('tmp.last.V', D:/studyapp_new/VIVADO/vivado201704/Vivado/2017.4/common/technology/autopilot/hls/hls_video_io.h:100->top.cpp:34) [92]  (0 ns)
	blocking operation 0.931 ns on control path)

 <State 9>: 0ns
The critical path consists of the following:

 <State 10>: 0ns
The critical path consists of the following:


============================================================
+ Verbose Summary: Binding
============================================================
N/A
* FSMD analyzer results:
  - Output states:
 - Input state : 
  - Chain level:
	State 1
	State 2
	State 3
	State 4
	State 5
	State 6
	State 7
	State 8
	State 9
	State 10


============================================================
+ Verbose Summary: Datapath Resource usage 
============================================================
N/A
