

================================================================
== Vivado HLS Report for 'Dilate'
================================================================
* Date:           Tue Mar 24 00:12:45 2020

* Version:        2017.4 (Build 2086221 on Fri Dec 15 21:13:33 MST 2017)
* Project:        YCrCbGuass
* Solution:       solution1
* Product family: zynq
* Target device:  xc7z020clg484-1


================================================================
== Performance Estimates
================================================================
+ Timing (ns): 
    * Summary: 
    +--------+-------+----------+------------+
    |  Clock | Target| Estimated| Uncertainty|
    +--------+-------+----------+------------+
    |ap_clk  |  10.00|      8.17|        1.25|
    +--------+-------+----------+------------+

+ Latency (clock cycles): 
    * Summary: 
    +--------+--------+--------+--------+---------+
    |     Latency     |     Interval    | Pipeline|
    |   min  |   max  |   min  |   max  |   Type  |
    +--------+--------+--------+--------+---------+
    |  353781|  353781|  353781|  353781|   none  |
    +--------+--------+--------+--------+---------+

    + Detail: 
        * Instance: 
        N/A

        * Loop: 
        +---------------+--------+--------+----------+-----------+-----------+------+----------+
        |               |     Latency     | Iteration|  Initiation Interval  | Trip |          |
        |   Loop Name   |   min  |   max  |  Latency |  achieved |   target  | Count| Pipelined|
        +---------------+--------+--------+----------+-----------+-----------+------+----------+
        |- loop_height  |  353780|  353780|       490|          -|          -|   722|    no    |
        | + loop_width  |     487|     487|         7|          1|          1|   482|    yes   |
        +---------------+--------+--------+----------+-----------+-----------+------+----------+

============================================================
+ Verbose Summary: Synthesis Manager
============================================================
InlineROM: 1
ExposeGlobal: 0
============================================================
+ Verbose Summary: CDFG Model
============================================================
IsTopModel: 0
ResetActiveHigh: 1
IsCombinational: 2
IsDatapathOnly: 0
HasWiredReturn: 1
HasMFsm: 0
HasVarLatency: 1
IsPipeline: 0
IsRtlPipelined: 0
IsInstanceOverlapped: 0
IsDontTouch: 0
HasImplIP: 0
IsGatedGlobalClock: 0

+ Individual pipeline summary: 
  * Pipeline-0: initiation interval (II) = 1, depth = 7


============================================================
+ Verbose Summary: Schedule
============================================================
* Number of FSM states : 10
* Pipeline : 1
  Pipeline-0 : II = 1, D = 7, States = { 3 4 5 6 7 8 9 }
* Dataflow Pipeline: 0

* FSM state transitions: 
1 --> 
	2  / true
2 --> 
	3  / (!exitcond389_i_i)
3 --> 
	10  / (exitcond388_i_i)
	4  / (!exitcond388_i_i)
4 --> 
	5  / true
5 --> 
	6  / true
6 --> 
	7  / true
7 --> 
	8  / true
8 --> 
	9  / true
9 --> 
	3  / true
10 --> 
	2  / true

* FSM state operations: 

 <State 1> : 1.77ns
ST_1 : Operation 11 [1/1] (0.00ns)   --->   "%src_kernel_win_0_va = alloca i8"
ST_1 : Operation 12 [1/1] (0.00ns)   --->   "%src_kernel_win_0_va_19 = alloca i8"
ST_1 : Operation 13 [1/1] (0.00ns)   --->   "%src_kernel_win_0_va_20 = alloca i8"
ST_1 : Operation 14 [1/1] (0.00ns)   --->   "%src_kernel_win_0_va_21 = alloca i8"
ST_1 : Operation 15 [1/1] (0.00ns)   --->   "%src_kernel_win_0_va_22 = alloca i8"
ST_1 : Operation 16 [1/1] (0.00ns)   --->   "%src_kernel_win_0_va_23 = alloca i8"
ST_1 : Operation 17 [1/1] (0.00ns)   --->   "%src_kernel_win_0_va_24 = alloca i8"
ST_1 : Operation 18 [1/1] (0.00ns)   --->   "%right_border_buf_0_s = alloca i8"
ST_1 : Operation 19 [1/1] (0.00ns)   --->   "%right_border_buf_0_4 = alloca i8"
ST_1 : Operation 20 [1/1] (0.00ns)   --->   "call void (...)* @_ssdm_op_SpecInterface(i8* %p_src_data_stream_V, [8 x i8]* @ap_fifo_str, i32 0, i32 0, [1 x i8]* @p_str, i32 0, i32 0, [1 x i8]* @p_str, [1 x i8]* @p_str, [1 x i8]* @p_str, i32 2, i32 2, i32 16, i32 16, [1 x i8]* @p_str, [1 x i8]* @p_str)"
ST_1 : Operation 21 [1/1] (0.00ns)   --->   "call void (...)* @_ssdm_op_SpecInterface(i8* %p_dst_data_stream_V, [8 x i8]* @ap_fifo_str, i32 0, i32 0, [1 x i8]* @p_str, i32 0, i32 0, [1 x i8]* @p_str, [1 x i8]* @p_str, [1 x i8]* @p_str, i32 2, i32 2, i32 16, i32 16, [1 x i8]* @p_str, [1 x i8]* @p_str)"
ST_1 : Operation 22 [1/1] (0.00ns)   --->   "%k_buf_0_val_3 = alloca [480 x i8], align 1" [D:/studyapp_new/VIVADO/vivado201704/Vivado/2017.4/common/technology/autopilot/hls/hls_video_imgproc.h:398->D:/studyapp_new/VIVADO/vivado201704/Vivado/2017.4/common/technology/autopilot/hls/hls_video_imgproc.h:1182->D:/studyapp_new/VIVADO/vivado201704/Vivado/2017.4/common/technology/autopilot/hls/hls_video_imgproc.h:1250]   --->   Core 37 'RAM' <Latency = 1> <II = 1> <Delay = 3.25> <Storage> <Opcode : 'load' 'store'> <Ports = 2> <Width = 8> <Depth = 480> <RAM>
ST_1 : Operation 23 [1/1] (0.00ns)   --->   "%k_buf_0_val_4 = alloca [480 x i8], align 1" [D:/studyapp_new/VIVADO/vivado201704/Vivado/2017.4/common/technology/autopilot/hls/hls_video_imgproc.h:398->D:/studyapp_new/VIVADO/vivado201704/Vivado/2017.4/common/technology/autopilot/hls/hls_video_imgproc.h:1182->D:/studyapp_new/VIVADO/vivado201704/Vivado/2017.4/common/technology/autopilot/hls/hls_video_imgproc.h:1250]   --->   Core 37 'RAM' <Latency = 1> <II = 1> <Delay = 3.25> <Storage> <Opcode : 'load' 'store'> <Ports = 2> <Width = 8> <Depth = 480> <RAM>
ST_1 : Operation 24 [1/1] (0.00ns)   --->   "%k_buf_0_val_5 = alloca [480 x i8], align 1" [D:/studyapp_new/VIVADO/vivado201704/Vivado/2017.4/common/technology/autopilot/hls/hls_video_imgproc.h:398->D:/studyapp_new/VIVADO/vivado201704/Vivado/2017.4/common/technology/autopilot/hls/hls_video_imgproc.h:1182->D:/studyapp_new/VIVADO/vivado201704/Vivado/2017.4/common/technology/autopilot/hls/hls_video_imgproc.h:1250]   --->   Core 37 'RAM' <Latency = 1> <II = 1> <Delay = 3.25> <Storage> <Opcode : 'load' 'store'> <Ports = 2> <Width = 8> <Depth = 480> <RAM>
ST_1 : Operation 25 [1/1] (0.00ns)   --->   "%rbegin_i_i_i = call i32 (...)* @_ssdm_op_SpecRegionBegin([63 x i8]* @hls_KD_KD_LineBuffe) nounwind"
ST_1 : Operation 26 [1/1] (0.00ns)   --->   "%rend_i_i_i_0 = call i32 (...)* @_ssdm_op_SpecRegionEnd([63 x i8]* @hls_KD_KD_LineBuffe, i32 %rbegin_i_i_i) nounwind"
ST_1 : Operation 27 [1/1] (1.76ns)   --->   "br label %0" [D:/studyapp_new/VIVADO/vivado201704/Vivado/2017.4/common/technology/autopilot/hls/hls_video_imgproc.h:441->D:/studyapp_new/VIVADO/vivado201704/Vivado/2017.4/common/technology/autopilot/hls/hls_video_imgproc.h:1182->D:/studyapp_new/VIVADO/vivado201704/Vivado/2017.4/common/technology/autopilot/hls/hls_video_imgproc.h:1250]

 <State 2> : 2.70ns
ST_2 : Operation 28 [1/1] (0.00ns)   --->   "%t_V = phi i10 [ 0, %._crit_edge.i.i ], [ %i_V, %5 ]"
ST_2 : Operation 29 [1/1] (1.77ns)   --->   "%exitcond389_i_i = icmp eq i10 %t_V, -302" [D:/studyapp_new/VIVADO/vivado201704/Vivado/2017.4/common/technology/autopilot/hls/hls_video_imgproc.h:441->D:/studyapp_new/VIVADO/vivado201704/Vivado/2017.4/common/technology/autopilot/hls/hls_video_imgproc.h:1182->D:/studyapp_new/VIVADO/vivado201704/Vivado/2017.4/common/technology/autopilot/hls/hls_video_imgproc.h:1250]   --->   Core 25 'Cmp' <Latency = 0> <II = 1> <Delay = 1.77> <FuncUnit> <Opcode : 'icmp'> <InPorts = 2> <OutPorts = 1>
ST_2 : Operation 30 [1/1] (0.00ns)   --->   "call void (...)* @_ssdm_op_SpecLoopTripCount(i64 722, i64 722, i64 722)"
ST_2 : Operation 31 [1/1] (1.95ns)   --->   "%i_V = add i10 %t_V, 1" [D:/studyapp_new/VIVADO/vivado201704/Vivado/2017.4/common/technology/autopilot/hls/hls_video_imgproc.h:441->D:/studyapp_new/VIVADO/vivado201704/Vivado/2017.4/common/technology/autopilot/hls/hls_video_imgproc.h:1182->D:/studyapp_new/VIVADO/vivado201704/Vivado/2017.4/common/technology/autopilot/hls/hls_video_imgproc.h:1250]   --->   Core 14 'AddSub' <Latency = 0> <II = 1> <Delay = 1.56> <FuncUnit> <Opcode : 'add' 'sub'> <InPorts = 2> <OutPorts = 1>
ST_2 : Operation 32 [1/1] (0.00ns)   --->   "br i1 %exitcond389_i_i, label %"morp_opr<dilate_kernel, BORDER_REPLICATE, 0, 0, 720, 480>.exit", label %1" [D:/studyapp_new/VIVADO/vivado201704/Vivado/2017.4/common/technology/autopilot/hls/hls_video_imgproc.h:441->D:/studyapp_new/VIVADO/vivado201704/Vivado/2017.4/common/technology/autopilot/hls/hls_video_imgproc.h:1182->D:/studyapp_new/VIVADO/vivado201704/Vivado/2017.4/common/technology/autopilot/hls/hls_video_imgproc.h:1250]
ST_2 : Operation 33 [1/1] (0.00ns)   --->   "call void (...)* @_ssdm_op_SpecLoopName([12 x i8]* @p_str27) nounwind" [D:/studyapp_new/VIVADO/vivado201704/Vivado/2017.4/common/technology/autopilot/hls/hls_video_imgproc.h:441->D:/studyapp_new/VIVADO/vivado201704/Vivado/2017.4/common/technology/autopilot/hls/hls_video_imgproc.h:1182->D:/studyapp_new/VIVADO/vivado201704/Vivado/2017.4/common/technology/autopilot/hls/hls_video_imgproc.h:1250]
ST_2 : Operation 34 [1/1] (0.00ns)   --->   "%tmp_11 = call i32 (...)* @_ssdm_op_SpecRegionBegin([12 x i8]* @p_str27)" [D:/studyapp_new/VIVADO/vivado201704/Vivado/2017.4/common/technology/autopilot/hls/hls_video_imgproc.h:441->D:/studyapp_new/VIVADO/vivado201704/Vivado/2017.4/common/technology/autopilot/hls/hls_video_imgproc.h:1182->D:/studyapp_new/VIVADO/vivado201704/Vivado/2017.4/common/technology/autopilot/hls/hls_video_imgproc.h:1250]
ST_2 : Operation 35 [1/1] (1.77ns)   --->   "%tmp_s = icmp ult i10 %t_V, -304" [D:/studyapp_new/VIVADO/vivado201704/Vivado/2017.4/common/technology/autopilot/hls/hls_video_imgproc.h:490->D:/studyapp_new/VIVADO/vivado201704/Vivado/2017.4/common/technology/autopilot/hls/hls_video_imgproc.h:1182->D:/studyapp_new/VIVADO/vivado201704/Vivado/2017.4/common/technology/autopilot/hls/hls_video_imgproc.h:1250]   --->   Core 25 'Cmp' <Latency = 0> <II = 1> <Delay = 1.77> <FuncUnit> <Opcode : 'icmp'> <InPorts = 2> <OutPorts = 1>
ST_2 : Operation 36 [1/1] (0.93ns)   --->   "%tmp_219_not = xor i1 %tmp_s, true" [D:/studyapp_new/VIVADO/vivado201704/Vivado/2017.4/common/technology/autopilot/hls/hls_video_imgproc.h:455->D:/studyapp_new/VIVADO/vivado201704/Vivado/2017.4/common/technology/autopilot/hls/hls_video_imgproc.h:1182->D:/studyapp_new/VIVADO/vivado201704/Vivado/2017.4/common/technology/autopilot/hls/hls_video_imgproc.h:1250]   --->   Core 27 'LogicGate' <Latency = 0> <II = 1> <Delay = 0.93> <FuncUnit> <Opcode : 'and' 'or' 'xor'> <InPorts = 2> <OutPorts = 1>
ST_2 : Operation 37 [1/1] (0.00ns)   --->   "%tmp = call i9 @_ssdm_op_PartSelect.i9.i10.i32.i32(i10 %t_V, i32 1, i32 9)" [D:/studyapp_new/VIVADO/vivado201704/Vivado/2017.4/common/technology/autopilot/hls/hls_video_imgproc.h:464->D:/studyapp_new/VIVADO/vivado201704/Vivado/2017.4/common/technology/autopilot/hls/hls_video_imgproc.h:1182->D:/studyapp_new/VIVADO/vivado201704/Vivado/2017.4/common/technology/autopilot/hls/hls_video_imgproc.h:1250]
ST_2 : Operation 38 [1/1] (1.66ns)   --->   "%icmp = icmp ne i9 %tmp, 0" [D:/studyapp_new/VIVADO/vivado201704/Vivado/2017.4/common/technology/autopilot/hls/hls_video_imgproc.h:464->D:/studyapp_new/VIVADO/vivado201704/Vivado/2017.4/common/technology/autopilot/hls/hls_video_imgproc.h:1182->D:/studyapp_new/VIVADO/vivado201704/Vivado/2017.4/common/technology/autopilot/hls/hls_video_imgproc.h:1250]   --->   Core 25 'Cmp' <Latency = 0> <II = 1> <Delay = 1.77> <FuncUnit> <Opcode : 'icmp'> <InPorts = 2> <OutPorts = 1>
ST_2 : Operation 39 [1/1] (1.77ns)   --->   "%tmp_13 = icmp eq i10 %t_V, 0" [D:/studyapp_new/VIVADO/vivado201704/Vivado/2017.4/common/technology/autopilot/hls/hls_video_imgproc.h:469->D:/studyapp_new/VIVADO/vivado201704/Vivado/2017.4/common/technology/autopilot/hls/hls_video_imgproc.h:1182->D:/studyapp_new/VIVADO/vivado201704/Vivado/2017.4/common/technology/autopilot/hls/hls_video_imgproc.h:1250]   --->   Core 25 'Cmp' <Latency = 0> <II = 1> <Delay = 1.77> <FuncUnit> <Opcode : 'icmp'> <InPorts = 2> <OutPorts = 1>
ST_2 : Operation 40 [1/1] (1.77ns)   --->   "%tmp_249_2 = icmp eq i10 %t_V, 1" [D:/studyapp_new/VIVADO/vivado201704/Vivado/2017.4/common/technology/autopilot/hls/hls_video_imgproc.h:469->D:/studyapp_new/VIVADO/vivado201704/Vivado/2017.4/common/technology/autopilot/hls/hls_video_imgproc.h:1182->D:/studyapp_new/VIVADO/vivado201704/Vivado/2017.4/common/technology/autopilot/hls/hls_video_imgproc.h:1250]   --->   Core 25 'Cmp' <Latency = 0> <II = 1> <Delay = 1.77> <FuncUnit> <Opcode : 'icmp'> <InPorts = 2> <OutPorts = 1>
ST_2 : Operation 41 [1/1] (1.77ns)   --->   "%tmp_14 = icmp ugt i10 %t_V, -304" [D:/studyapp_new/VIVADO/vivado201704/Vivado/2017.4/common/technology/autopilot/hls/hls_video_imgproc.h:500->D:/studyapp_new/VIVADO/vivado201704/Vivado/2017.4/common/technology/autopilot/hls/hls_video_imgproc.h:1182->D:/studyapp_new/VIVADO/vivado201704/Vivado/2017.4/common/technology/autopilot/hls/hls_video_imgproc.h:1250]   --->   Core 25 'Cmp' <Latency = 0> <II = 1> <Delay = 1.77> <FuncUnit> <Opcode : 'icmp'> <InPorts = 2> <OutPorts = 1>
ST_2 : Operation 42 [1/1] (0.00ns)   --->   "%tmp_54 = trunc i10 %t_V to i2" [D:/studyapp_new/VIVADO/vivado201704/Vivado/2017.4/common/technology/autopilot/hls/hls_video_imgproc.h:504->D:/studyapp_new/VIVADO/vivado201704/Vivado/2017.4/common/technology/autopilot/hls/hls_video_imgproc.h:1182->D:/studyapp_new/VIVADO/vivado201704/Vivado/2017.4/common/technology/autopilot/hls/hls_video_imgproc.h:1250]
ST_2 : Operation 43 [1/1] (0.93ns)   --->   "%row_assign_13_1_t = xor i2 %tmp_54, 1" [D:/studyapp_new/VIVADO/vivado201704/Vivado/2017.4/common/technology/autopilot/hls/hls_video_imgproc.h:505->D:/studyapp_new/VIVADO/vivado201704/Vivado/2017.4/common/technology/autopilot/hls/hls_video_imgproc.h:1182->D:/studyapp_new/VIVADO/vivado201704/Vivado/2017.4/common/technology/autopilot/hls/hls_video_imgproc.h:1250]   --->   Core 27 'LogicGate' <Latency = 0> <II = 1> <Delay = 0.93> <FuncUnit> <Opcode : 'and' 'or' 'xor'> <InPorts = 2> <OutPorts = 1>
ST_2 : Operation 44 [1/1] (1.56ns)   --->   "%row_assign_13_2_t = sub i2 -2, %tmp_54" [D:/studyapp_new/VIVADO/vivado201704/Vivado/2017.4/common/technology/autopilot/hls/hls_video_imgproc.h:505->D:/studyapp_new/VIVADO/vivado201704/Vivado/2017.4/common/technology/autopilot/hls/hls_video_imgproc.h:1182->D:/studyapp_new/VIVADO/vivado201704/Vivado/2017.4/common/technology/autopilot/hls/hls_video_imgproc.h:1250]   --->   Core 14 'AddSub' <Latency = 0> <II = 1> <Delay = 1.56> <FuncUnit> <Opcode : 'add' 'sub'> <InPorts = 2> <OutPorts = 1>
ST_2 : Operation 45 [1/1] (1.76ns)   --->   "br label %2" [D:/studyapp_new/VIVADO/vivado201704/Vivado/2017.4/common/technology/autopilot/hls/hls_video_imgproc.h:442->D:/studyapp_new/VIVADO/vivado201704/Vivado/2017.4/common/technology/autopilot/hls/hls_video_imgproc.h:1182->D:/studyapp_new/VIVADO/vivado201704/Vivado/2017.4/common/technology/autopilot/hls/hls_video_imgproc.h:1250]
ST_2 : Operation 46 [1/1] (0.00ns)   --->   "ret void" [D:/studyapp_new/VIVADO/vivado201704/Vivado/2017.4/common/technology/autopilot/hls/hls_video_imgproc.h:1251]

 <State 3> : 6.01ns
ST_3 : Operation 47 [1/1] (0.00ns)   --->   "%t_V_7 = phi i9 [ 0, %1 ], [ %j_V, %._crit_edge413.i.i ]"
ST_3 : Operation 48 [1/1] (0.00ns)   --->   "%t_V_7_cast = zext i9 %t_V_7 to i10" [D:/studyapp_new/VIVADO/vivado201704/Vivado/2017.4/common/technology/autopilot/hls/hls_video_imgproc.h:442->D:/studyapp_new/VIVADO/vivado201704/Vivado/2017.4/common/technology/autopilot/hls/hls_video_imgproc.h:1182->D:/studyapp_new/VIVADO/vivado201704/Vivado/2017.4/common/technology/autopilot/hls/hls_video_imgproc.h:1250]
ST_3 : Operation 49 [1/1] (1.66ns)   --->   "%exitcond388_i_i = icmp eq i9 %t_V_7, -30" [D:/studyapp_new/VIVADO/vivado201704/Vivado/2017.4/common/technology/autopilot/hls/hls_video_imgproc.h:442->D:/studyapp_new/VIVADO/vivado201704/Vivado/2017.4/common/technology/autopilot/hls/hls_video_imgproc.h:1182->D:/studyapp_new/VIVADO/vivado201704/Vivado/2017.4/common/technology/autopilot/hls/hls_video_imgproc.h:1250]   --->   Core 25 'Cmp' <Latency = 0> <II = 1> <Delay = 1.77> <FuncUnit> <Opcode : 'icmp'> <InPorts = 2> <OutPorts = 1>
ST_3 : Operation 50 [1/1] (0.00ns)   --->   "call void (...)* @_ssdm_op_SpecLoopTripCount(i64 482, i64 482, i64 482)"
ST_3 : Operation 51 [1/1] (1.93ns)   --->   "%j_V = add i9 %t_V_7, 1" [D:/studyapp_new/VIVADO/vivado201704/Vivado/2017.4/common/technology/autopilot/hls/hls_video_imgproc.h:442->D:/studyapp_new/VIVADO/vivado201704/Vivado/2017.4/common/technology/autopilot/hls/hls_video_imgproc.h:1182->D:/studyapp_new/VIVADO/vivado201704/Vivado/2017.4/common/technology/autopilot/hls/hls_video_imgproc.h:1250]   --->   Core 14 'AddSub' <Latency = 0> <II = 1> <Delay = 1.56> <FuncUnit> <Opcode : 'add' 'sub'> <InPorts = 2> <OutPorts = 1>
ST_3 : Operation 52 [1/1] (0.00ns)   --->   "br i1 %exitcond388_i_i, label %5, label %.critedge.i.i_ifconv" [D:/studyapp_new/VIVADO/vivado201704/Vivado/2017.4/common/technology/autopilot/hls/hls_video_imgproc.h:442->D:/studyapp_new/VIVADO/vivado201704/Vivado/2017.4/common/technology/autopilot/hls/hls_video_imgproc.h:1182->D:/studyapp_new/VIVADO/vivado201704/Vivado/2017.4/common/technology/autopilot/hls/hls_video_imgproc.h:1250]
ST_3 : Operation 53 [1/1] (0.00ns)   --->   "%tmp_55 = call i8 @_ssdm_op_PartSelect.i8.i9.i32.i32(i9 %t_V_7, i32 1, i32 8)" [D:/studyapp_new/VIVADO/vivado201704/Vivado/2017.4/common/technology/autopilot/hls/hls_video_imgproc.h:510->D:/studyapp_new/VIVADO/vivado201704/Vivado/2017.4/common/technology/autopilot/hls/hls_video_imgproc.h:1182->D:/studyapp_new/VIVADO/vivado201704/Vivado/2017.4/common/technology/autopilot/hls/hls_video_imgproc.h:1250]
ST_3 : Operation 54 [1/1] (1.55ns)   --->   "%icmp2 = icmp ne i8 %tmp_55, 0" [D:/studyapp_new/VIVADO/vivado201704/Vivado/2017.4/common/technology/autopilot/hls/hls_video_imgproc.h:510->D:/studyapp_new/VIVADO/vivado201704/Vivado/2017.4/common/technology/autopilot/hls/hls_video_imgproc.h:1182->D:/studyapp_new/VIVADO/vivado201704/Vivado/2017.4/common/technology/autopilot/hls/hls_video_imgproc.h:1250]   --->   Core 25 'Cmp' <Latency = 0> <II = 1> <Delay = 1.77> <FuncUnit> <Opcode : 'icmp'> <InPorts = 2> <OutPorts = 1>
ST_3 : Operation 55 [1/1] (1.93ns)   --->   "%ImagLoc_x = add i10 -1, %t_V_7_cast" [D:/studyapp_new/VIVADO/vivado201704/Vivado/2017.4/common/technology/autopilot/hls/hls_video_imgproc.h:449->D:/studyapp_new/VIVADO/vivado201704/Vivado/2017.4/common/technology/autopilot/hls/hls_video_imgproc.h:1182->D:/studyapp_new/VIVADO/vivado201704/Vivado/2017.4/common/technology/autopilot/hls/hls_video_imgproc.h:1250]   --->   Core 14 'AddSub' <Latency = 0> <II = 1> <Delay = 1.56> <FuncUnit> <Opcode : 'add' 'sub'> <InPorts = 2> <OutPorts = 1>
ST_3 : Operation 56 [1/1] (1.93ns)   --->   "%ImagLoc_x_cast = add i9 -1, %t_V_7" [D:/studyapp_new/VIVADO/vivado201704/Vivado/2017.4/common/technology/autopilot/hls/hls_video_imgproc.h:449->D:/studyapp_new/VIVADO/vivado201704/Vivado/2017.4/common/technology/autopilot/hls/hls_video_imgproc.h:1182->D:/studyapp_new/VIVADO/vivado201704/Vivado/2017.4/common/technology/autopilot/hls/hls_video_imgproc.h:1250]   --->   Core 14 'AddSub' <Latency = 0> <II = 1> <Delay = 1.56> <FuncUnit> <Opcode : 'add' 'sub'> <InPorts = 2> <OutPorts = 1>
ST_3 : Operation 57 [1/1] (0.00ns) (grouped into LUT with out node or_cond_i_i_i)   --->   "%tmp_56 = call i1 @_ssdm_op_BitSelect.i1.i10.i32(i10 %ImagLoc_x, i32 9)" [D:/studyapp_new/VIVADO/vivado201704/Vivado/2017.4/common/technology/autopilot/hls/hls_video_imgbase.h:118->D:/studyapp_new/VIVADO/vivado201704/Vivado/2017.4/common/technology/autopilot/hls/hls_video_imgproc.h:450->D:/studyapp_new/VIVADO/vivado201704/Vivado/2017.4/common/technology/autopilot/hls/hls_video_imgproc.h:1182->D:/studyapp_new/VIVADO/vivado201704/Vivado/2017.4/common/technology/autopilot/hls/hls_video_imgproc.h:1250]
ST_3 : Operation 58 [1/1] (0.00ns) (grouped into LUT with out node or_cond_i_i_i)   --->   "%rev = xor i1 %tmp_56, true" [D:/studyapp_new/VIVADO/vivado201704/Vivado/2017.4/common/technology/autopilot/hls/hls_video_imgbase.h:118->D:/studyapp_new/VIVADO/vivado201704/Vivado/2017.4/common/technology/autopilot/hls/hls_video_imgproc.h:450->D:/studyapp_new/VIVADO/vivado201704/Vivado/2017.4/common/technology/autopilot/hls/hls_video_imgproc.h:1182->D:/studyapp_new/VIVADO/vivado201704/Vivado/2017.4/common/technology/autopilot/hls/hls_video_imgproc.h:1250]   --->   Core 27 'LogicGate' <Latency = 0> <II = 1> <Delay = 0.93> <FuncUnit> <Opcode : 'and' 'or' 'xor'> <InPorts = 2> <OutPorts = 1>
ST_3 : Operation 59 [1/1] (1.77ns)   --->   "%tmp_18 = icmp slt i10 %ImagLoc_x, 480" [D:/studyapp_new/VIVADO/vivado201704/Vivado/2017.4/common/technology/autopilot/hls/hls_video_imgbase.h:118->D:/studyapp_new/VIVADO/vivado201704/Vivado/2017.4/common/technology/autopilot/hls/hls_video_imgproc.h:450->D:/studyapp_new/VIVADO/vivado201704/Vivado/2017.4/common/technology/autopilot/hls/hls_video_imgproc.h:1182->D:/studyapp_new/VIVADO/vivado201704/Vivado/2017.4/common/technology/autopilot/hls/hls_video_imgproc.h:1250]   --->   Core 25 'Cmp' <Latency = 0> <II = 1> <Delay = 1.77> <FuncUnit> <Opcode : 'icmp'> <InPorts = 2> <OutPorts = 1>
ST_3 : Operation 60 [1/1] (0.93ns) (out node of the LUT)   --->   "%or_cond_i_i_i = and i1 %tmp_18, %rev" [D:/studyapp_new/VIVADO/vivado201704/Vivado/2017.4/common/technology/autopilot/hls/hls_video_imgbase.h:118->D:/studyapp_new/VIVADO/vivado201704/Vivado/2017.4/common/technology/autopilot/hls/hls_video_imgproc.h:450->D:/studyapp_new/VIVADO/vivado201704/Vivado/2017.4/common/technology/autopilot/hls/hls_video_imgproc.h:1182->D:/studyapp_new/VIVADO/vivado201704/Vivado/2017.4/common/technology/autopilot/hls/hls_video_imgproc.h:1250]   --->   Core 27 'LogicGate' <Latency = 0> <II = 1> <Delay = 0.93> <FuncUnit> <Opcode : 'and' 'or' 'xor'> <InPorts = 2> <OutPorts = 1>
ST_3 : Operation 61 [1/1] (0.00ns) (grouped into LUT with out node x)   --->   "%tmp_57 = call i1 @_ssdm_op_BitSelect.i1.i10.i32(i10 %ImagLoc_x, i32 9)" [D:/studyapp_new/VIVADO/vivado201704/Vivado/2017.4/common/technology/autopilot/hls/hls_video_imgbase.h:121->D:/studyapp_new/VIVADO/vivado201704/Vivado/2017.4/common/technology/autopilot/hls/hls_video_imgproc.h:450->D:/studyapp_new/VIVADO/vivado201704/Vivado/2017.4/common/technology/autopilot/hls/hls_video_imgproc.h:1182->D:/studyapp_new/VIVADO/vivado201704/Vivado/2017.4/common/technology/autopilot/hls/hls_video_imgproc.h:1250]
ST_3 : Operation 62 [1/1] (0.00ns) (grouped into LUT with out node x)   --->   "%p_assign_2_cast_cast = select i1 %tmp_57, i9 0, i9 -33" [D:/studyapp_new/VIVADO/vivado201704/Vivado/2017.4/common/technology/autopilot/hls/hls_video_imgbase.h:121->D:/studyapp_new/VIVADO/vivado201704/Vivado/2017.4/common/technology/autopilot/hls/hls_video_imgproc.h:450->D:/studyapp_new/VIVADO/vivado201704/Vivado/2017.4/common/technology/autopilot/hls/hls_video_imgproc.h:1182->D:/studyapp_new/VIVADO/vivado201704/Vivado/2017.4/common/technology/autopilot/hls/hls_video_imgproc.h:1250]   --->   Core 26 'Sel' <Latency = 0> <II = 1> <Delay = 1.37> <FuncUnit> <Opcode : 'select'> <InPorts = 3> <OutPorts = 1>
ST_3 : Operation 63 [1/1] (1.37ns) (out node of the LUT)   --->   "%x = select i1 %or_cond_i_i_i, i9 %ImagLoc_x_cast, i9 %p_assign_2_cast_cast" [D:/studyapp_new/VIVADO/vivado201704/Vivado/2017.4/common/technology/autopilot/hls/hls_video_mem.h:634->D:/studyapp_new/VIVADO/vivado201704/Vivado/2017.4/common/technology/autopilot/hls/hls_video_mem.h:843->D:/studyapp_new/VIVADO/vivado201704/Vivado/2017.4/common/technology/autopilot/hls/hls_video_imgproc.h:470->D:/studyapp_new/VIVADO/vivado201704/Vivado/2017.4/common/technology/autopilot/hls/hls_video_imgproc.h:1182->D:/studyapp_new/VIVADO/vivado201704/Vivado/2017.4/common/technology/autopilot/hls/hls_video_imgproc.h:1250]   --->   Core 26 'Sel' <Latency = 0> <II = 1> <Delay = 1.37> <FuncUnit> <Opcode : 'select'> <InPorts = 3> <OutPorts = 1>
ST_3 : Operation 64 [1/1] (0.00ns)   --->   "%tmp_58 = trunc i9 %x to i2" [D:/studyapp_new/VIVADO/vivado201704/Vivado/2017.4/common/technology/autopilot/hls/hls_video_imgproc.h:456->D:/studyapp_new/VIVADO/vivado201704/Vivado/2017.4/common/technology/autopilot/hls/hls_video_imgproc.h:1182->D:/studyapp_new/VIVADO/vivado201704/Vivado/2017.4/common/technology/autopilot/hls/hls_video_imgproc.h:1250]
ST_3 : Operation 65 [1/1] (0.93ns)   --->   "%brmerge = or i1 %tmp_18, %tmp_219_not" [D:/studyapp_new/VIVADO/vivado201704/Vivado/2017.4/common/technology/autopilot/hls/hls_video_imgproc.h:455->D:/studyapp_new/VIVADO/vivado201704/Vivado/2017.4/common/technology/autopilot/hls/hls_video_imgproc.h:1182->D:/studyapp_new/VIVADO/vivado201704/Vivado/2017.4/common/technology/autopilot/hls/hls_video_imgproc.h:1250]   --->   Core 27 'LogicGate' <Latency = 0> <II = 1> <Delay = 0.93> <FuncUnit> <Opcode : 'and' 'or' 'xor'> <InPorts = 2> <OutPorts = 1>
ST_3 : Operation 66 [1/1] (0.00ns)   --->   "br i1 %or_cond_i_i_i, label %3, label %._crit_edge406.i.i_ifconv" [D:/studyapp_new/VIVADO/vivado201704/Vivado/2017.4/common/technology/autopilot/hls/hls_video_imgproc.h:463->D:/studyapp_new/VIVADO/vivado201704/Vivado/2017.4/common/technology/autopilot/hls/hls_video_imgproc.h:1182->D:/studyapp_new/VIVADO/vivado201704/Vivado/2017.4/common/technology/autopilot/hls/hls_video_imgproc.h:1250]
ST_3 : Operation 67 [1/1] (0.00ns)   --->   "br i1 %icmp, label %4, label %borderInterpolate.exit422.i.i.0" [D:/studyapp_new/VIVADO/vivado201704/Vivado/2017.4/common/technology/autopilot/hls/hls_video_imgproc.h:464->D:/studyapp_new/VIVADO/vivado201704/Vivado/2017.4/common/technology/autopilot/hls/hls_video_imgproc.h:1182->D:/studyapp_new/VIVADO/vivado201704/Vivado/2017.4/common/technology/autopilot/hls/hls_video_imgproc.h:1250]
ST_3 : Operation 68 [1/1] (0.00ns)   --->   "br i1 %tmp_13, label %"operator().exit464.i.i.0", label %._crit_edge408.i.i.1" [D:/studyapp_new/VIVADO/vivado201704/Vivado/2017.4/common/technology/autopilot/hls/hls_video_imgproc.h:469->D:/studyapp_new/VIVADO/vivado201704/Vivado/2017.4/common/technology/autopilot/hls/hls_video_imgproc.h:1182->D:/studyapp_new/VIVADO/vivado201704/Vivado/2017.4/common/technology/autopilot/hls/hls_video_imgproc.h:1250]
ST_3 : Operation 69 [1/1] (0.00ns)   --->   "br i1 %tmp_249_2, label %"operator().exit464.i.i.2", label %._crit_edge408.i.i.2" [D:/studyapp_new/VIVADO/vivado201704/Vivado/2017.4/common/technology/autopilot/hls/hls_video_imgproc.h:469->D:/studyapp_new/VIVADO/vivado201704/Vivado/2017.4/common/technology/autopilot/hls/hls_video_imgproc.h:1182->D:/studyapp_new/VIVADO/vivado201704/Vivado/2017.4/common/technology/autopilot/hls/hls_video_imgproc.h:1250]
ST_3 : Operation 70 [1/1] (0.00ns)   --->   "br label %._crit_edge406.i.i_ifconv"
ST_3 : Operation 71 [1/1] (0.00ns)   --->   "br i1 %tmp_s, label %.preheader390.i.i.preheader.0, label %._crit_edge406.i.i_ifconv" [D:/studyapp_new/VIVADO/vivado201704/Vivado/2017.4/common/technology/autopilot/hls/hls_video_imgproc.h:473->D:/studyapp_new/VIVADO/vivado201704/Vivado/2017.4/common/technology/autopilot/hls/hls_video_imgproc.h:1182->D:/studyapp_new/VIVADO/vivado201704/Vivado/2017.4/common/technology/autopilot/hls/hls_video_imgproc.h:1250]
ST_3 : Operation 72 [1/1] (0.93ns)   --->   "%or_cond_i_i = and i1 %icmp, %icmp2" [D:/studyapp_new/VIVADO/vivado201704/Vivado/2017.4/common/technology/autopilot/hls/hls_video_imgproc.h:510->D:/studyapp_new/VIVADO/vivado201704/Vivado/2017.4/common/technology/autopilot/hls/hls_video_imgproc.h:1182->D:/studyapp_new/VIVADO/vivado201704/Vivado/2017.4/common/technology/autopilot/hls/hls_video_imgproc.h:1250]   --->   Core 27 'LogicGate' <Latency = 0> <II = 1> <Delay = 0.93> <FuncUnit> <Opcode : 'and' 'or' 'xor'> <InPorts = 2> <OutPorts = 1>
ST_3 : Operation 73 [1/1] (0.00ns)   --->   "br i1 %or_cond_i_i, label %._crit_edge.i470.i.i.0.0, label %._crit_edge413.i.i" [D:/studyapp_new/VIVADO/vivado201704/Vivado/2017.4/common/technology/autopilot/hls/hls_video_imgproc.h:510->D:/studyapp_new/VIVADO/vivado201704/Vivado/2017.4/common/technology/autopilot/hls/hls_video_imgproc.h:1182->D:/studyapp_new/VIVADO/vivado201704/Vivado/2017.4/common/technology/autopilot/hls/hls_video_imgproc.h:1250]

 <State 4> : 3.25ns
ST_4 : Operation 74 [1/1] (0.00ns)   --->   "%tmp_19 = zext i9 %x to i64" [D:/studyapp_new/VIVADO/vivado201704/Vivado/2017.4/common/technology/autopilot/hls/hls_video_mem.h:835->D:/studyapp_new/VIVADO/vivado201704/Vivado/2017.4/common/technology/autopilot/hls/hls_video_mem.h:843->D:/studyapp_new/VIVADO/vivado201704/Vivado/2017.4/common/technology/autopilot/hls/hls_video_imgproc.h:458->D:/studyapp_new/VIVADO/vivado201704/Vivado/2017.4/common/technology/autopilot/hls/hls_video_imgproc.h:1182->D:/studyapp_new/VIVADO/vivado201704/Vivado/2017.4/common/technology/autopilot/hls/hls_video_imgproc.h:1250]
ST_4 : Operation 75 [1/1] (0.00ns)   --->   "%k_buf_0_val_3_addr = getelementptr [480 x i8]* %k_buf_0_val_3, i64 0, i64 %tmp_19" [D:/studyapp_new/VIVADO/vivado201704/Vivado/2017.4/common/technology/autopilot/hls/hls_video_mem.h:835->D:/studyapp_new/VIVADO/vivado201704/Vivado/2017.4/common/technology/autopilot/hls/hls_video_mem.h:843->D:/studyapp_new/VIVADO/vivado201704/Vivado/2017.4/common/technology/autopilot/hls/hls_video_imgproc.h:458->D:/studyapp_new/VIVADO/vivado201704/Vivado/2017.4/common/technology/autopilot/hls/hls_video_imgproc.h:1182->D:/studyapp_new/VIVADO/vivado201704/Vivado/2017.4/common/technology/autopilot/hls/hls_video_imgproc.h:1250]
ST_4 : Operation 76 [2/2] (3.25ns)   --->   "%k_buf_0_val_3_load = load i8* %k_buf_0_val_3_addr, align 1" [D:/studyapp_new/VIVADO/vivado201704/Vivado/2017.4/common/technology/autopilot/hls/hls_video_imgproc.h:458->D:/studyapp_new/VIVADO/vivado201704/Vivado/2017.4/common/technology/autopilot/hls/hls_video_imgproc.h:1182->D:/studyapp_new/VIVADO/vivado201704/Vivado/2017.4/common/technology/autopilot/hls/hls_video_imgproc.h:1250]   --->   Core 37 'RAM' <Latency = 1> <II = 1> <Delay = 3.25> <Storage> <Opcode : 'load' 'store'> <Ports = 2> <Width = 8> <Depth = 480> <RAM>
ST_4 : Operation 77 [1/1] (0.00ns)   --->   "%k_buf_0_val_4_addr = getelementptr [480 x i8]* %k_buf_0_val_4, i64 0, i64 %tmp_19" [D:/studyapp_new/VIVADO/vivado201704/Vivado/2017.4/common/technology/autopilot/hls/hls_video_mem.h:835->D:/studyapp_new/VIVADO/vivado201704/Vivado/2017.4/common/technology/autopilot/hls/hls_video_mem.h:843->D:/studyapp_new/VIVADO/vivado201704/Vivado/2017.4/common/technology/autopilot/hls/hls_video_imgproc.h:458->D:/studyapp_new/VIVADO/vivado201704/Vivado/2017.4/common/technology/autopilot/hls/hls_video_imgproc.h:1182->D:/studyapp_new/VIVADO/vivado201704/Vivado/2017.4/common/technology/autopilot/hls/hls_video_imgproc.h:1250]
ST_4 : Operation 78 [2/2] (3.25ns)   --->   "%k_buf_0_val_4_load = load i8* %k_buf_0_val_4_addr, align 1" [D:/studyapp_new/VIVADO/vivado201704/Vivado/2017.4/common/technology/autopilot/hls/hls_video_imgproc.h:458->D:/studyapp_new/VIVADO/vivado201704/Vivado/2017.4/common/technology/autopilot/hls/hls_video_imgproc.h:1182->D:/studyapp_new/VIVADO/vivado201704/Vivado/2017.4/common/technology/autopilot/hls/hls_video_imgproc.h:1250]   --->   Core 37 'RAM' <Latency = 1> <II = 1> <Delay = 3.25> <Storage> <Opcode : 'load' 'store'> <Ports = 2> <Width = 8> <Depth = 480> <RAM>
ST_4 : Operation 79 [1/1] (0.00ns)   --->   "%k_buf_0_val_5_addr = getelementptr [480 x i8]* %k_buf_0_val_5, i64 0, i64 %tmp_19" [D:/studyapp_new/VIVADO/vivado201704/Vivado/2017.4/common/technology/autopilot/hls/hls_video_mem.h:835->D:/studyapp_new/VIVADO/vivado201704/Vivado/2017.4/common/technology/autopilot/hls/hls_video_mem.h:843->D:/studyapp_new/VIVADO/vivado201704/Vivado/2017.4/common/technology/autopilot/hls/hls_video_imgproc.h:458->D:/studyapp_new/VIVADO/vivado201704/Vivado/2017.4/common/technology/autopilot/hls/hls_video_imgproc.h:1182->D:/studyapp_new/VIVADO/vivado201704/Vivado/2017.4/common/technology/autopilot/hls/hls_video_imgproc.h:1250]
ST_4 : Operation 80 [2/2] (3.25ns)   --->   "%k_buf_0_val_5_load = load i8* %k_buf_0_val_5_addr, align 1" [D:/studyapp_new/VIVADO/vivado201704/Vivado/2017.4/common/technology/autopilot/hls/hls_video_imgproc.h:458->D:/studyapp_new/VIVADO/vivado201704/Vivado/2017.4/common/technology/autopilot/hls/hls_video_imgproc.h:1182->D:/studyapp_new/VIVADO/vivado201704/Vivado/2017.4/common/technology/autopilot/hls/hls_video_imgproc.h:1250]   --->   Core 37 'RAM' <Latency = 1> <II = 1> <Delay = 3.25> <Storage> <Opcode : 'load' 'store'> <Ports = 2> <Width = 8> <Depth = 480> <RAM>

 <State 5> : 8.17ns
ST_5 : Operation 81 [1/1] (0.00ns)   --->   "%src_kernel_win_0_va_25 = load i8* %src_kernel_win_0_va_24"
ST_5 : Operation 82 [1/1] (0.00ns)   --->   "%right_border_buf_0_5 = load i8* %right_border_buf_0_s"
ST_5 : Operation 83 [1/1] (0.00ns)   --->   "%right_border_buf_0_6 = load i8* %right_border_buf_0_4"
ST_5 : Operation 84 [1/2] (3.25ns)   --->   "%k_buf_0_val_3_load = load i8* %k_buf_0_val_3_addr, align 1" [D:/studyapp_new/VIVADO/vivado201704/Vivado/2017.4/common/technology/autopilot/hls/hls_video_imgproc.h:458->D:/studyapp_new/VIVADO/vivado201704/Vivado/2017.4/common/technology/autopilot/hls/hls_video_imgproc.h:1182->D:/studyapp_new/VIVADO/vivado201704/Vivado/2017.4/common/technology/autopilot/hls/hls_video_imgproc.h:1250]   --->   Core 37 'RAM' <Latency = 1> <II = 1> <Delay = 3.25> <Storage> <Opcode : 'load' 'store'> <Ports = 2> <Width = 8> <Depth = 480> <RAM>
ST_5 : Operation 85 [1/1] (0.93ns)   --->   "%col_assign_2_t = xor i2 %tmp_58, -1" [D:/studyapp_new/VIVADO/vivado201704/Vivado/2017.4/common/technology/autopilot/hls/hls_video_imgproc.h:456->D:/studyapp_new/VIVADO/vivado201704/Vivado/2017.4/common/technology/autopilot/hls/hls_video_imgproc.h:1182->D:/studyapp_new/VIVADO/vivado201704/Vivado/2017.4/common/technology/autopilot/hls/hls_video_imgproc.h:1250]   --->   Core 27 'LogicGate' <Latency = 0> <II = 1> <Delay = 0.93> <FuncUnit> <Opcode : 'and' 'or' 'xor'> <InPorts = 2> <OutPorts = 1>
ST_5 : Operation 86 [1/1] (0.00ns) (grouped into LUT with out node col_buf_0_val_0_0)   --->   "%tmp_35 = call i8 @_ssdm_op_Mux.ap_auto.3i8.i2(i8 %src_kernel_win_0_va_25, i8 undef, i8 undef, i2 %col_assign_2_t)" [D:/studyapp_new/VIVADO/vivado201704/Vivado/2017.4/common/technology/autopilot/hls/hls_video_imgproc.h:456->D:/studyapp_new/VIVADO/vivado201704/Vivado/2017.4/common/technology/autopilot/hls/hls_video_imgproc.h:1182->D:/studyapp_new/VIVADO/vivado201704/Vivado/2017.4/common/technology/autopilot/hls/hls_video_imgproc.h:1250]   --->   Core 31 'MuxnS' <Latency = 0> <II = 1> <Delay = 1.77> <FuncUnit> <Opcode : 'mux'> <InPorts = 2> <OutPorts = 1>
ST_5 : Operation 87 [1/1] (1.77ns) (out node of the LUT)   --->   "%col_buf_0_val_0_0 = select i1 %brmerge, i8 %k_buf_0_val_3_load, i8 %tmp_35" [D:/studyapp_new/VIVADO/vivado201704/Vivado/2017.4/common/technology/autopilot/hls/hls_video_imgproc.h:456->D:/studyapp_new/VIVADO/vivado201704/Vivado/2017.4/common/technology/autopilot/hls/hls_video_imgproc.h:1182->D:/studyapp_new/VIVADO/vivado201704/Vivado/2017.4/common/technology/autopilot/hls/hls_video_imgproc.h:1250]   --->   Core 26 'Sel' <Latency = 0> <II = 1> <Delay = 1.37> <FuncUnit> <Opcode : 'select'> <InPorts = 3> <OutPorts = 1>
ST_5 : Operation 88 [1/2] (3.25ns)   --->   "%k_buf_0_val_4_load = load i8* %k_buf_0_val_4_addr, align 1" [D:/studyapp_new/VIVADO/vivado201704/Vivado/2017.4/common/technology/autopilot/hls/hls_video_imgproc.h:458->D:/studyapp_new/VIVADO/vivado201704/Vivado/2017.4/common/technology/autopilot/hls/hls_video_imgproc.h:1182->D:/studyapp_new/VIVADO/vivado201704/Vivado/2017.4/common/technology/autopilot/hls/hls_video_imgproc.h:1250]   --->   Core 37 'RAM' <Latency = 1> <II = 1> <Delay = 3.25> <Storage> <Opcode : 'load' 'store'> <Ports = 2> <Width = 8> <Depth = 480> <RAM>
ST_5 : Operation 89 [1/1] (0.00ns) (grouped into LUT with out node col_buf_0_val_1_0)   --->   "%tmp_36 = call i8 @_ssdm_op_Mux.ap_auto.3i8.i2(i8 %right_border_buf_0_6, i8 undef, i8 undef, i2 %col_assign_2_t)" [D:/studyapp_new/VIVADO/vivado201704/Vivado/2017.4/common/technology/autopilot/hls/hls_video_imgproc.h:456->D:/studyapp_new/VIVADO/vivado201704/Vivado/2017.4/common/technology/autopilot/hls/hls_video_imgproc.h:1182->D:/studyapp_new/VIVADO/vivado201704/Vivado/2017.4/common/technology/autopilot/hls/hls_video_imgproc.h:1250]   --->   Core 31 'MuxnS' <Latency = 0> <II = 1> <Delay = 1.77> <FuncUnit> <Opcode : 'mux'> <InPorts = 2> <OutPorts = 1>
ST_5 : Operation 90 [1/1] (1.77ns) (out node of the LUT)   --->   "%col_buf_0_val_1_0 = select i1 %brmerge, i8 %k_buf_0_val_4_load, i8 %tmp_36" [D:/studyapp_new/VIVADO/vivado201704/Vivado/2017.4/common/technology/autopilot/hls/hls_video_imgproc.h:456->D:/studyapp_new/VIVADO/vivado201704/Vivado/2017.4/common/technology/autopilot/hls/hls_video_imgproc.h:1182->D:/studyapp_new/VIVADO/vivado201704/Vivado/2017.4/common/technology/autopilot/hls/hls_video_imgproc.h:1250]   --->   Core 26 'Sel' <Latency = 0> <II = 1> <Delay = 1.37> <FuncUnit> <Opcode : 'select'> <InPorts = 3> <OutPorts = 1>
ST_5 : Operation 91 [1/2] (3.25ns)   --->   "%k_buf_0_val_5_load = load i8* %k_buf_0_val_5_addr, align 1" [D:/studyapp_new/VIVADO/vivado201704/Vivado/2017.4/common/technology/autopilot/hls/hls_video_imgproc.h:458->D:/studyapp_new/VIVADO/vivado201704/Vivado/2017.4/common/technology/autopilot/hls/hls_video_imgproc.h:1182->D:/studyapp_new/VIVADO/vivado201704/Vivado/2017.4/common/technology/autopilot/hls/hls_video_imgproc.h:1250]   --->   Core 37 'RAM' <Latency = 1> <II = 1> <Delay = 3.25> <Storage> <Opcode : 'load' 'store'> <Ports = 2> <Width = 8> <Depth = 480> <RAM>
ST_5 : Operation 92 [1/1] (0.00ns) (grouped into LUT with out node col_buf_0_val_2_0)   --->   "%tmp_37 = call i8 @_ssdm_op_Mux.ap_auto.3i8.i2(i8 %right_border_buf_0_5, i8 undef, i8 undef, i2 %col_assign_2_t)" [D:/studyapp_new/VIVADO/vivado201704/Vivado/2017.4/common/technology/autopilot/hls/hls_video_imgproc.h:456->D:/studyapp_new/VIVADO/vivado201704/Vivado/2017.4/common/technology/autopilot/hls/hls_video_imgproc.h:1182->D:/studyapp_new/VIVADO/vivado201704/Vivado/2017.4/common/technology/autopilot/hls/hls_video_imgproc.h:1250]   --->   Core 31 'MuxnS' <Latency = 0> <II = 1> <Delay = 1.77> <FuncUnit> <Opcode : 'mux'> <InPorts = 2> <OutPorts = 1>
ST_5 : Operation 93 [1/1] (1.77ns) (out node of the LUT)   --->   "%col_buf_0_val_2_0 = select i1 %brmerge, i8 %k_buf_0_val_5_load, i8 %tmp_37" [D:/studyapp_new/VIVADO/vivado201704/Vivado/2017.4/common/technology/autopilot/hls/hls_video_imgproc.h:456->D:/studyapp_new/VIVADO/vivado201704/Vivado/2017.4/common/technology/autopilot/hls/hls_video_imgproc.h:1182->D:/studyapp_new/VIVADO/vivado201704/Vivado/2017.4/common/technology/autopilot/hls/hls_video_imgproc.h:1250]   --->   Core 26 'Sel' <Latency = 0> <II = 1> <Delay = 1.37> <FuncUnit> <Opcode : 'select'> <InPorts = 3> <OutPorts = 1>
ST_5 : Operation 94 [1/1] (3.63ns)   --->   "%tmp_61 = call i8 @_ssdm_op_Read.ap_fifo.volatile.i8P(i8* %p_src_data_stream_V)" [D:/studyapp_new/VIVADO/vivado201704/Vivado/2017.4/common/technology/autopilot/hls/hls_video_imgproc.h:466->D:/studyapp_new/VIVADO/vivado201704/Vivado/2017.4/common/technology/autopilot/hls/hls_video_imgproc.h:1182->D:/studyapp_new/VIVADO/vivado201704/Vivado/2017.4/common/technology/autopilot/hls/hls_video_imgproc.h:1250]   --->   Core 32 'FIFO' <Latency = 0> <II = 1> <Delay = 3.63> <Storage> <Opcode : 'read' 'write' 'nbread' 'nbwrite'> <Ports = 0> <Width = 8> <Depth = 1> <FIFO>
ST_5 : Operation 95 [1/1] (3.25ns)   --->   "store i8 %tmp_61, i8* %k_buf_0_val_5_addr, align 1" [D:/studyapp_new/VIVADO/vivado201704/Vivado/2017.4/common/technology/autopilot/hls/hls_video_imgproc.h:470->D:/studyapp_new/VIVADO/vivado201704/Vivado/2017.4/common/technology/autopilot/hls/hls_video_imgproc.h:1182->D:/studyapp_new/VIVADO/vivado201704/Vivado/2017.4/common/technology/autopilot/hls/hls_video_imgproc.h:1250]   --->   Core 37 'RAM' <Latency = 1> <II = 1> <Delay = 3.25> <Storage> <Opcode : 'load' 'store'> <Ports = 2> <Width = 8> <Depth = 480> <RAM>
ST_5 : Operation 96 [1/1] (3.25ns)   --->   "store i8 %tmp_61, i8* %k_buf_0_val_4_addr, align 1" [D:/studyapp_new/VIVADO/vivado201704/Vivado/2017.4/common/technology/autopilot/hls/hls_video_imgproc.h:470->D:/studyapp_new/VIVADO/vivado201704/Vivado/2017.4/common/technology/autopilot/hls/hls_video_imgproc.h:1182->D:/studyapp_new/VIVADO/vivado201704/Vivado/2017.4/common/technology/autopilot/hls/hls_video_imgproc.h:1250]   --->   Core 37 'RAM' <Latency = 1> <II = 1> <Delay = 3.25> <Storage> <Opcode : 'load' 'store'> <Ports = 2> <Width = 8> <Depth = 480> <RAM>
ST_5 : Operation 97 [1/1] (0.00ns)   --->   "br label %._crit_edge408.i.i.1" [D:/studyapp_new/VIVADO/vivado201704/Vivado/2017.4/common/technology/autopilot/hls/hls_video_imgproc.h:471->D:/studyapp_new/VIVADO/vivado201704/Vivado/2017.4/common/technology/autopilot/hls/hls_video_imgproc.h:1182->D:/studyapp_new/VIVADO/vivado201704/Vivado/2017.4/common/technology/autopilot/hls/hls_video_imgproc.h:1250]
ST_5 : Operation 98 [1/1] (3.25ns)   --->   "store i8 %tmp_61, i8* %k_buf_0_val_3_addr, align 1" [D:/studyapp_new/VIVADO/vivado201704/Vivado/2017.4/common/technology/autopilot/hls/hls_video_imgproc.h:470->D:/studyapp_new/VIVADO/vivado201704/Vivado/2017.4/common/technology/autopilot/hls/hls_video_imgproc.h:1182->D:/studyapp_new/VIVADO/vivado201704/Vivado/2017.4/common/technology/autopilot/hls/hls_video_imgproc.h:1250]   --->   Core 37 'RAM' <Latency = 1> <II = 1> <Delay = 3.25> <Storage> <Opcode : 'load' 'store'> <Ports = 2> <Width = 8> <Depth = 480> <RAM>
ST_5 : Operation 99 [1/1] (0.00ns)   --->   "br label %._crit_edge408.i.i.2" [D:/studyapp_new/VIVADO/vivado201704/Vivado/2017.4/common/technology/autopilot/hls/hls_video_imgproc.h:471->D:/studyapp_new/VIVADO/vivado201704/Vivado/2017.4/common/technology/autopilot/hls/hls_video_imgproc.h:1182->D:/studyapp_new/VIVADO/vivado201704/Vivado/2017.4/common/technology/autopilot/hls/hls_video_imgproc.h:1250]
ST_5 : Operation 100 [1/1] (3.25ns)   --->   "store i8 %k_buf_0_val_4_load, i8* %k_buf_0_val_5_addr, align 1" [D:/studyapp_new/VIVADO/vivado201704/Vivado/2017.4/common/technology/autopilot/hls/hls_video_imgproc.h:487->D:/studyapp_new/VIVADO/vivado201704/Vivado/2017.4/common/technology/autopilot/hls/hls_video_imgproc.h:1182->D:/studyapp_new/VIVADO/vivado201704/Vivado/2017.4/common/technology/autopilot/hls/hls_video_imgproc.h:1250]   --->   Core 37 'RAM' <Latency = 1> <II = 1> <Delay = 3.25> <Storage> <Opcode : 'load' 'store'> <Ports = 2> <Width = 8> <Depth = 480> <RAM>
ST_5 : Operation 101 [1/1] (3.25ns)   --->   "store i8 %k_buf_0_val_3_load, i8* %k_buf_0_val_4_addr, align 1" [D:/studyapp_new/VIVADO/vivado201704/Vivado/2017.4/common/technology/autopilot/hls/hls_video_imgproc.h:487->D:/studyapp_new/VIVADO/vivado201704/Vivado/2017.4/common/technology/autopilot/hls/hls_video_imgproc.h:1182->D:/studyapp_new/VIVADO/vivado201704/Vivado/2017.4/common/technology/autopilot/hls/hls_video_imgproc.h:1250]   --->   Core 37 'RAM' <Latency = 1> <II = 1> <Delay = 3.25> <Storage> <Opcode : 'load' 'store'> <Ports = 2> <Width = 8> <Depth = 480> <RAM>
ST_5 : Operation 102 [1/1] (3.63ns)   --->   "%tmp_60 = call i8 @_ssdm_op_Read.ap_fifo.volatile.i8P(i8* %p_src_data_stream_V)" [D:/studyapp_new/VIVADO/vivado201704/Vivado/2017.4/common/technology/autopilot/hls/hls_video_imgproc.h:491->D:/studyapp_new/VIVADO/vivado201704/Vivado/2017.4/common/technology/autopilot/hls/hls_video_imgproc.h:1182->D:/studyapp_new/VIVADO/vivado201704/Vivado/2017.4/common/technology/autopilot/hls/hls_video_imgproc.h:1250]   --->   Core 32 'FIFO' <Latency = 0> <II = 1> <Delay = 3.63> <Storage> <Opcode : 'read' 'write' 'nbread' 'nbwrite'> <Ports = 0> <Width = 8> <Depth = 1> <FIFO>
ST_5 : Operation 103 [1/1] (3.25ns)   --->   "store i8 %tmp_60, i8* %k_buf_0_val_3_addr, align 1" [D:/studyapp_new/VIVADO/vivado201704/Vivado/2017.4/common/technology/autopilot/hls/hls_video_imgproc.h:491->D:/studyapp_new/VIVADO/vivado201704/Vivado/2017.4/common/technology/autopilot/hls/hls_video_imgproc.h:1182->D:/studyapp_new/VIVADO/vivado201704/Vivado/2017.4/common/technology/autopilot/hls/hls_video_imgproc.h:1250]   --->   Core 37 'RAM' <Latency = 1> <II = 1> <Delay = 3.25> <Storage> <Opcode : 'load' 'store'> <Ports = 2> <Width = 8> <Depth = 480> <RAM>
ST_5 : Operation 104 [1/1] (0.00ns)   --->   "store i8 %col_buf_0_val_1_0, i8* %right_border_buf_0_4" [D:/studyapp_new/VIVADO/vivado201704/Vivado/2017.4/common/technology/autopilot/hls/hls_video_imgproc.h:482->D:/studyapp_new/VIVADO/vivado201704/Vivado/2017.4/common/technology/autopilot/hls/hls_video_imgproc.h:1182->D:/studyapp_new/VIVADO/vivado201704/Vivado/2017.4/common/technology/autopilot/hls/hls_video_imgproc.h:1250]
ST_5 : Operation 105 [1/1] (0.00ns)   --->   "store i8 %col_buf_0_val_2_0, i8* %right_border_buf_0_s" [D:/studyapp_new/VIVADO/vivado201704/Vivado/2017.4/common/technology/autopilot/hls/hls_video_imgproc.h:482->D:/studyapp_new/VIVADO/vivado201704/Vivado/2017.4/common/technology/autopilot/hls/hls_video_imgproc.h:1182->D:/studyapp_new/VIVADO/vivado201704/Vivado/2017.4/common/technology/autopilot/hls/hls_video_imgproc.h:1250]
ST_5 : Operation 106 [1/1] (0.00ns)   --->   "store i8 %col_buf_0_val_0_0, i8* %src_kernel_win_0_va_24" [D:/studyapp_new/VIVADO/vivado201704/Vivado/2017.4/common/technology/autopilot/hls/hls_video_imgproc.h:482->D:/studyapp_new/VIVADO/vivado201704/Vivado/2017.4/common/technology/autopilot/hls/hls_video_imgproc.h:1182->D:/studyapp_new/VIVADO/vivado201704/Vivado/2017.4/common/technology/autopilot/hls/hls_video_imgproc.h:1250]
ST_5 : Operation 107 [1/1] (0.00ns)   --->   "br label %._crit_edge406.i.i_ifconv" [D:/studyapp_new/VIVADO/vivado201704/Vivado/2017.4/common/technology/autopilot/hls/hls_video_imgproc.h:493->D:/studyapp_new/VIVADO/vivado201704/Vivado/2017.4/common/technology/autopilot/hls/hls_video_imgproc.h:1182->D:/studyapp_new/VIVADO/vivado201704/Vivado/2017.4/common/technology/autopilot/hls/hls_video_imgproc.h:1250]
ST_5 : Operation 108 [1/1] (1.77ns)   --->   "%tmp_38 = call i8 @_ssdm_op_Mux.ap_auto.3i8.i2(i8 %col_buf_0_val_0_0, i8 %col_buf_0_val_1_0, i8 %col_buf_0_val_2_0, i2 %row_assign_13_1_t)" [D:/studyapp_new/VIVADO/vivado201704/Vivado/2017.4/common/technology/autopilot/hls/hls_video_imgproc.h:456->D:/studyapp_new/VIVADO/vivado201704/Vivado/2017.4/common/technology/autopilot/hls/hls_video_imgproc.h:1182->D:/studyapp_new/VIVADO/vivado201704/Vivado/2017.4/common/technology/autopilot/hls/hls_video_imgproc.h:1250]   --->   Core 31 'MuxnS' <Latency = 0> <II = 1> <Delay = 1.77> <FuncUnit> <Opcode : 'mux'> <InPorts = 2> <OutPorts = 1>
ST_5 : Operation 109 [1/1] (1.37ns)   --->   "%src_kernel_win_0_va_26 = select i1 %tmp_14, i8 %tmp_38, i8 %col_buf_0_val_1_0" [D:/studyapp_new/VIVADO/vivado201704/Vivado/2017.4/common/technology/autopilot/hls/hls_video_imgproc.h:505->D:/studyapp_new/VIVADO/vivado201704/Vivado/2017.4/common/technology/autopilot/hls/hls_video_imgproc.h:1182->D:/studyapp_new/VIVADO/vivado201704/Vivado/2017.4/common/technology/autopilot/hls/hls_video_imgproc.h:1250]   --->   Core 26 'Sel' <Latency = 0> <II = 1> <Delay = 1.37> <FuncUnit> <Opcode : 'select'> <InPorts = 3> <OutPorts = 1>
ST_5 : Operation 110 [1/1] (1.77ns)   --->   "%tmp_39 = call i8 @_ssdm_op_Mux.ap_auto.3i8.i2(i8 %col_buf_0_val_0_0, i8 %col_buf_0_val_1_0, i8 %col_buf_0_val_2_0, i2 %row_assign_13_2_t)" [D:/studyapp_new/VIVADO/vivado201704/Vivado/2017.4/common/technology/autopilot/hls/hls_video_imgproc.h:456->D:/studyapp_new/VIVADO/vivado201704/Vivado/2017.4/common/technology/autopilot/hls/hls_video_imgproc.h:1182->D:/studyapp_new/VIVADO/vivado201704/Vivado/2017.4/common/technology/autopilot/hls/hls_video_imgproc.h:1250]   --->   Core 31 'MuxnS' <Latency = 0> <II = 1> <Delay = 1.77> <FuncUnit> <Opcode : 'mux'> <InPorts = 2> <OutPorts = 1>
ST_5 : Operation 111 [1/1] (1.37ns)   --->   "%src_kernel_win_0_va_27 = select i1 %tmp_14, i8 %tmp_39, i8 %col_buf_0_val_2_0" [D:/studyapp_new/VIVADO/vivado201704/Vivado/2017.4/common/technology/autopilot/hls/hls_video_imgproc.h:505->D:/studyapp_new/VIVADO/vivado201704/Vivado/2017.4/common/technology/autopilot/hls/hls_video_imgproc.h:1182->D:/studyapp_new/VIVADO/vivado201704/Vivado/2017.4/common/technology/autopilot/hls/hls_video_imgproc.h:1250]   --->   Core 26 'Sel' <Latency = 0> <II = 1> <Delay = 1.37> <FuncUnit> <Opcode : 'select'> <InPorts = 3> <OutPorts = 1>

 <State 6> : 5.84ns
ST_6 : Operation 112 [1/1] (0.00ns)   --->   "%src_kernel_win_0_va_32 = load i8* %src_kernel_win_0_va_22" [D:/studyapp_new/VIVADO/vivado201704/Vivado/2017.4/common/technology/autopilot/hls/hls_video_imgproc.h:186->D:/studyapp_new/VIVADO/vivado201704/Vivado/2017.4/common/technology/autopilot/hls/hls_video_imgproc.h:512->D:/studyapp_new/VIVADO/vivado201704/Vivado/2017.4/common/technology/autopilot/hls/hls_video_imgproc.h:1182->D:/studyapp_new/VIVADO/vivado201704/Vivado/2017.4/common/technology/autopilot/hls/hls_video_imgproc.h:1250]
ST_6 : Operation 113 [1/1] (0.00ns)   --->   "%src_kernel_win_0_va_33 = load i8* %src_kernel_win_0_va_23" [D:/studyapp_new/VIVADO/vivado201704/Vivado/2017.4/common/technology/autopilot/hls/hls_video_imgproc.h:186->D:/studyapp_new/VIVADO/vivado201704/Vivado/2017.4/common/technology/autopilot/hls/hls_video_imgproc.h:512->D:/studyapp_new/VIVADO/vivado201704/Vivado/2017.4/common/technology/autopilot/hls/hls_video_imgproc.h:1182->D:/studyapp_new/VIVADO/vivado201704/Vivado/2017.4/common/technology/autopilot/hls/hls_video_imgproc.h:1250]
ST_6 : Operation 114 [1/1] (1.55ns)   --->   "%tmp_295_0_1 = icmp ugt i8 %src_kernel_win_0_va_32, %src_kernel_win_0_va_33" [D:/studyapp_new/VIVADO/vivado201704/Vivado/2017.4/common/technology/autopilot/hls/hls_video_imgproc.h:186->D:/studyapp_new/VIVADO/vivado201704/Vivado/2017.4/common/technology/autopilot/hls/hls_video_imgproc.h:512->D:/studyapp_new/VIVADO/vivado201704/Vivado/2017.4/common/technology/autopilot/hls/hls_video_imgproc.h:1182->D:/studyapp_new/VIVADO/vivado201704/Vivado/2017.4/common/technology/autopilot/hls/hls_video_imgproc.h:1250]   --->   Core 25 'Cmp' <Latency = 0> <II = 1> <Delay = 1.77> <FuncUnit> <Opcode : 'icmp'> <InPorts = 2> <OutPorts = 1>
ST_6 : Operation 115 [1/1] (1.37ns)   --->   "%temp_0_i_i_i_059_i_s = select i1 %tmp_295_0_1, i8 %src_kernel_win_0_va_32, i8 %src_kernel_win_0_va_33" [D:/studyapp_new/VIVADO/vivado201704/Vivado/2017.4/common/technology/autopilot/hls/hls_video_imgproc.h:186->D:/studyapp_new/VIVADO/vivado201704/Vivado/2017.4/common/technology/autopilot/hls/hls_video_imgproc.h:512->D:/studyapp_new/VIVADO/vivado201704/Vivado/2017.4/common/technology/autopilot/hls/hls_video_imgproc.h:1182->D:/studyapp_new/VIVADO/vivado201704/Vivado/2017.4/common/technology/autopilot/hls/hls_video_imgproc.h:1250]   --->   Core 26 'Sel' <Latency = 0> <II = 1> <Delay = 1.37> <FuncUnit> <Opcode : 'select'> <InPorts = 3> <OutPorts = 1>
ST_6 : Operation 116 [1/1] (1.55ns)   --->   "%tmp_295_0_2 = icmp ugt i8 %src_kernel_win_0_va_27, %temp_0_i_i_i_059_i_s" [D:/studyapp_new/VIVADO/vivado201704/Vivado/2017.4/common/technology/autopilot/hls/hls_video_imgproc.h:186->D:/studyapp_new/VIVADO/vivado201704/Vivado/2017.4/common/technology/autopilot/hls/hls_video_imgproc.h:512->D:/studyapp_new/VIVADO/vivado201704/Vivado/2017.4/common/technology/autopilot/hls/hls_video_imgproc.h:1182->D:/studyapp_new/VIVADO/vivado201704/Vivado/2017.4/common/technology/autopilot/hls/hls_video_imgproc.h:1250]   --->   Core 25 'Cmp' <Latency = 0> <II = 1> <Delay = 1.77> <FuncUnit> <Opcode : 'icmp'> <InPorts = 2> <OutPorts = 1>
ST_6 : Operation 117 [1/1] (1.37ns)   --->   "%temp_0_i_i_i_059_i_7 = select i1 %tmp_295_0_2, i8 %src_kernel_win_0_va_27, i8 %temp_0_i_i_i_059_i_s" [D:/studyapp_new/VIVADO/vivado201704/Vivado/2017.4/common/technology/autopilot/hls/hls_video_imgproc.h:186->D:/studyapp_new/VIVADO/vivado201704/Vivado/2017.4/common/technology/autopilot/hls/hls_video_imgproc.h:512->D:/studyapp_new/VIVADO/vivado201704/Vivado/2017.4/common/technology/autopilot/hls/hls_video_imgproc.h:1182->D:/studyapp_new/VIVADO/vivado201704/Vivado/2017.4/common/technology/autopilot/hls/hls_video_imgproc.h:1250]   --->   Core 26 'Sel' <Latency = 0> <II = 1> <Delay = 1.37> <FuncUnit> <Opcode : 'select'> <InPorts = 3> <OutPorts = 1>
ST_6 : Operation 118 [1/1] (0.00ns)   --->   "%src_kernel_win_0_va_36 = load i8* %src_kernel_win_0_va_22" [D:/studyapp_new/VIVADO/vivado201704/Vivado/2017.4/common/technology/autopilot/hls/hls_video_mem.h:165->D:/studyapp_new/VIVADO/vivado201704/Vivado/2017.4/common/technology/autopilot/hls/hls_video_mem.h:543->D:/studyapp_new/VIVADO/vivado201704/Vivado/2017.4/common/technology/autopilot/hls/hls_video_imgproc.h:497->D:/studyapp_new/VIVADO/vivado201704/Vivado/2017.4/common/technology/autopilot/hls/hls_video_imgproc.h:1182->D:/studyapp_new/VIVADO/vivado201704/Vivado/2017.4/common/technology/autopilot/hls/hls_video_imgproc.h:1250]
ST_6 : Operation 119 [1/1] (0.00ns)   --->   "store i8 %src_kernel_win_0_va_36, i8* %src_kernel_win_0_va_23" [D:/studyapp_new/VIVADO/vivado201704/Vivado/2017.4/common/technology/autopilot/hls/hls_video_mem.h:165->D:/studyapp_new/VIVADO/vivado201704/Vivado/2017.4/common/technology/autopilot/hls/hls_video_mem.h:543->D:/studyapp_new/VIVADO/vivado201704/Vivado/2017.4/common/technology/autopilot/hls/hls_video_imgproc.h:497->D:/studyapp_new/VIVADO/vivado201704/Vivado/2017.4/common/technology/autopilot/hls/hls_video_imgproc.h:1182->D:/studyapp_new/VIVADO/vivado201704/Vivado/2017.4/common/technology/autopilot/hls/hls_video_imgproc.h:1250]
ST_6 : Operation 120 [1/1] (0.00ns)   --->   "store i8 %src_kernel_win_0_va_27, i8* %src_kernel_win_0_va_22" [D:/studyapp_new/VIVADO/vivado201704/Vivado/2017.4/common/technology/autopilot/hls/hls_video_imgproc.h:505->D:/studyapp_new/VIVADO/vivado201704/Vivado/2017.4/common/technology/autopilot/hls/hls_video_imgproc.h:1182->D:/studyapp_new/VIVADO/vivado201704/Vivado/2017.4/common/technology/autopilot/hls/hls_video_imgproc.h:1250]

 <State 7> : 7.39ns
ST_7 : Operation 121 [1/1] (0.00ns)   --->   "%src_kernel_win_0_va_30 = load i8* %src_kernel_win_0_va_20" [D:/studyapp_new/VIVADO/vivado201704/Vivado/2017.4/common/technology/autopilot/hls/hls_video_imgproc.h:186->D:/studyapp_new/VIVADO/vivado201704/Vivado/2017.4/common/technology/autopilot/hls/hls_video_imgproc.h:512->D:/studyapp_new/VIVADO/vivado201704/Vivado/2017.4/common/technology/autopilot/hls/hls_video_imgproc.h:1182->D:/studyapp_new/VIVADO/vivado201704/Vivado/2017.4/common/technology/autopilot/hls/hls_video_imgproc.h:1250]
ST_7 : Operation 122 [1/1] (0.00ns)   --->   "%src_kernel_win_0_va_31 = load i8* %src_kernel_win_0_va_21" [D:/studyapp_new/VIVADO/vivado201704/Vivado/2017.4/common/technology/autopilot/hls/hls_video_imgproc.h:186->D:/studyapp_new/VIVADO/vivado201704/Vivado/2017.4/common/technology/autopilot/hls/hls_video_imgproc.h:512->D:/studyapp_new/VIVADO/vivado201704/Vivado/2017.4/common/technology/autopilot/hls/hls_video_imgproc.h:1182->D:/studyapp_new/VIVADO/vivado201704/Vivado/2017.4/common/technology/autopilot/hls/hls_video_imgproc.h:1250]
ST_7 : Operation 123 [1/1] (1.55ns)   --->   "%tmp_295_1 = icmp ugt i8 %src_kernel_win_0_va_31, %temp_0_i_i_i_059_i_7" [D:/studyapp_new/VIVADO/vivado201704/Vivado/2017.4/common/technology/autopilot/hls/hls_video_imgproc.h:186->D:/studyapp_new/VIVADO/vivado201704/Vivado/2017.4/common/technology/autopilot/hls/hls_video_imgproc.h:512->D:/studyapp_new/VIVADO/vivado201704/Vivado/2017.4/common/technology/autopilot/hls/hls_video_imgproc.h:1182->D:/studyapp_new/VIVADO/vivado201704/Vivado/2017.4/common/technology/autopilot/hls/hls_video_imgproc.h:1250]   --->   Core 25 'Cmp' <Latency = 0> <II = 1> <Delay = 1.77> <FuncUnit> <Opcode : 'icmp'> <InPorts = 2> <OutPorts = 1>
ST_7 : Operation 124 [1/1] (1.37ns)   --->   "%temp_0_i_i_i_059_i_8 = select i1 %tmp_295_1, i8 %src_kernel_win_0_va_31, i8 %temp_0_i_i_i_059_i_7" [D:/studyapp_new/VIVADO/vivado201704/Vivado/2017.4/common/technology/autopilot/hls/hls_video_imgproc.h:186->D:/studyapp_new/VIVADO/vivado201704/Vivado/2017.4/common/technology/autopilot/hls/hls_video_imgproc.h:512->D:/studyapp_new/VIVADO/vivado201704/Vivado/2017.4/common/technology/autopilot/hls/hls_video_imgproc.h:1182->D:/studyapp_new/VIVADO/vivado201704/Vivado/2017.4/common/technology/autopilot/hls/hls_video_imgproc.h:1250]   --->   Core 26 'Sel' <Latency = 0> <II = 1> <Delay = 1.37> <FuncUnit> <Opcode : 'select'> <InPorts = 3> <OutPorts = 1>
ST_7 : Operation 125 [1/1] (1.55ns)   --->   "%tmp_295_1_1 = icmp ugt i8 %src_kernel_win_0_va_30, %temp_0_i_i_i_059_i_8" [D:/studyapp_new/VIVADO/vivado201704/Vivado/2017.4/common/technology/autopilot/hls/hls_video_imgproc.h:186->D:/studyapp_new/VIVADO/vivado201704/Vivado/2017.4/common/technology/autopilot/hls/hls_video_imgproc.h:512->D:/studyapp_new/VIVADO/vivado201704/Vivado/2017.4/common/technology/autopilot/hls/hls_video_imgproc.h:1182->D:/studyapp_new/VIVADO/vivado201704/Vivado/2017.4/common/technology/autopilot/hls/hls_video_imgproc.h:1250]   --->   Core 25 'Cmp' <Latency = 0> <II = 1> <Delay = 1.77> <FuncUnit> <Opcode : 'icmp'> <InPorts = 2> <OutPorts = 1>
ST_7 : Operation 126 [1/1] (1.37ns)   --->   "%temp_0_i_i_i_059_i_9 = select i1 %tmp_295_1_1, i8 %src_kernel_win_0_va_30, i8 %temp_0_i_i_i_059_i_8" [D:/studyapp_new/VIVADO/vivado201704/Vivado/2017.4/common/technology/autopilot/hls/hls_video_imgproc.h:186->D:/studyapp_new/VIVADO/vivado201704/Vivado/2017.4/common/technology/autopilot/hls/hls_video_imgproc.h:512->D:/studyapp_new/VIVADO/vivado201704/Vivado/2017.4/common/technology/autopilot/hls/hls_video_imgproc.h:1182->D:/studyapp_new/VIVADO/vivado201704/Vivado/2017.4/common/technology/autopilot/hls/hls_video_imgproc.h:1250]   --->   Core 26 'Sel' <Latency = 0> <II = 1> <Delay = 1.37> <FuncUnit> <Opcode : 'select'> <InPorts = 3> <OutPorts = 1>
ST_7 : Operation 127 [1/1] (1.55ns)   --->   "%tmp_295_1_2 = icmp ugt i8 %src_kernel_win_0_va_26, %temp_0_i_i_i_059_i_9" [D:/studyapp_new/VIVADO/vivado201704/Vivado/2017.4/common/technology/autopilot/hls/hls_video_imgproc.h:186->D:/studyapp_new/VIVADO/vivado201704/Vivado/2017.4/common/technology/autopilot/hls/hls_video_imgproc.h:512->D:/studyapp_new/VIVADO/vivado201704/Vivado/2017.4/common/technology/autopilot/hls/hls_video_imgproc.h:1182->D:/studyapp_new/VIVADO/vivado201704/Vivado/2017.4/common/technology/autopilot/hls/hls_video_imgproc.h:1250]   --->   Core 25 'Cmp' <Latency = 0> <II = 1> <Delay = 1.77> <FuncUnit> <Opcode : 'icmp'> <InPorts = 2> <OutPorts = 1>
ST_7 : Operation 128 [1/1] (0.00ns)   --->   "%src_kernel_win_0_va_35 = load i8* %src_kernel_win_0_va_20" [D:/studyapp_new/VIVADO/vivado201704/Vivado/2017.4/common/technology/autopilot/hls/hls_video_mem.h:165->D:/studyapp_new/VIVADO/vivado201704/Vivado/2017.4/common/technology/autopilot/hls/hls_video_mem.h:543->D:/studyapp_new/VIVADO/vivado201704/Vivado/2017.4/common/technology/autopilot/hls/hls_video_imgproc.h:497->D:/studyapp_new/VIVADO/vivado201704/Vivado/2017.4/common/technology/autopilot/hls/hls_video_imgproc.h:1182->D:/studyapp_new/VIVADO/vivado201704/Vivado/2017.4/common/technology/autopilot/hls/hls_video_imgproc.h:1250]
ST_7 : Operation 129 [1/1] (0.00ns)   --->   "store i8 %src_kernel_win_0_va_35, i8* %src_kernel_win_0_va_21" [D:/studyapp_new/VIVADO/vivado201704/Vivado/2017.4/common/technology/autopilot/hls/hls_video_mem.h:165->D:/studyapp_new/VIVADO/vivado201704/Vivado/2017.4/common/technology/autopilot/hls/hls_video_mem.h:543->D:/studyapp_new/VIVADO/vivado201704/Vivado/2017.4/common/technology/autopilot/hls/hls_video_imgproc.h:497->D:/studyapp_new/VIVADO/vivado201704/Vivado/2017.4/common/technology/autopilot/hls/hls_video_imgproc.h:1182->D:/studyapp_new/VIVADO/vivado201704/Vivado/2017.4/common/technology/autopilot/hls/hls_video_imgproc.h:1250]
ST_7 : Operation 130 [1/1] (0.00ns)   --->   "store i8 %src_kernel_win_0_va_26, i8* %src_kernel_win_0_va_20" [D:/studyapp_new/VIVADO/vivado201704/Vivado/2017.4/common/technology/autopilot/hls/hls_video_imgproc.h:505->D:/studyapp_new/VIVADO/vivado201704/Vivado/2017.4/common/technology/autopilot/hls/hls_video_imgproc.h:1182->D:/studyapp_new/VIVADO/vivado201704/Vivado/2017.4/common/technology/autopilot/hls/hls_video_imgproc.h:1250]

 <State 8> : 7.21ns
ST_8 : Operation 131 [1/1] (0.00ns)   --->   "%src_kernel_win_0_va_28 = load i8* %src_kernel_win_0_va" [D:/studyapp_new/VIVADO/vivado201704/Vivado/2017.4/common/technology/autopilot/hls/hls_video_imgproc.h:186->D:/studyapp_new/VIVADO/vivado201704/Vivado/2017.4/common/technology/autopilot/hls/hls_video_imgproc.h:512->D:/studyapp_new/VIVADO/vivado201704/Vivado/2017.4/common/technology/autopilot/hls/hls_video_imgproc.h:1182->D:/studyapp_new/VIVADO/vivado201704/Vivado/2017.4/common/technology/autopilot/hls/hls_video_imgproc.h:1250]
ST_8 : Operation 132 [1/1] (0.00ns)   --->   "%src_kernel_win_0_va_29 = load i8* %src_kernel_win_0_va_19" [D:/studyapp_new/VIVADO/vivado201704/Vivado/2017.4/common/technology/autopilot/hls/hls_video_imgproc.h:186->D:/studyapp_new/VIVADO/vivado201704/Vivado/2017.4/common/technology/autopilot/hls/hls_video_imgproc.h:512->D:/studyapp_new/VIVADO/vivado201704/Vivado/2017.4/common/technology/autopilot/hls/hls_video_imgproc.h:1182->D:/studyapp_new/VIVADO/vivado201704/Vivado/2017.4/common/technology/autopilot/hls/hls_video_imgproc.h:1250]
ST_8 : Operation 133 [1/1] (1.37ns)   --->   "%temp_0_i_i_i_059_i_3 = select i1 %tmp_295_1_2, i8 %src_kernel_win_0_va_26, i8 %temp_0_i_i_i_059_i_9" [D:/studyapp_new/VIVADO/vivado201704/Vivado/2017.4/common/technology/autopilot/hls/hls_video_imgproc.h:186->D:/studyapp_new/VIVADO/vivado201704/Vivado/2017.4/common/technology/autopilot/hls/hls_video_imgproc.h:512->D:/studyapp_new/VIVADO/vivado201704/Vivado/2017.4/common/technology/autopilot/hls/hls_video_imgproc.h:1182->D:/studyapp_new/VIVADO/vivado201704/Vivado/2017.4/common/technology/autopilot/hls/hls_video_imgproc.h:1250]   --->   Core 26 'Sel' <Latency = 0> <II = 1> <Delay = 1.37> <FuncUnit> <Opcode : 'select'> <InPorts = 3> <OutPorts = 1>
ST_8 : Operation 134 [1/1] (1.55ns)   --->   "%tmp_295_2 = icmp ugt i8 %src_kernel_win_0_va_29, %temp_0_i_i_i_059_i_3" [D:/studyapp_new/VIVADO/vivado201704/Vivado/2017.4/common/technology/autopilot/hls/hls_video_imgproc.h:186->D:/studyapp_new/VIVADO/vivado201704/Vivado/2017.4/common/technology/autopilot/hls/hls_video_imgproc.h:512->D:/studyapp_new/VIVADO/vivado201704/Vivado/2017.4/common/technology/autopilot/hls/hls_video_imgproc.h:1182->D:/studyapp_new/VIVADO/vivado201704/Vivado/2017.4/common/technology/autopilot/hls/hls_video_imgproc.h:1250]   --->   Core 25 'Cmp' <Latency = 0> <II = 1> <Delay = 1.77> <FuncUnit> <Opcode : 'icmp'> <InPorts = 2> <OutPorts = 1>
ST_8 : Operation 135 [1/1] (1.37ns)   --->   "%temp_0_i_i_i_059_i_1 = select i1 %tmp_295_2, i8 %src_kernel_win_0_va_29, i8 %temp_0_i_i_i_059_i_3" [D:/studyapp_new/VIVADO/vivado201704/Vivado/2017.4/common/technology/autopilot/hls/hls_video_imgproc.h:186->D:/studyapp_new/VIVADO/vivado201704/Vivado/2017.4/common/technology/autopilot/hls/hls_video_imgproc.h:512->D:/studyapp_new/VIVADO/vivado201704/Vivado/2017.4/common/technology/autopilot/hls/hls_video_imgproc.h:1182->D:/studyapp_new/VIVADO/vivado201704/Vivado/2017.4/common/technology/autopilot/hls/hls_video_imgproc.h:1250]   --->   Core 26 'Sel' <Latency = 0> <II = 1> <Delay = 1.37> <FuncUnit> <Opcode : 'select'> <InPorts = 3> <OutPorts = 1>
ST_8 : Operation 136 [1/1] (1.55ns)   --->   "%tmp_295_2_1 = icmp ugt i8 %src_kernel_win_0_va_28, %temp_0_i_i_i_059_i_1" [D:/studyapp_new/VIVADO/vivado201704/Vivado/2017.4/common/technology/autopilot/hls/hls_video_imgproc.h:186->D:/studyapp_new/VIVADO/vivado201704/Vivado/2017.4/common/technology/autopilot/hls/hls_video_imgproc.h:512->D:/studyapp_new/VIVADO/vivado201704/Vivado/2017.4/common/technology/autopilot/hls/hls_video_imgproc.h:1182->D:/studyapp_new/VIVADO/vivado201704/Vivado/2017.4/common/technology/autopilot/hls/hls_video_imgproc.h:1250]   --->   Core 25 'Cmp' <Latency = 0> <II = 1> <Delay = 1.77> <FuncUnit> <Opcode : 'icmp'> <InPorts = 2> <OutPorts = 1>
ST_8 : Operation 137 [1/1] (1.37ns)   --->   "%temp_0_i_i_i_059_i_2 = select i1 %tmp_295_2_1, i8 %src_kernel_win_0_va_28, i8 %temp_0_i_i_i_059_i_1" [D:/studyapp_new/VIVADO/vivado201704/Vivado/2017.4/common/technology/autopilot/hls/hls_video_imgproc.h:186->D:/studyapp_new/VIVADO/vivado201704/Vivado/2017.4/common/technology/autopilot/hls/hls_video_imgproc.h:512->D:/studyapp_new/VIVADO/vivado201704/Vivado/2017.4/common/technology/autopilot/hls/hls_video_imgproc.h:1182->D:/studyapp_new/VIVADO/vivado201704/Vivado/2017.4/common/technology/autopilot/hls/hls_video_imgproc.h:1250]   --->   Core 26 'Sel' <Latency = 0> <II = 1> <Delay = 1.37> <FuncUnit> <Opcode : 'select'> <InPorts = 3> <OutPorts = 1>
ST_8 : Operation 138 [1/1] (0.00ns)   --->   "%src_kernel_win_0_va_34 = load i8* %src_kernel_win_0_va" [D:/studyapp_new/VIVADO/vivado201704/Vivado/2017.4/common/technology/autopilot/hls/hls_video_imgproc.h:456->D:/studyapp_new/VIVADO/vivado201704/Vivado/2017.4/common/technology/autopilot/hls/hls_video_imgproc.h:1182->D:/studyapp_new/VIVADO/vivado201704/Vivado/2017.4/common/technology/autopilot/hls/hls_video_imgproc.h:1250]
ST_8 : Operation 139 [1/1] (0.00ns)   --->   "store i8 %src_kernel_win_0_va_34, i8* %src_kernel_win_0_va_19" [D:/studyapp_new/VIVADO/vivado201704/Vivado/2017.4/common/technology/autopilot/hls/hls_video_imgproc.h:456->D:/studyapp_new/VIVADO/vivado201704/Vivado/2017.4/common/technology/autopilot/hls/hls_video_imgproc.h:1182->D:/studyapp_new/VIVADO/vivado201704/Vivado/2017.4/common/technology/autopilot/hls/hls_video_imgproc.h:1250]
ST_8 : Operation 140 [1/1] (0.00ns)   --->   "store i8 %col_buf_0_val_0_0, i8* %src_kernel_win_0_va" [D:/studyapp_new/VIVADO/vivado201704/Vivado/2017.4/common/technology/autopilot/hls/hls_video_imgproc.h:456->D:/studyapp_new/VIVADO/vivado201704/Vivado/2017.4/common/technology/autopilot/hls/hls_video_imgproc.h:1182->D:/studyapp_new/VIVADO/vivado201704/Vivado/2017.4/common/technology/autopilot/hls/hls_video_imgproc.h:1250]

 <State 9> : 6.55ns
ST_9 : Operation 141 [1/1] (0.00ns)   --->   "call void (...)* @_ssdm_op_SpecLoopName([11 x i8]* @p_str28) nounwind" [D:/studyapp_new/VIVADO/vivado201704/Vivado/2017.4/common/technology/autopilot/hls/hls_video_imgproc.h:442->D:/studyapp_new/VIVADO/vivado201704/Vivado/2017.4/common/technology/autopilot/hls/hls_video_imgproc.h:1182->D:/studyapp_new/VIVADO/vivado201704/Vivado/2017.4/common/technology/autopilot/hls/hls_video_imgproc.h:1250]
ST_9 : Operation 142 [1/1] (0.00ns)   --->   "%tmp_15 = call i32 (...)* @_ssdm_op_SpecRegionBegin([11 x i8]* @p_str28)" [D:/studyapp_new/VIVADO/vivado201704/Vivado/2017.4/common/technology/autopilot/hls/hls_video_imgproc.h:442->D:/studyapp_new/VIVADO/vivado201704/Vivado/2017.4/common/technology/autopilot/hls/hls_video_imgproc.h:1182->D:/studyapp_new/VIVADO/vivado201704/Vivado/2017.4/common/technology/autopilot/hls/hls_video_imgproc.h:1250]
ST_9 : Operation 143 [1/1] (0.00ns)   --->   "call void (...)* @_ssdm_op_SpecPipeline(i32 -1, i32 1, i32 1, i32 0, [1 x i8]* @p_str) nounwind" [D:/studyapp_new/VIVADO/vivado201704/Vivado/2017.4/common/technology/autopilot/hls/hls_video_imgproc.h:446->D:/studyapp_new/VIVADO/vivado201704/Vivado/2017.4/common/technology/autopilot/hls/hls_video_imgproc.h:1182->D:/studyapp_new/VIVADO/vivado201704/Vivado/2017.4/common/technology/autopilot/hls/hls_video_imgproc.h:1250]
ST_9 : Operation 144 [1/1] (0.00ns)   --->   "call void (...)* @_ssdm_op_SpecLoopName([12 x i8]* @p_str29) nounwind" [D:/studyapp_new/VIVADO/vivado201704/Vivado/2017.4/common/technology/autopilot/hls/hls_video_imgproc.h:448->D:/studyapp_new/VIVADO/vivado201704/Vivado/2017.4/common/technology/autopilot/hls/hls_video_imgproc.h:1182->D:/studyapp_new/VIVADO/vivado201704/Vivado/2017.4/common/technology/autopilot/hls/hls_video_imgproc.h:1250]
ST_9 : Operation 145 [1/1] (1.55ns)   --->   "%tmp_295_2_2 = icmp ugt i8 %col_buf_0_val_0_0, %temp_0_i_i_i_059_i_2" [D:/studyapp_new/VIVADO/vivado201704/Vivado/2017.4/common/technology/autopilot/hls/hls_video_imgproc.h:186->D:/studyapp_new/VIVADO/vivado201704/Vivado/2017.4/common/technology/autopilot/hls/hls_video_imgproc.h:512->D:/studyapp_new/VIVADO/vivado201704/Vivado/2017.4/common/technology/autopilot/hls/hls_video_imgproc.h:1182->D:/studyapp_new/VIVADO/vivado201704/Vivado/2017.4/common/technology/autopilot/hls/hls_video_imgproc.h:1250]   --->   Core 25 'Cmp' <Latency = 0> <II = 1> <Delay = 1.77> <FuncUnit> <Opcode : 'icmp'> <InPorts = 2> <OutPorts = 1>
ST_9 : Operation 146 [1/1] (1.37ns)   --->   "%tmp_20 = select i1 %tmp_295_2_2, i8 %col_buf_0_val_0_0, i8 %temp_0_i_i_i_059_i_2" [D:/studyapp_new/VIVADO/vivado201704/Vivado/2017.4/common/technology/autopilot/hls/hls_video_imgproc.h:186->D:/studyapp_new/VIVADO/vivado201704/Vivado/2017.4/common/technology/autopilot/hls/hls_video_imgproc.h:512->D:/studyapp_new/VIVADO/vivado201704/Vivado/2017.4/common/technology/autopilot/hls/hls_video_imgproc.h:1182->D:/studyapp_new/VIVADO/vivado201704/Vivado/2017.4/common/technology/autopilot/hls/hls_video_imgproc.h:1250]   --->   Core 26 'Sel' <Latency = 0> <II = 1> <Delay = 1.37> <FuncUnit> <Opcode : 'select'> <InPorts = 3> <OutPorts = 1>
ST_9 : Operation 147 [1/1] (3.63ns)   --->   "call void @_ssdm_op_Write.ap_fifo.volatile.i8P(i8* %p_dst_data_stream_V, i8 %tmp_20)" [D:/studyapp_new/VIVADO/vivado201704/Vivado/2017.4/common/technology/autopilot/hls/hls_video_imgproc.h:513->D:/studyapp_new/VIVADO/vivado201704/Vivado/2017.4/common/technology/autopilot/hls/hls_video_imgproc.h:1182->D:/studyapp_new/VIVADO/vivado201704/Vivado/2017.4/common/technology/autopilot/hls/hls_video_imgproc.h:1250]   --->   Core 32 'FIFO' <Latency = 0> <II = 1> <Delay = 3.63> <Storage> <Opcode : 'read' 'write' 'nbread' 'nbwrite'> <Ports = 0> <Width = 8> <Depth = 1> <FIFO>
ST_9 : Operation 148 [1/1] (0.00ns)   --->   "br label %._crit_edge413.i.i" [D:/studyapp_new/VIVADO/vivado201704/Vivado/2017.4/common/technology/autopilot/hls/hls_video_imgproc.h:514->D:/studyapp_new/VIVADO/vivado201704/Vivado/2017.4/common/technology/autopilot/hls/hls_video_imgproc.h:1182->D:/studyapp_new/VIVADO/vivado201704/Vivado/2017.4/common/technology/autopilot/hls/hls_video_imgproc.h:1250]
ST_9 : Operation 149 [1/1] (0.00ns)   --->   "%empty = call i32 (...)* @_ssdm_op_SpecRegionEnd([11 x i8]* @p_str28, i32 %tmp_15)" [D:/studyapp_new/VIVADO/vivado201704/Vivado/2017.4/common/technology/autopilot/hls/hls_video_imgproc.h:516->D:/studyapp_new/VIVADO/vivado201704/Vivado/2017.4/common/technology/autopilot/hls/hls_video_imgproc.h:1182->D:/studyapp_new/VIVADO/vivado201704/Vivado/2017.4/common/technology/autopilot/hls/hls_video_imgproc.h:1250]
ST_9 : Operation 150 [1/1] (0.00ns)   --->   "br label %2" [D:/studyapp_new/VIVADO/vivado201704/Vivado/2017.4/common/technology/autopilot/hls/hls_video_imgproc.h:442->D:/studyapp_new/VIVADO/vivado201704/Vivado/2017.4/common/technology/autopilot/hls/hls_video_imgproc.h:1182->D:/studyapp_new/VIVADO/vivado201704/Vivado/2017.4/common/technology/autopilot/hls/hls_video_imgproc.h:1250]

 <State 10> : 0.00ns
ST_10 : Operation 151 [1/1] (0.00ns)   --->   "%empty_124 = call i32 (...)* @_ssdm_op_SpecRegionEnd([12 x i8]* @p_str27, i32 %tmp_11)" [D:/studyapp_new/VIVADO/vivado201704/Vivado/2017.4/common/technology/autopilot/hls/hls_video_imgproc.h:517->D:/studyapp_new/VIVADO/vivado201704/Vivado/2017.4/common/technology/autopilot/hls/hls_video_imgproc.h:1182->D:/studyapp_new/VIVADO/vivado201704/Vivado/2017.4/common/technology/autopilot/hls/hls_video_imgproc.h:1250]
ST_10 : Operation 152 [1/1] (0.00ns)   --->   "br label %0" [D:/studyapp_new/VIVADO/vivado201704/Vivado/2017.4/common/technology/autopilot/hls/hls_video_imgproc.h:441->D:/studyapp_new/VIVADO/vivado201704/Vivado/2017.4/common/technology/autopilot/hls/hls_video_imgproc.h:1182->D:/studyapp_new/VIVADO/vivado201704/Vivado/2017.4/common/technology/autopilot/hls/hls_video_imgproc.h:1250]


============================================================
+ Verbose Summary: Timing violations
============================================================
Target clock period: 10ns, clock uncertainty: 1.25ns.

 <State 1>: 1.77ns
The critical path consists of the following:
	multiplexor before 'phi' operation ('i.V') with incoming values : ('i.V', D:/studyapp_new/VIVADO/vivado201704/Vivado/2017.4/common/technology/autopilot/hls/hls_video_imgproc.h:441->D:/studyapp_new/VIVADO/vivado201704/Vivado/2017.4/common/technology/autopilot/hls/hls_video_imgproc.h:1182->D:/studyapp_new/VIVADO/vivado201704/Vivado/2017.4/common/technology/autopilot/hls/hls_video_imgproc.h:1250) [21]  (1.77 ns)

 <State 2>: 2.7ns
The critical path consists of the following:
	'phi' operation ('i.V') with incoming values : ('i.V', D:/studyapp_new/VIVADO/vivado201704/Vivado/2017.4/common/technology/autopilot/hls/hls_video_imgproc.h:441->D:/studyapp_new/VIVADO/vivado201704/Vivado/2017.4/common/technology/autopilot/hls/hls_video_imgproc.h:1182->D:/studyapp_new/VIVADO/vivado201704/Vivado/2017.4/common/technology/autopilot/hls/hls_video_imgproc.h:1250) [21]  (0 ns)
	'icmp' operation ('tmp_s', D:/studyapp_new/VIVADO/vivado201704/Vivado/2017.4/common/technology/autopilot/hls/hls_video_imgproc.h:490->D:/studyapp_new/VIVADO/vivado201704/Vivado/2017.4/common/technology/autopilot/hls/hls_video_imgproc.h:1182->D:/studyapp_new/VIVADO/vivado201704/Vivado/2017.4/common/technology/autopilot/hls/hls_video_imgproc.h:1250) [29]  (1.77 ns)
	'xor' operation ('tmp_219_not', D:/studyapp_new/VIVADO/vivado201704/Vivado/2017.4/common/technology/autopilot/hls/hls_video_imgproc.h:455->D:/studyapp_new/VIVADO/vivado201704/Vivado/2017.4/common/technology/autopilot/hls/hls_video_imgproc.h:1182->D:/studyapp_new/VIVADO/vivado201704/Vivado/2017.4/common/technology/autopilot/hls/hls_video_imgproc.h:1250) [30]  (0.931 ns)

 <State 3>: 6.01ns
The critical path consists of the following:
	'phi' operation ('j.V') with incoming values : ('j.V', D:/studyapp_new/VIVADO/vivado201704/Vivado/2017.4/common/technology/autopilot/hls/hls_video_imgproc.h:442->D:/studyapp_new/VIVADO/vivado201704/Vivado/2017.4/common/technology/autopilot/hls/hls_video_imgproc.h:1182->D:/studyapp_new/VIVADO/vivado201704/Vivado/2017.4/common/technology/autopilot/hls/hls_video_imgproc.h:1250) [41]  (0 ns)
	'add' operation ('ImagLoc.x', D:/studyapp_new/VIVADO/vivado201704/Vivado/2017.4/common/technology/autopilot/hls/hls_video_imgproc.h:449->D:/studyapp_new/VIVADO/vivado201704/Vivado/2017.4/common/technology/autopilot/hls/hls_video_imgproc.h:1182->D:/studyapp_new/VIVADO/vivado201704/Vivado/2017.4/common/technology/autopilot/hls/hls_video_imgproc.h:1250) [57]  (1.94 ns)
	'icmp' operation ('tmp_18', D:/studyapp_new/VIVADO/vivado201704/Vivado/2017.4/common/technology/autopilot/hls/hls_video_imgbase.h:118->D:/studyapp_new/VIVADO/vivado201704/Vivado/2017.4/common/technology/autopilot/hls/hls_video_imgproc.h:450->D:/studyapp_new/VIVADO/vivado201704/Vivado/2017.4/common/technology/autopilot/hls/hls_video_imgproc.h:1182->D:/studyapp_new/VIVADO/vivado201704/Vivado/2017.4/common/technology/autopilot/hls/hls_video_imgproc.h:1250) [61]  (1.77 ns)
	'and' operation ('or_cond_i_i_i', D:/studyapp_new/VIVADO/vivado201704/Vivado/2017.4/common/technology/autopilot/hls/hls_video_imgbase.h:118->D:/studyapp_new/VIVADO/vivado201704/Vivado/2017.4/common/technology/autopilot/hls/hls_video_imgproc.h:450->D:/studyapp_new/VIVADO/vivado201704/Vivado/2017.4/common/technology/autopilot/hls/hls_video_imgproc.h:1182->D:/studyapp_new/VIVADO/vivado201704/Vivado/2017.4/common/technology/autopilot/hls/hls_video_imgproc.h:1250) [62]  (0.931 ns)
	'select' operation ('col', D:/studyapp_new/VIVADO/vivado201704/Vivado/2017.4/common/technology/autopilot/hls/hls_video_mem.h:634->D:/studyapp_new/VIVADO/vivado201704/Vivado/2017.4/common/technology/autopilot/hls/hls_video_mem.h:843->D:/studyapp_new/VIVADO/vivado201704/Vivado/2017.4/common/technology/autopilot/hls/hls_video_imgproc.h:470->D:/studyapp_new/VIVADO/vivado201704/Vivado/2017.4/common/technology/autopilot/hls/hls_video_imgproc.h:1182->D:/studyapp_new/VIVADO/vivado201704/Vivado/2017.4/common/technology/autopilot/hls/hls_video_imgproc.h:1250) [65]  (1.37 ns)

 <State 4>: 3.25ns
The critical path consists of the following:
	'getelementptr' operation ('k_buf_0_val_5_addr', D:/studyapp_new/VIVADO/vivado201704/Vivado/2017.4/common/technology/autopilot/hls/hls_video_mem.h:835->D:/studyapp_new/VIVADO/vivado201704/Vivado/2017.4/common/technology/autopilot/hls/hls_video_mem.h:843->D:/studyapp_new/VIVADO/vivado201704/Vivado/2017.4/common/technology/autopilot/hls/hls_video_imgproc.h:458->D:/studyapp_new/VIVADO/vivado201704/Vivado/2017.4/common/technology/autopilot/hls/hls_video_imgproc.h:1182->D:/studyapp_new/VIVADO/vivado201704/Vivado/2017.4/common/technology/autopilot/hls/hls_video_imgproc.h:1250) [78]  (0 ns)
	'load' operation ('k_buf_0_val_5_load', D:/studyapp_new/VIVADO/vivado201704/Vivado/2017.4/common/technology/autopilot/hls/hls_video_imgproc.h:458->D:/studyapp_new/VIVADO/vivado201704/Vivado/2017.4/common/technology/autopilot/hls/hls_video_imgproc.h:1182->D:/studyapp_new/VIVADO/vivado201704/Vivado/2017.4/common/technology/autopilot/hls/hls_video_imgproc.h:1250) on array 'k_buf[0].val[5]', D:/studyapp_new/VIVADO/vivado201704/Vivado/2017.4/common/technology/autopilot/hls/hls_video_imgproc.h:398->D:/studyapp_new/VIVADO/vivado201704/Vivado/2017.4/common/technology/autopilot/hls/hls_video_imgproc.h:1182->D:/studyapp_new/VIVADO/vivado201704/Vivado/2017.4/common/technology/autopilot/hls/hls_video_imgproc.h:1250 [79]  (3.25 ns)

 <State 5>: 8.17ns
The critical path consists of the following:
	'load' operation ('k_buf_0_val_3_load', D:/studyapp_new/VIVADO/vivado201704/Vivado/2017.4/common/technology/autopilot/hls/hls_video_imgproc.h:458->D:/studyapp_new/VIVADO/vivado201704/Vivado/2017.4/common/technology/autopilot/hls/hls_video_imgproc.h:1182->D:/studyapp_new/VIVADO/vivado201704/Vivado/2017.4/common/technology/autopilot/hls/hls_video_imgproc.h:1250) on array 'k_buf[0].val[3]', D:/studyapp_new/VIVADO/vivado201704/Vivado/2017.4/common/technology/autopilot/hls/hls_video_imgproc.h:398->D:/studyapp_new/VIVADO/vivado201704/Vivado/2017.4/common/technology/autopilot/hls/hls_video_imgproc.h:1182->D:/studyapp_new/VIVADO/vivado201704/Vivado/2017.4/common/technology/autopilot/hls/hls_video_imgproc.h:1250 [70]  (3.25 ns)
	'select' operation ('col_buf[0].val[0][0]', D:/studyapp_new/VIVADO/vivado201704/Vivado/2017.4/common/technology/autopilot/hls/hls_video_imgproc.h:456->D:/studyapp_new/VIVADO/vivado201704/Vivado/2017.4/common/technology/autopilot/hls/hls_video_imgproc.h:1182->D:/studyapp_new/VIVADO/vivado201704/Vivado/2017.4/common/technology/autopilot/hls/hls_video_imgproc.h:1250) [73]  (1.77 ns)
	'mux' operation ('tmp_38', D:/studyapp_new/VIVADO/vivado201704/Vivado/2017.4/common/technology/autopilot/hls/hls_video_imgproc.h:456->D:/studyapp_new/VIVADO/vivado201704/Vivado/2017.4/common/technology/autopilot/hls/hls_video_imgproc.h:1182->D:/studyapp_new/VIVADO/vivado201704/Vivado/2017.4/common/technology/autopilot/hls/hls_video_imgproc.h:1250) [111]  (1.77 ns)
	'select' operation ('src_kernel_win[0].val[1][0]', D:/studyapp_new/VIVADO/vivado201704/Vivado/2017.4/common/technology/autopilot/hls/hls_video_imgproc.h:505->D:/studyapp_new/VIVADO/vivado201704/Vivado/2017.4/common/technology/autopilot/hls/hls_video_imgproc.h:1182->D:/studyapp_new/VIVADO/vivado201704/Vivado/2017.4/common/technology/autopilot/hls/hls_video_imgproc.h:1250) [112]  (1.37 ns)

 <State 6>: 5.84ns
The critical path consists of the following:
	'load' operation ('src_kernel_win_0_va_32', D:/studyapp_new/VIVADO/vivado201704/Vivado/2017.4/common/technology/autopilot/hls/hls_video_imgproc.h:186->D:/studyapp_new/VIVADO/vivado201704/Vivado/2017.4/common/technology/autopilot/hls/hls_video_imgproc.h:512->D:/studyapp_new/VIVADO/vivado201704/Vivado/2017.4/common/technology/autopilot/hls/hls_video_imgproc.h:1182->D:/studyapp_new/VIVADO/vivado201704/Vivado/2017.4/common/technology/autopilot/hls/hls_video_imgproc.h:1250) on local variable 'src_kernel_win[0].val[2][1]' [122]  (0 ns)
	'icmp' operation ('tmp_295_0_1', D:/studyapp_new/VIVADO/vivado201704/Vivado/2017.4/common/technology/autopilot/hls/hls_video_imgproc.h:186->D:/studyapp_new/VIVADO/vivado201704/Vivado/2017.4/common/technology/autopilot/hls/hls_video_imgproc.h:512->D:/studyapp_new/VIVADO/vivado201704/Vivado/2017.4/common/technology/autopilot/hls/hls_video_imgproc.h:1182->D:/studyapp_new/VIVADO/vivado201704/Vivado/2017.4/common/technology/autopilot/hls/hls_video_imgproc.h:1250) [124]  (1.55 ns)
	'select' operation ('temp_0_i_i_i_059_i_s', D:/studyapp_new/VIVADO/vivado201704/Vivado/2017.4/common/technology/autopilot/hls/hls_video_imgproc.h:186->D:/studyapp_new/VIVADO/vivado201704/Vivado/2017.4/common/technology/autopilot/hls/hls_video_imgproc.h:512->D:/studyapp_new/VIVADO/vivado201704/Vivado/2017.4/common/technology/autopilot/hls/hls_video_imgproc.h:1182->D:/studyapp_new/VIVADO/vivado201704/Vivado/2017.4/common/technology/autopilot/hls/hls_video_imgproc.h:1250) [125]  (1.37 ns)
	'icmp' operation ('tmp_295_0_2', D:/studyapp_new/VIVADO/vivado201704/Vivado/2017.4/common/technology/autopilot/hls/hls_video_imgproc.h:186->D:/studyapp_new/VIVADO/vivado201704/Vivado/2017.4/common/technology/autopilot/hls/hls_video_imgproc.h:512->D:/studyapp_new/VIVADO/vivado201704/Vivado/2017.4/common/technology/autopilot/hls/hls_video_imgproc.h:1182->D:/studyapp_new/VIVADO/vivado201704/Vivado/2017.4/common/technology/autopilot/hls/hls_video_imgproc.h:1250) [126]  (1.55 ns)
	'select' operation ('temp_0_i_i_i_059_i_7', D:/studyapp_new/VIVADO/vivado201704/Vivado/2017.4/common/technology/autopilot/hls/hls_video_imgproc.h:186->D:/studyapp_new/VIVADO/vivado201704/Vivado/2017.4/common/technology/autopilot/hls/hls_video_imgproc.h:512->D:/studyapp_new/VIVADO/vivado201704/Vivado/2017.4/common/technology/autopilot/hls/hls_video_imgproc.h:1182->D:/studyapp_new/VIVADO/vivado201704/Vivado/2017.4/common/technology/autopilot/hls/hls_video_imgproc.h:1250) [127]  (1.37 ns)

 <State 7>: 7.39ns
The critical path consists of the following:
	'load' operation ('src_kernel_win_0_va_31', D:/studyapp_new/VIVADO/vivado201704/Vivado/2017.4/common/technology/autopilot/hls/hls_video_imgproc.h:186->D:/studyapp_new/VIVADO/vivado201704/Vivado/2017.4/common/technology/autopilot/hls/hls_video_imgproc.h:512->D:/studyapp_new/VIVADO/vivado201704/Vivado/2017.4/common/technology/autopilot/hls/hls_video_imgproc.h:1182->D:/studyapp_new/VIVADO/vivado201704/Vivado/2017.4/common/technology/autopilot/hls/hls_video_imgproc.h:1250) on local variable 'src_kernel_win[0].val[1][1]' [121]  (0 ns)
	'icmp' operation ('tmp_295_1', D:/studyapp_new/VIVADO/vivado201704/Vivado/2017.4/common/technology/autopilot/hls/hls_video_imgproc.h:186->D:/studyapp_new/VIVADO/vivado201704/Vivado/2017.4/common/technology/autopilot/hls/hls_video_imgproc.h:512->D:/studyapp_new/VIVADO/vivado201704/Vivado/2017.4/common/technology/autopilot/hls/hls_video_imgproc.h:1182->D:/studyapp_new/VIVADO/vivado201704/Vivado/2017.4/common/technology/autopilot/hls/hls_video_imgproc.h:1250) [128]  (1.55 ns)
	'select' operation ('temp_0_i_i_i_059_i_8', D:/studyapp_new/VIVADO/vivado201704/Vivado/2017.4/common/technology/autopilot/hls/hls_video_imgproc.h:186->D:/studyapp_new/VIVADO/vivado201704/Vivado/2017.4/common/technology/autopilot/hls/hls_video_imgproc.h:512->D:/studyapp_new/VIVADO/vivado201704/Vivado/2017.4/common/technology/autopilot/hls/hls_video_imgproc.h:1182->D:/studyapp_new/VIVADO/vivado201704/Vivado/2017.4/common/technology/autopilot/hls/hls_video_imgproc.h:1250) [129]  (1.37 ns)
	'icmp' operation ('tmp_295_1_1', D:/studyapp_new/VIVADO/vivado201704/Vivado/2017.4/common/technology/autopilot/hls/hls_video_imgproc.h:186->D:/studyapp_new/VIVADO/vivado201704/Vivado/2017.4/common/technology/autopilot/hls/hls_video_imgproc.h:512->D:/studyapp_new/VIVADO/vivado201704/Vivado/2017.4/common/technology/autopilot/hls/hls_video_imgproc.h:1182->D:/studyapp_new/VIVADO/vivado201704/Vivado/2017.4/common/technology/autopilot/hls/hls_video_imgproc.h:1250) [130]  (1.55 ns)
	'select' operation ('temp_0_i_i_i_059_i_9', D:/studyapp_new/VIVADO/vivado201704/Vivado/2017.4/common/technology/autopilot/hls/hls_video_imgproc.h:186->D:/studyapp_new/VIVADO/vivado201704/Vivado/2017.4/common/technology/autopilot/hls/hls_video_imgproc.h:512->D:/studyapp_new/VIVADO/vivado201704/Vivado/2017.4/common/technology/autopilot/hls/hls_video_imgproc.h:1182->D:/studyapp_new/VIVADO/vivado201704/Vivado/2017.4/common/technology/autopilot/hls/hls_video_imgproc.h:1250) [131]  (1.37 ns)
	'icmp' operation ('tmp_295_1_2', D:/studyapp_new/VIVADO/vivado201704/Vivado/2017.4/common/technology/autopilot/hls/hls_video_imgproc.h:186->D:/studyapp_new/VIVADO/vivado201704/Vivado/2017.4/common/technology/autopilot/hls/hls_video_imgproc.h:512->D:/studyapp_new/VIVADO/vivado201704/Vivado/2017.4/common/technology/autopilot/hls/hls_video_imgproc.h:1182->D:/studyapp_new/VIVADO/vivado201704/Vivado/2017.4/common/technology/autopilot/hls/hls_video_imgproc.h:1250) [132]  (1.55 ns)

 <State 8>: 7.21ns
The critical path consists of the following:
	'select' operation ('temp_0_i_i_i_059_i_3', D:/studyapp_new/VIVADO/vivado201704/Vivado/2017.4/common/technology/autopilot/hls/hls_video_imgproc.h:186->D:/studyapp_new/VIVADO/vivado201704/Vivado/2017.4/common/technology/autopilot/hls/hls_video_imgproc.h:512->D:/studyapp_new/VIVADO/vivado201704/Vivado/2017.4/common/technology/autopilot/hls/hls_video_imgproc.h:1182->D:/studyapp_new/VIVADO/vivado201704/Vivado/2017.4/common/technology/autopilot/hls/hls_video_imgproc.h:1250) [133]  (1.37 ns)
	'icmp' operation ('tmp_295_2', D:/studyapp_new/VIVADO/vivado201704/Vivado/2017.4/common/technology/autopilot/hls/hls_video_imgproc.h:186->D:/studyapp_new/VIVADO/vivado201704/Vivado/2017.4/common/technology/autopilot/hls/hls_video_imgproc.h:512->D:/studyapp_new/VIVADO/vivado201704/Vivado/2017.4/common/technology/autopilot/hls/hls_video_imgproc.h:1182->D:/studyapp_new/VIVADO/vivado201704/Vivado/2017.4/common/technology/autopilot/hls/hls_video_imgproc.h:1250) [134]  (1.55 ns)
	'select' operation ('temp_0_i_i_i_059_i_1', D:/studyapp_new/VIVADO/vivado201704/Vivado/2017.4/common/technology/autopilot/hls/hls_video_imgproc.h:186->D:/studyapp_new/VIVADO/vivado201704/Vivado/2017.4/common/technology/autopilot/hls/hls_video_imgproc.h:512->D:/studyapp_new/VIVADO/vivado201704/Vivado/2017.4/common/technology/autopilot/hls/hls_video_imgproc.h:1182->D:/studyapp_new/VIVADO/vivado201704/Vivado/2017.4/common/technology/autopilot/hls/hls_video_imgproc.h:1250) [135]  (1.37 ns)
	'icmp' operation ('tmp_295_2_1', D:/studyapp_new/VIVADO/vivado201704/Vivado/2017.4/common/technology/autopilot/hls/hls_video_imgproc.h:186->D:/studyapp_new/VIVADO/vivado201704/Vivado/2017.4/common/technology/autopilot/hls/hls_video_imgproc.h:512->D:/studyapp_new/VIVADO/vivado201704/Vivado/2017.4/common/technology/autopilot/hls/hls_video_imgproc.h:1182->D:/studyapp_new/VIVADO/vivado201704/Vivado/2017.4/common/technology/autopilot/hls/hls_video_imgproc.h:1250) [136]  (1.55 ns)
	'select' operation ('temp_0_i_i_i_059_i_2', D:/studyapp_new/VIVADO/vivado201704/Vivado/2017.4/common/technology/autopilot/hls/hls_video_imgproc.h:186->D:/studyapp_new/VIVADO/vivado201704/Vivado/2017.4/common/technology/autopilot/hls/hls_video_imgproc.h:512->D:/studyapp_new/VIVADO/vivado201704/Vivado/2017.4/common/technology/autopilot/hls/hls_video_imgproc.h:1182->D:/studyapp_new/VIVADO/vivado201704/Vivado/2017.4/common/technology/autopilot/hls/hls_video_imgproc.h:1250) [137]  (1.37 ns)

 <State 9>: 6.55ns
The critical path consists of the following:
	'icmp' operation ('tmp_295_2_2', D:/studyapp_new/VIVADO/vivado201704/Vivado/2017.4/common/technology/autopilot/hls/hls_video_imgproc.h:186->D:/studyapp_new/VIVADO/vivado201704/Vivado/2017.4/common/technology/autopilot/hls/hls_video_imgproc.h:512->D:/studyapp_new/VIVADO/vivado201704/Vivado/2017.4/common/technology/autopilot/hls/hls_video_imgproc.h:1182->D:/studyapp_new/VIVADO/vivado201704/Vivado/2017.4/common/technology/autopilot/hls/hls_video_imgproc.h:1250) [138]  (1.55 ns)
	'select' operation ('tmp', D:/studyapp_new/VIVADO/vivado201704/Vivado/2017.4/common/technology/autopilot/hls/hls_video_imgproc.h:186->D:/studyapp_new/VIVADO/vivado201704/Vivado/2017.4/common/technology/autopilot/hls/hls_video_imgproc.h:512->D:/studyapp_new/VIVADO/vivado201704/Vivado/2017.4/common/technology/autopilot/hls/hls_video_imgproc.h:1182->D:/studyapp_new/VIVADO/vivado201704/Vivado/2017.4/common/technology/autopilot/hls/hls_video_imgproc.h:1250) [139]  (1.37 ns)
	fifo write on port 'p_dst_data_stream_V' (D:/studyapp_new/VIVADO/vivado201704/Vivado/2017.4/common/technology/autopilot/hls/hls_video_imgproc.h:513->D:/studyapp_new/VIVADO/vivado201704/Vivado/2017.4/common/technology/autopilot/hls/hls_video_imgproc.h:1182->D:/studyapp_new/VIVADO/vivado201704/Vivado/2017.4/common/technology/autopilot/hls/hls_video_imgproc.h:1250) [140]  (3.63 ns)

 <State 10>: 0ns
The critical path consists of the following:


============================================================
+ Verbose Summary: Binding
============================================================
N/A
* FSMD analyzer results:
  - Output states:
 - Input state : 
  - Chain level:
	State 1
	State 2
	State 3
	State 4
	State 5
	State 6
	State 7
	State 8
	State 9
	State 10


============================================================
+ Verbose Summary: Datapath Resource usage 
============================================================
N/A
