

================================================================
== Vivado HLS Report for 'normalized_Loop_loop'
================================================================
* Date:           Tue Mar 24 00:12:06 2020

* Version:        2017.4 (Build 2086221 on Fri Dec 15 21:13:33 MST 2017)
* Project:        YCrCbGuass
* Solution:       solution1
* Product family: zynq
* Target device:  xc7z020clg484-1


================================================================
== Performance Estimates
================================================================
+ Timing (ns): 
    * Summary: 
    +--------+-------+----------+------------+
    |  Clock | Target| Estimated| Uncertainty|
    +--------+-------+----------+------------+
    |ap_clk  |  10.00|      9.18|        1.25|
    +--------+-------+----------+------------+

+ Latency (clock cycles): 
    * Summary: 
    +--------+--------+--------+--------+---------+
    |     Latency     |     Interval    | Pipeline|
    |   min  |   max  |   min  |   max  |   Type  |
    +--------+--------+--------+--------+---------+
    |  345653|  345653|  345653|  345653|   none  |
    +--------+--------+--------+--------+---------+

    + Detail: 
        * Instance: 
        N/A

        * Loop: 
        +-----------------------------+--------+--------+----------+-----------+-----------+--------+----------+
        |                             |     Latency     | Iteration|  Initiation Interval  |  Trip  |          |
        |          Loop Name          |   min  |   max  |  Latency |  achieved |   target  |  Count | Pipelined|
        +-----------------------------+--------+--------+----------+-----------+-----------+--------+----------+
        |- loop_height4_loop_weight4  |  345646|  345646|        48|          1|          1|  345600|    yes   |
        +-----------------------------+--------+--------+----------+-----------+-----------+--------+----------+

============================================================
+ Verbose Summary: Synthesis Manager
============================================================
InlineROM: 1
ExposeGlobal: 0
============================================================
+ Verbose Summary: CDFG Model
============================================================
IsTopModel: 0
ResetActiveHigh: 1
IsCombinational: 2
IsDatapathOnly: 0
HasWiredReturn: 1
HasMFsm: 0
HasVarLatency: 1
IsPipeline: 0
IsRtlPipelined: 0
IsInstanceOverlapped: 0
IsDontTouch: 0
HasImplIP: 0
IsGatedGlobalClock: 0

+ Individual pipeline summary: 
  * Pipeline-0: initiation interval (II) = 1, depth = 48


============================================================
+ Verbose Summary: Schedule
============================================================
* Number of FSM states : 55
* Pipeline : 1
  Pipeline-0 : II = 1, D = 48, States = { 7 8 9 10 11 12 13 14 15 16 17 18 19 20 21 22 23 24 25 26 27 28 29 30 31 32 33 34 35 36 37 38 39 40 41 42 43 44 45 46 47 48 49 50 51 52 53 54 }
* Dataflow Pipeline: 0

* FSM state transitions: 
1 --> 
	2  / true
2 --> 
	3  / true
3 --> 
	4  / true
4 --> 
	5  / true
5 --> 
	6  / true
6 --> 
	7  / true
7 --> 
	55  / (exitcond_flatten)
	8  / (!exitcond_flatten)
8 --> 
	9  / true
9 --> 
	10  / true
10 --> 
	11  / true
11 --> 
	12  / true
12 --> 
	13  / true
13 --> 
	14  / true
14 --> 
	15  / true
15 --> 
	16  / true
16 --> 
	17  / true
17 --> 
	18  / true
18 --> 
	19  / true
19 --> 
	20  / true
20 --> 
	21  / true
21 --> 
	22  / true
22 --> 
	23  / true
23 --> 
	24  / true
24 --> 
	25  / true
25 --> 
	26  / true
26 --> 
	27  / true
27 --> 
	28  / true
28 --> 
	29  / true
29 --> 
	30  / true
30 --> 
	31  / true
31 --> 
	32  / true
32 --> 
	33  / true
33 --> 
	34  / true
34 --> 
	35  / true
35 --> 
	36  / true
36 --> 
	37  / true
37 --> 
	38  / true
38 --> 
	39  / true
39 --> 
	40  / true
40 --> 
	41  / true
41 --> 
	42  / true
42 --> 
	43  / true
43 --> 
	44  / true
44 --> 
	45  / true
45 --> 
	46  / true
46 --> 
	47  / true
47 --> 
	48  / true
48 --> 
	49  / true
49 --> 
	50  / true
50 --> 
	51  / true
51 --> 
	52  / true
52 --> 
	53  / true
53 --> 
	54  / true
54 --> 
	7  / true
55 --> 

* FSM state operations: 

 <State 1> : 3.63ns
ST_1 : Operation 56 [1/1] (3.63ns)   --->   "%max_read = call double @_ssdm_op_Read.ap_fifo.doubleP(double* %max)"   --->   Core 32 'FIFO' <Latency = 0> <II = 1> <Delay = 3.63> <Storage> <Opcode : 'read' 'write' 'nbread' 'nbwrite'> <Ports = 0> <Width = 64> <Depth = 1> <FIFO>
ST_1 : Operation 57 [1/1] (3.63ns)   --->   "%min_read = call double @_ssdm_op_Read.ap_fifo.doubleP(double* %min)"   --->   Core 32 'FIFO' <Latency = 0> <II = 1> <Delay = 3.63> <Storage> <Opcode : 'read' 'write' 'nbread' 'nbwrite'> <Ports = 0> <Width = 64> <Depth = 1> <FIFO>

 <State 2> : 8.23ns
ST_2 : Operation 58 [5/5] (8.23ns)   --->   "%tmp_i = fsub double %max_read, %min_read" [imgprocess.cpp:253]   --->   Core 109 'DAddSub' <Latency = 4> <II = 1> <Delay = 8.23> <FuncUnit> <Opcode : 'dadd' 'dsub'> <InPorts = 2> <OutPorts = 1>

 <State 3> : 8.23ns
ST_3 : Operation 59 [4/5] (8.23ns)   --->   "%tmp_i = fsub double %max_read, %min_read" [imgprocess.cpp:253]   --->   Core 109 'DAddSub' <Latency = 4> <II = 1> <Delay = 8.23> <FuncUnit> <Opcode : 'dadd' 'dsub'> <InPorts = 2> <OutPorts = 1>

 <State 4> : 8.23ns
ST_4 : Operation 60 [3/5] (8.23ns)   --->   "%tmp_i = fsub double %max_read, %min_read" [imgprocess.cpp:253]   --->   Core 109 'DAddSub' <Latency = 4> <II = 1> <Delay = 8.23> <FuncUnit> <Opcode : 'dadd' 'dsub'> <InPorts = 2> <OutPorts = 1>

 <State 5> : 8.23ns
ST_5 : Operation 61 [2/5] (8.23ns)   --->   "%tmp_i = fsub double %max_read, %min_read" [imgprocess.cpp:253]   --->   Core 109 'DAddSub' <Latency = 4> <II = 1> <Delay = 8.23> <FuncUnit> <Opcode : 'dadd' 'dsub'> <InPorts = 2> <OutPorts = 1>

 <State 6> : 8.23ns
ST_6 : Operation 62 [1/1] (0.00ns)   --->   "call void (...)* @_ssdm_op_SpecInterface(double* %min, [8 x i8]* @ap_fifo_str, i32 0, i32 0, [1 x i8]* @p_str, i32 0, i32 0, [1 x i8]* @p_str, [1 x i8]* @p_str, [1 x i8]* @p_str, i32 2, i32 2, i32 16, i32 16, [1 x i8]* @p_str, [1 x i8]* @p_str)"
ST_6 : Operation 63 [1/1] (0.00ns)   --->   "call void (...)* @_ssdm_op_SpecInterface(double* %max, [8 x i8]* @ap_fifo_str, i32 0, i32 0, [1 x i8]* @p_str, i32 0, i32 0, [1 x i8]* @p_str, [1 x i8]* @p_str, [1 x i8]* @p_str, i32 2, i32 2, i32 16, i32 16, [1 x i8]* @p_str, [1 x i8]* @p_str)"
ST_6 : Operation 64 [1/1] (0.00ns)   --->   "call void (...)* @_ssdm_op_SpecInterface(float* %nor_data_stream_V, [8 x i8]* @ap_fifo_str, i32 0, i32 0, [1 x i8]* @p_str, i32 0, i32 0, [1 x i8]* @p_str, [1 x i8]* @p_str, [1 x i8]* @p_str, i32 2, i32 2, i32 16, i32 16, [1 x i8]* @p_str, [1 x i8]* @p_str)"
ST_6 : Operation 65 [1/1] (0.00ns)   --->   "call void (...)* @_ssdm_op_SpecInterface(float* %sim_data_stream_V, [8 x i8]* @ap_fifo_str, i32 0, i32 0, [1 x i8]* @p_str, i32 0, i32 0, [1 x i8]* @p_str, [1 x i8]* @p_str, [1 x i8]* @p_str, i32 2, i32 2, i32 16, i32 16, [1 x i8]* @p_str, [1 x i8]* @p_str)"
ST_6 : Operation 66 [1/1] (0.00ns)   --->   "call void (...)* @_ssdm_op_SpecInterface(i8* %gray_data_stream_V, [8 x i8]* @ap_fifo_str, i32 0, i32 0, [1 x i8]* @p_str, i32 0, i32 0, [1 x i8]* @p_str, [1 x i8]* @p_str, [1 x i8]* @p_str, i32 2, i32 2, i32 16, i32 16, [1 x i8]* @p_str, [1 x i8]* @p_str)"
ST_6 : Operation 67 [1/5] (8.23ns)   --->   "%tmp_i = fsub double %max_read, %min_read" [imgprocess.cpp:253]   --->   Core 109 'DAddSub' <Latency = 4> <II = 1> <Delay = 8.23> <FuncUnit> <Opcode : 'dadd' 'dsub'> <InPorts = 2> <OutPorts = 1>
ST_6 : Operation 68 [1/1] (1.76ns)   --->   "br label %0"

 <State 7> : 2.44ns
ST_7 : Operation 69 [1/1] (0.00ns)   --->   "%indvar_flatten = phi i19 [ 0, %entry ], [ %indvar_flatten_next, %.reset ]"
ST_7 : Operation 70 [1/1] (2.43ns)   --->   "%exitcond_flatten = icmp eq i19 %indvar_flatten, -178688"   --->   Core 25 'Cmp' <Latency = 0> <II = 1> <Delay = 2.43> <FuncUnit> <Opcode : 'icmp'> <InPorts = 2> <OutPorts = 1>
ST_7 : Operation 71 [1/1] (2.16ns)   --->   "%indvar_flatten_next = add i19 %indvar_flatten, 1"   --->   Core 14 'AddSub' <Latency = 0> <II = 1> <Delay = 1.91> <FuncUnit> <Opcode : 'add' 'sub'> <InPorts = 2> <OutPorts = 1>
ST_7 : Operation 72 [1/1] (0.00ns)   --->   "br i1 %exitcond_flatten, label %.exit, label %.reset"

 <State 8> : 9.18ns
ST_8 : Operation 73 [1/1] (0.00ns)   --->   "%tmp_36_i = call i32 (...)* @_ssdm_op_SpecRegionBegin([12 x i8]* @p_str44)" [D:/studyapp_new/VIVADO/vivado201704/Vivado/2017.4/common/technology/autopilot/hls/hls_video_core.h:617->D:/studyapp_new/VIVADO/vivado201704/Vivado/2017.4/common/technology/autopilot/hls/hls_video_core.h:656->imgprocess.cpp:252]
ST_8 : Operation 74 [1/1] (0.00ns)   --->   "call void (...)* @_ssdm_op_SpecProtocol(i32 0, [1 x i8]* @p_str) nounwind" [D:/studyapp_new/VIVADO/vivado201704/Vivado/2017.4/common/technology/autopilot/hls/hls_video_core.h:621->D:/studyapp_new/VIVADO/vivado201704/Vivado/2017.4/common/technology/autopilot/hls/hls_video_core.h:656->imgprocess.cpp:252]
ST_8 : Operation 75 [1/1] (3.63ns)   --->   "%tmp = call float @_ssdm_op_Read.ap_fifo.volatile.floatP(float* %sim_data_stream_V)" [D:/studyapp_new/VIVADO/vivado201704/Vivado/2017.4/common/technology/autopilot/hls/hls_video_core.h:624->D:/studyapp_new/VIVADO/vivado201704/Vivado/2017.4/common/technology/autopilot/hls/hls_video_core.h:656->imgprocess.cpp:252]   --->   Core 32 'FIFO' <Latency = 0> <II = 1> <Delay = 3.63> <Storage> <Opcode : 'read' 'write' 'nbread' 'nbwrite'> <Ports = 0> <Width = 64> <Depth = 1> <FIFO>
ST_8 : Operation 76 [1/1] (5.54ns)   --->   "%tmp_i_i = fpext float %tmp to double" [imgprocess.cpp:253]   --->   Core 108 'Float2Double' <Latency = 0> <II = 1> <Delay = 5.54> <FuncUnit> <Opcode : 'fpext'> <InPorts = 1> <OutPorts = 1>
ST_8 : Operation 77 [1/1] (0.00ns)   --->   "%empty = call i32 (...)* @_ssdm_op_SpecRegionEnd([12 x i8]* @p_str44, i32 %tmp_36_i)" [D:/studyapp_new/VIVADO/vivado201704/Vivado/2017.4/common/technology/autopilot/hls/hls_video_core.h:626->D:/studyapp_new/VIVADO/vivado201704/Vivado/2017.4/common/technology/autopilot/hls/hls_video_core.h:656->imgprocess.cpp:252]

 <State 9> : 8.23ns
ST_9 : Operation 78 [5/5] (8.23ns)   --->   "%tmp_26_i_i = fsub double %tmp_i_i, %min_read" [imgprocess.cpp:253]   --->   Core 109 'DAddSub' <Latency = 4> <II = 1> <Delay = 8.23> <FuncUnit> <Opcode : 'dadd' 'dsub'> <InPorts = 2> <OutPorts = 1>

 <State 10> : 8.23ns
ST_10 : Operation 79 [4/5] (8.23ns)   --->   "%tmp_26_i_i = fsub double %tmp_i_i, %min_read" [imgprocess.cpp:253]   --->   Core 109 'DAddSub' <Latency = 4> <II = 1> <Delay = 8.23> <FuncUnit> <Opcode : 'dadd' 'dsub'> <InPorts = 2> <OutPorts = 1>

 <State 11> : 8.23ns
ST_11 : Operation 80 [3/5] (8.23ns)   --->   "%tmp_26_i_i = fsub double %tmp_i_i, %min_read" [imgprocess.cpp:253]   --->   Core 109 'DAddSub' <Latency = 4> <II = 1> <Delay = 8.23> <FuncUnit> <Opcode : 'dadd' 'dsub'> <InPorts = 2> <OutPorts = 1>

 <State 12> : 8.23ns
ST_12 : Operation 81 [2/5] (8.23ns)   --->   "%tmp_26_i_i = fsub double %tmp_i_i, %min_read" [imgprocess.cpp:253]   --->   Core 109 'DAddSub' <Latency = 4> <II = 1> <Delay = 8.23> <FuncUnit> <Opcode : 'dadd' 'dsub'> <InPorts = 2> <OutPorts = 1>

 <State 13> : 8.23ns
ST_13 : Operation 82 [1/5] (8.23ns)   --->   "%tmp_26_i_i = fsub double %tmp_i_i, %min_read" [imgprocess.cpp:253]   --->   Core 109 'DAddSub' <Latency = 4> <II = 1> <Delay = 8.23> <FuncUnit> <Opcode : 'dadd' 'dsub'> <InPorts = 2> <OutPorts = 1>

 <State 14> : 8.62ns
ST_14 : Operation 83 [31/31] (8.62ns)   --->   "%tmp_27_i_i = fdiv double %tmp_26_i_i, %tmp_i" [imgprocess.cpp:253]   --->   Core 111 'DDiv' <Latency = 30> <II = 1> <Delay = 8.62> <FuncUnit> <Opcode : 'ddiv' 'drem'> <InPorts = 2> <OutPorts = 1>

 <State 15> : 8.62ns
ST_15 : Operation 84 [30/31] (8.62ns)   --->   "%tmp_27_i_i = fdiv double %tmp_26_i_i, %tmp_i" [imgprocess.cpp:253]   --->   Core 111 'DDiv' <Latency = 30> <II = 1> <Delay = 8.62> <FuncUnit> <Opcode : 'ddiv' 'drem'> <InPorts = 2> <OutPorts = 1>

 <State 16> : 8.62ns
ST_16 : Operation 85 [29/31] (8.62ns)   --->   "%tmp_27_i_i = fdiv double %tmp_26_i_i, %tmp_i" [imgprocess.cpp:253]   --->   Core 111 'DDiv' <Latency = 30> <II = 1> <Delay = 8.62> <FuncUnit> <Opcode : 'ddiv' 'drem'> <InPorts = 2> <OutPorts = 1>

 <State 17> : 8.62ns
ST_17 : Operation 86 [28/31] (8.62ns)   --->   "%tmp_27_i_i = fdiv double %tmp_26_i_i, %tmp_i" [imgprocess.cpp:253]   --->   Core 111 'DDiv' <Latency = 30> <II = 1> <Delay = 8.62> <FuncUnit> <Opcode : 'ddiv' 'drem'> <InPorts = 2> <OutPorts = 1>

 <State 18> : 8.62ns
ST_18 : Operation 87 [27/31] (8.62ns)   --->   "%tmp_27_i_i = fdiv double %tmp_26_i_i, %tmp_i" [imgprocess.cpp:253]   --->   Core 111 'DDiv' <Latency = 30> <II = 1> <Delay = 8.62> <FuncUnit> <Opcode : 'ddiv' 'drem'> <InPorts = 2> <OutPorts = 1>

 <State 19> : 8.62ns
ST_19 : Operation 88 [26/31] (8.62ns)   --->   "%tmp_27_i_i = fdiv double %tmp_26_i_i, %tmp_i" [imgprocess.cpp:253]   --->   Core 111 'DDiv' <Latency = 30> <II = 1> <Delay = 8.62> <FuncUnit> <Opcode : 'ddiv' 'drem'> <InPorts = 2> <OutPorts = 1>

 <State 20> : 8.62ns
ST_20 : Operation 89 [25/31] (8.62ns)   --->   "%tmp_27_i_i = fdiv double %tmp_26_i_i, %tmp_i" [imgprocess.cpp:253]   --->   Core 111 'DDiv' <Latency = 30> <II = 1> <Delay = 8.62> <FuncUnit> <Opcode : 'ddiv' 'drem'> <InPorts = 2> <OutPorts = 1>

 <State 21> : 8.62ns
ST_21 : Operation 90 [24/31] (8.62ns)   --->   "%tmp_27_i_i = fdiv double %tmp_26_i_i, %tmp_i" [imgprocess.cpp:253]   --->   Core 111 'DDiv' <Latency = 30> <II = 1> <Delay = 8.62> <FuncUnit> <Opcode : 'ddiv' 'drem'> <InPorts = 2> <OutPorts = 1>

 <State 22> : 8.62ns
ST_22 : Operation 91 [23/31] (8.62ns)   --->   "%tmp_27_i_i = fdiv double %tmp_26_i_i, %tmp_i" [imgprocess.cpp:253]   --->   Core 111 'DDiv' <Latency = 30> <II = 1> <Delay = 8.62> <FuncUnit> <Opcode : 'ddiv' 'drem'> <InPorts = 2> <OutPorts = 1>

 <State 23> : 8.62ns
ST_23 : Operation 92 [22/31] (8.62ns)   --->   "%tmp_27_i_i = fdiv double %tmp_26_i_i, %tmp_i" [imgprocess.cpp:253]   --->   Core 111 'DDiv' <Latency = 30> <II = 1> <Delay = 8.62> <FuncUnit> <Opcode : 'ddiv' 'drem'> <InPorts = 2> <OutPorts = 1>

 <State 24> : 8.62ns
ST_24 : Operation 93 [21/31] (8.62ns)   --->   "%tmp_27_i_i = fdiv double %tmp_26_i_i, %tmp_i" [imgprocess.cpp:253]   --->   Core 111 'DDiv' <Latency = 30> <II = 1> <Delay = 8.62> <FuncUnit> <Opcode : 'ddiv' 'drem'> <InPorts = 2> <OutPorts = 1>

 <State 25> : 8.62ns
ST_25 : Operation 94 [20/31] (8.62ns)   --->   "%tmp_27_i_i = fdiv double %tmp_26_i_i, %tmp_i" [imgprocess.cpp:253]   --->   Core 111 'DDiv' <Latency = 30> <II = 1> <Delay = 8.62> <FuncUnit> <Opcode : 'ddiv' 'drem'> <InPorts = 2> <OutPorts = 1>

 <State 26> : 8.62ns
ST_26 : Operation 95 [19/31] (8.62ns)   --->   "%tmp_27_i_i = fdiv double %tmp_26_i_i, %tmp_i" [imgprocess.cpp:253]   --->   Core 111 'DDiv' <Latency = 30> <II = 1> <Delay = 8.62> <FuncUnit> <Opcode : 'ddiv' 'drem'> <InPorts = 2> <OutPorts = 1>

 <State 27> : 8.62ns
ST_27 : Operation 96 [18/31] (8.62ns)   --->   "%tmp_27_i_i = fdiv double %tmp_26_i_i, %tmp_i" [imgprocess.cpp:253]   --->   Core 111 'DDiv' <Latency = 30> <II = 1> <Delay = 8.62> <FuncUnit> <Opcode : 'ddiv' 'drem'> <InPorts = 2> <OutPorts = 1>

 <State 28> : 8.62ns
ST_28 : Operation 97 [17/31] (8.62ns)   --->   "%tmp_27_i_i = fdiv double %tmp_26_i_i, %tmp_i" [imgprocess.cpp:253]   --->   Core 111 'DDiv' <Latency = 30> <II = 1> <Delay = 8.62> <FuncUnit> <Opcode : 'ddiv' 'drem'> <InPorts = 2> <OutPorts = 1>

 <State 29> : 8.62ns
ST_29 : Operation 98 [16/31] (8.62ns)   --->   "%tmp_27_i_i = fdiv double %tmp_26_i_i, %tmp_i" [imgprocess.cpp:253]   --->   Core 111 'DDiv' <Latency = 30> <II = 1> <Delay = 8.62> <FuncUnit> <Opcode : 'ddiv' 'drem'> <InPorts = 2> <OutPorts = 1>

 <State 30> : 8.62ns
ST_30 : Operation 99 [15/31] (8.62ns)   --->   "%tmp_27_i_i = fdiv double %tmp_26_i_i, %tmp_i" [imgprocess.cpp:253]   --->   Core 111 'DDiv' <Latency = 30> <II = 1> <Delay = 8.62> <FuncUnit> <Opcode : 'ddiv' 'drem'> <InPorts = 2> <OutPorts = 1>

 <State 31> : 8.62ns
ST_31 : Operation 100 [14/31] (8.62ns)   --->   "%tmp_27_i_i = fdiv double %tmp_26_i_i, %tmp_i" [imgprocess.cpp:253]   --->   Core 111 'DDiv' <Latency = 30> <II = 1> <Delay = 8.62> <FuncUnit> <Opcode : 'ddiv' 'drem'> <InPorts = 2> <OutPorts = 1>

 <State 32> : 8.62ns
ST_32 : Operation 101 [13/31] (8.62ns)   --->   "%tmp_27_i_i = fdiv double %tmp_26_i_i, %tmp_i" [imgprocess.cpp:253]   --->   Core 111 'DDiv' <Latency = 30> <II = 1> <Delay = 8.62> <FuncUnit> <Opcode : 'ddiv' 'drem'> <InPorts = 2> <OutPorts = 1>

 <State 33> : 8.62ns
ST_33 : Operation 102 [12/31] (8.62ns)   --->   "%tmp_27_i_i = fdiv double %tmp_26_i_i, %tmp_i" [imgprocess.cpp:253]   --->   Core 111 'DDiv' <Latency = 30> <II = 1> <Delay = 8.62> <FuncUnit> <Opcode : 'ddiv' 'drem'> <InPorts = 2> <OutPorts = 1>

 <State 34> : 8.62ns
ST_34 : Operation 103 [11/31] (8.62ns)   --->   "%tmp_27_i_i = fdiv double %tmp_26_i_i, %tmp_i" [imgprocess.cpp:253]   --->   Core 111 'DDiv' <Latency = 30> <II = 1> <Delay = 8.62> <FuncUnit> <Opcode : 'ddiv' 'drem'> <InPorts = 2> <OutPorts = 1>

 <State 35> : 8.62ns
ST_35 : Operation 104 [10/31] (8.62ns)   --->   "%tmp_27_i_i = fdiv double %tmp_26_i_i, %tmp_i" [imgprocess.cpp:253]   --->   Core 111 'DDiv' <Latency = 30> <II = 1> <Delay = 8.62> <FuncUnit> <Opcode : 'ddiv' 'drem'> <InPorts = 2> <OutPorts = 1>

 <State 36> : 8.62ns
ST_36 : Operation 105 [9/31] (8.62ns)   --->   "%tmp_27_i_i = fdiv double %tmp_26_i_i, %tmp_i" [imgprocess.cpp:253]   --->   Core 111 'DDiv' <Latency = 30> <II = 1> <Delay = 8.62> <FuncUnit> <Opcode : 'ddiv' 'drem'> <InPorts = 2> <OutPorts = 1>

 <State 37> : 8.62ns
ST_37 : Operation 106 [8/31] (8.62ns)   --->   "%tmp_27_i_i = fdiv double %tmp_26_i_i, %tmp_i" [imgprocess.cpp:253]   --->   Core 111 'DDiv' <Latency = 30> <II = 1> <Delay = 8.62> <FuncUnit> <Opcode : 'ddiv' 'drem'> <InPorts = 2> <OutPorts = 1>

 <State 38> : 8.62ns
ST_38 : Operation 107 [7/31] (8.62ns)   --->   "%tmp_27_i_i = fdiv double %tmp_26_i_i, %tmp_i" [imgprocess.cpp:253]   --->   Core 111 'DDiv' <Latency = 30> <II = 1> <Delay = 8.62> <FuncUnit> <Opcode : 'ddiv' 'drem'> <InPorts = 2> <OutPorts = 1>

 <State 39> : 8.62ns
ST_39 : Operation 108 [6/31] (8.62ns)   --->   "%tmp_27_i_i = fdiv double %tmp_26_i_i, %tmp_i" [imgprocess.cpp:253]   --->   Core 111 'DDiv' <Latency = 30> <II = 1> <Delay = 8.62> <FuncUnit> <Opcode : 'ddiv' 'drem'> <InPorts = 2> <OutPorts = 1>

 <State 40> : 8.62ns
ST_40 : Operation 109 [5/31] (8.62ns)   --->   "%tmp_27_i_i = fdiv double %tmp_26_i_i, %tmp_i" [imgprocess.cpp:253]   --->   Core 111 'DDiv' <Latency = 30> <II = 1> <Delay = 8.62> <FuncUnit> <Opcode : 'ddiv' 'drem'> <InPorts = 2> <OutPorts = 1>

 <State 41> : 8.62ns
ST_41 : Operation 110 [4/31] (8.62ns)   --->   "%tmp_27_i_i = fdiv double %tmp_26_i_i, %tmp_i" [imgprocess.cpp:253]   --->   Core 111 'DDiv' <Latency = 30> <II = 1> <Delay = 8.62> <FuncUnit> <Opcode : 'ddiv' 'drem'> <InPorts = 2> <OutPorts = 1>

 <State 42> : 8.62ns
ST_42 : Operation 111 [3/31] (8.62ns)   --->   "%tmp_27_i_i = fdiv double %tmp_26_i_i, %tmp_i" [imgprocess.cpp:253]   --->   Core 111 'DDiv' <Latency = 30> <II = 1> <Delay = 8.62> <FuncUnit> <Opcode : 'ddiv' 'drem'> <InPorts = 2> <OutPorts = 1>

 <State 43> : 8.62ns
ST_43 : Operation 112 [2/31] (8.62ns)   --->   "%tmp_27_i_i = fdiv double %tmp_26_i_i, %tmp_i" [imgprocess.cpp:253]   --->   Core 111 'DDiv' <Latency = 30> <II = 1> <Delay = 8.62> <FuncUnit> <Opcode : 'ddiv' 'drem'> <InPorts = 2> <OutPorts = 1>

 <State 44> : 8.62ns
ST_44 : Operation 113 [1/31] (8.62ns)   --->   "%tmp_27_i_i = fdiv double %tmp_26_i_i, %tmp_i" [imgprocess.cpp:253]   --->   Core 111 'DDiv' <Latency = 30> <II = 1> <Delay = 8.62> <FuncUnit> <Opcode : 'ddiv' 'drem'> <InPorts = 2> <OutPorts = 1>

 <State 45> : 6.50ns
ST_45 : Operation 114 [1/1] (6.50ns)   --->   "%tmp_1 = fptrunc double %tmp_27_i_i to float" [imgprocess.cpp:253]   --->   Core 117 'Double2Float' <Latency = 0> <II = 1> <Delay = 6.50> <FuncUnit> <Opcode : 'fptrunc'> <InPorts = 1> <OutPorts = 1>

 <State 46> : 5.55ns
ST_46 : Operation 115 [1/1] (5.54ns)   --->   "%tmp_29_i_i = fpext float %tmp_1 to double" [imgprocess.cpp:259]   --->   Core 108 'Float2Double' <Latency = 0> <II = 1> <Delay = 5.54> <FuncUnit> <Opcode : 'fpext'> <InPorts = 1> <OutPorts = 1>

 <State 47> : 7.79ns
ST_47 : Operation 116 [6/6] (7.78ns)   --->   "%x_assign = fmul double %tmp_29_i_i, 2.550000e+02" [imgprocess.cpp:259]   --->   Core 110 'DMul' <Latency = 5> <II = 1> <Delay = 7.78> <FuncUnit> <Opcode : 'dmul'> <InPorts = 2> <OutPorts = 1>

 <State 48> : 7.79ns
ST_48 : Operation 117 [5/6] (7.78ns)   --->   "%x_assign = fmul double %tmp_29_i_i, 2.550000e+02" [imgprocess.cpp:259]   --->   Core 110 'DMul' <Latency = 5> <II = 1> <Delay = 7.78> <FuncUnit> <Opcode : 'dmul'> <InPorts = 2> <OutPorts = 1>

 <State 49> : 7.79ns
ST_49 : Operation 118 [4/6] (7.78ns)   --->   "%x_assign = fmul double %tmp_29_i_i, 2.550000e+02" [imgprocess.cpp:259]   --->   Core 110 'DMul' <Latency = 5> <II = 1> <Delay = 7.78> <FuncUnit> <Opcode : 'dmul'> <InPorts = 2> <OutPorts = 1>

 <State 50> : 7.79ns
ST_50 : Operation 119 [3/6] (7.78ns)   --->   "%x_assign = fmul double %tmp_29_i_i, 2.550000e+02" [imgprocess.cpp:259]   --->   Core 110 'DMul' <Latency = 5> <II = 1> <Delay = 7.78> <FuncUnit> <Opcode : 'dmul'> <InPorts = 2> <OutPorts = 1>

 <State 51> : 7.79ns
ST_51 : Operation 120 [2/6] (7.78ns)   --->   "%x_assign = fmul double %tmp_29_i_i, 2.550000e+02" [imgprocess.cpp:259]   --->   Core 110 'DMul' <Latency = 5> <II = 1> <Delay = 7.78> <FuncUnit> <Opcode : 'dmul'> <InPorts = 2> <OutPorts = 1>

 <State 52> : 7.79ns
ST_52 : Operation 121 [1/6] (7.78ns)   --->   "%x_assign = fmul double %tmp_29_i_i, 2.550000e+02" [imgprocess.cpp:259]   --->   Core 110 'DMul' <Latency = 5> <II = 1> <Delay = 7.78> <FuncUnit> <Opcode : 'dmul'> <InPorts = 2> <OutPorts = 1>

 <State 53> : 7.96ns
ST_53 : Operation 122 [1/1] (0.00ns)   --->   "%p_Val2_s = bitcast double %x_assign to i64" [r:/builds/2017.4/nightly/2017_12_15_2086221/src/products/hls/src/technology/autopilot/header_files\utils/x_hls_utils.h:475->r:/builds/2017.4/nightly/2017_12_15_2086221/src/products/hls/src/technology/autopilot/header_files\utils/x_hls_utils.h:479->r:/builds/2017.4/nightly/2017_12_15_2086221/src/products/hls/hls_lib/hlsmath/src/../include/internal/hls_round.h:281->r:/builds/2017.4/nightly/2017_12_15_2086221/src/products/hls/hls_lib/hlsmath/src/../include/internal/hls_round.h:368->r:/builds/2017.4/nightly/2017_12_15_2086221/src/products/hls/hls_lib/hlsmath/src/lib_floatconversion.cpp:53->imgprocess.cpp:259]
ST_53 : Operation 123 [1/1] (0.00ns)   --->   "%p_Result_s = call i1 @_ssdm_op_BitSelect.i1.i64.i32(i64 %p_Val2_s, i32 63)" [r:/builds/2017.4/nightly/2017_12_15_2086221/src/products/hls/src/technology/autopilot/header_files\utils/x_hls_utils.h:476->r:/builds/2017.4/nightly/2017_12_15_2086221/src/products/hls/src/technology/autopilot/header_files\utils/x_hls_utils.h:479->r:/builds/2017.4/nightly/2017_12_15_2086221/src/products/hls/hls_lib/hlsmath/src/../include/internal/hls_round.h:281->r:/builds/2017.4/nightly/2017_12_15_2086221/src/products/hls/hls_lib/hlsmath/src/../include/internal/hls_round.h:368->r:/builds/2017.4/nightly/2017_12_15_2086221/src/products/hls/hls_lib/hlsmath/src/lib_floatconversion.cpp:53->imgprocess.cpp:259]
ST_53 : Operation 124 [1/1] (0.00ns)   --->   "%loc_V = call i11 @_ssdm_op_PartSelect.i11.i64.i32.i32(i64 %p_Val2_s, i32 52, i32 62) nounwind" [r:/builds/2017.4/nightly/2017_12_15_2086221/src/products/hls/src/technology/autopilot/header_files\utils/x_hls_utils.h:477->r:/builds/2017.4/nightly/2017_12_15_2086221/src/products/hls/src/technology/autopilot/header_files\utils/x_hls_utils.h:479->r:/builds/2017.4/nightly/2017_12_15_2086221/src/products/hls/hls_lib/hlsmath/src/../include/internal/hls_round.h:281->r:/builds/2017.4/nightly/2017_12_15_2086221/src/products/hls/hls_lib/hlsmath/src/../include/internal/hls_round.h:368->r:/builds/2017.4/nightly/2017_12_15_2086221/src/products/hls/hls_lib/hlsmath/src/lib_floatconversion.cpp:53->imgprocess.cpp:259]
ST_53 : Operation 125 [1/1] (0.00ns)   --->   "%loc_V_1 = trunc i64 %p_Val2_s to i52" [r:/builds/2017.4/nightly/2017_12_15_2086221/src/products/hls/src/technology/autopilot/header_files\utils/x_hls_utils.h:478->r:/builds/2017.4/nightly/2017_12_15_2086221/src/products/hls/src/technology/autopilot/header_files\utils/x_hls_utils.h:479->r:/builds/2017.4/nightly/2017_12_15_2086221/src/products/hls/hls_lib/hlsmath/src/../include/internal/hls_round.h:281->r:/builds/2017.4/nightly/2017_12_15_2086221/src/products/hls/hls_lib/hlsmath/src/../include/internal/hls_round.h:368->r:/builds/2017.4/nightly/2017_12_15_2086221/src/products/hls/hls_lib/hlsmath/src/lib_floatconversion.cpp:53->imgprocess.cpp:259]
ST_53 : Operation 126 [1/1] (0.00ns)   --->   "%tmp_i_i_i = call i54 @_ssdm_op_BitConcatenate.i54.i1.i52.i1(i1 true, i52 %loc_V_1, i1 false)" [r:/builds/2017.4/nightly/2017_12_15_2086221/src/products/hls/hls_lib/hlsmath/src/../include/internal/hls_round.h:283->r:/builds/2017.4/nightly/2017_12_15_2086221/src/products/hls/hls_lib/hlsmath/src/../include/internal/hls_round.h:368->r:/builds/2017.4/nightly/2017_12_15_2086221/src/products/hls/hls_lib/hlsmath/src/lib_floatconversion.cpp:53->imgprocess.cpp:259]
ST_53 : Operation 127 [1/1] (0.00ns) (grouped into LUT with out node tmp_7)   --->   "%tmp_i_i_cast_i = zext i54 %tmp_i_i_i to i137" [r:/builds/2017.4/nightly/2017_12_15_2086221/src/products/hls/hls_lib/hlsmath/src/../include/internal/hls_round.h:283->r:/builds/2017.4/nightly/2017_12_15_2086221/src/products/hls/hls_lib/hlsmath/src/../include/internal/hls_round.h:368->r:/builds/2017.4/nightly/2017_12_15_2086221/src/products/hls/hls_lib/hlsmath/src/lib_floatconversion.cpp:53->imgprocess.cpp:259]
ST_53 : Operation 128 [1/1] (0.00ns)   --->   "%tmp_i_i_i_cast_i = zext i11 %loc_V to i12" [r:/builds/2017.4/nightly/2017_12_15_2086221/src/products/hls/src/technology/autopilot/header_files\utils/x_hls_utils.h:502->r:/builds/2017.4/nightly/2017_12_15_2086221/src/products/hls/hls_lib/hlsmath/src/../include/internal/hls_round.h:286->r:/builds/2017.4/nightly/2017_12_15_2086221/src/products/hls/hls_lib/hlsmath/src/../include/internal/hls_round.h:368->r:/builds/2017.4/nightly/2017_12_15_2086221/src/products/hls/hls_lib/hlsmath/src/lib_floatconversion.cpp:53->imgprocess.cpp:259]
ST_53 : Operation 129 [1/1] (1.97ns)   --->   "%sh_assign = add i12 -1023, %tmp_i_i_i_cast_i" [r:/builds/2017.4/nightly/2017_12_15_2086221/src/products/hls/src/technology/autopilot/header_files\utils/x_hls_utils.h:502->r:/builds/2017.4/nightly/2017_12_15_2086221/src/products/hls/hls_lib/hlsmath/src/../include/internal/hls_round.h:286->r:/builds/2017.4/nightly/2017_12_15_2086221/src/products/hls/hls_lib/hlsmath/src/../include/internal/hls_round.h:368->r:/builds/2017.4/nightly/2017_12_15_2086221/src/products/hls/hls_lib/hlsmath/src/lib_floatconversion.cpp:53->imgprocess.cpp:259]   --->   Core 14 'AddSub' <Latency = 0> <II = 1> <Delay = 1.91> <FuncUnit> <Opcode : 'add' 'sub'> <InPorts = 2> <OutPorts = 1>
ST_53 : Operation 130 [1/1] (0.00ns)   --->   "%isNeg = call i1 @_ssdm_op_BitSelect.i1.i12.i32(i12 %sh_assign, i32 11)" [r:/builds/2017.4/nightly/2017_12_15_2086221/src/products/hls/hls_lib/hlsmath/src/../include/internal/hls_round.h:286->r:/builds/2017.4/nightly/2017_12_15_2086221/src/products/hls/hls_lib/hlsmath/src/../include/internal/hls_round.h:368->r:/builds/2017.4/nightly/2017_12_15_2086221/src/products/hls/hls_lib/hlsmath/src/lib_floatconversion.cpp:53->imgprocess.cpp:259]
ST_53 : Operation 131 [1/1] (1.97ns)   --->   "%tmp_59_i_i_i = sub i11 1023, %loc_V" [r:/builds/2017.4/nightly/2017_12_15_2086221/src/products/hls/hls_lib/hlsmath/src/../include/internal/hls_round.h:286->r:/builds/2017.4/nightly/2017_12_15_2086221/src/products/hls/hls_lib/hlsmath/src/../include/internal/hls_round.h:368->r:/builds/2017.4/nightly/2017_12_15_2086221/src/products/hls/hls_lib/hlsmath/src/lib_floatconversion.cpp:53->imgprocess.cpp:259]   --->   Core 14 'AddSub' <Latency = 0> <II = 1> <Delay = 1.91> <FuncUnit> <Opcode : 'add' 'sub'> <InPorts = 2> <OutPorts = 1>
ST_53 : Operation 132 [1/1] (0.00ns)   --->   "%tmp_59_i_i_cast_i = sext i11 %tmp_59_i_i_i to i12" [r:/builds/2017.4/nightly/2017_12_15_2086221/src/products/hls/hls_lib/hlsmath/src/../include/internal/hls_round.h:286->r:/builds/2017.4/nightly/2017_12_15_2086221/src/products/hls/hls_lib/hlsmath/src/../include/internal/hls_round.h:368->r:/builds/2017.4/nightly/2017_12_15_2086221/src/products/hls/hls_lib/hlsmath/src/lib_floatconversion.cpp:53->imgprocess.cpp:259]
ST_53 : Operation 133 [1/1] (1.37ns)   --->   "%sh_assign_1 = select i1 %isNeg, i12 %tmp_59_i_i_cast_i, i12 %sh_assign" [r:/builds/2017.4/nightly/2017_12_15_2086221/src/products/hls/hls_lib/hlsmath/src/../include/internal/hls_round.h:286->r:/builds/2017.4/nightly/2017_12_15_2086221/src/products/hls/hls_lib/hlsmath/src/../include/internal/hls_round.h:368->r:/builds/2017.4/nightly/2017_12_15_2086221/src/products/hls/hls_lib/hlsmath/src/lib_floatconversion.cpp:53->imgprocess.cpp:259]   --->   Core 26 'Sel' <Latency = 0> <II = 1> <Delay = 1.37> <FuncUnit> <Opcode : 'select'> <InPorts = 3> <OutPorts = 1>
ST_53 : Operation 134 [1/1] (0.00ns)   --->   "%sh_assign_1_i_i_cast = sext i12 %sh_assign_1 to i32" [r:/builds/2017.4/nightly/2017_12_15_2086221/src/products/hls/hls_lib/hlsmath/src/../include/internal/hls_round.h:286->r:/builds/2017.4/nightly/2017_12_15_2086221/src/products/hls/hls_lib/hlsmath/src/../include/internal/hls_round.h:368->r:/builds/2017.4/nightly/2017_12_15_2086221/src/products/hls/hls_lib/hlsmath/src/lib_floatconversion.cpp:53->imgprocess.cpp:259]
ST_53 : Operation 135 [1/1] (0.00ns) (grouped into LUT with out node tmp_7)   --->   "%tmp_60_i_i_i = zext i32 %sh_assign_1_i_i_cast to i137" [r:/builds/2017.4/nightly/2017_12_15_2086221/src/products/hls/hls_lib/hlsmath/src/../include/internal/hls_round.h:286->r:/builds/2017.4/nightly/2017_12_15_2086221/src/products/hls/hls_lib/hlsmath/src/../include/internal/hls_round.h:368->r:/builds/2017.4/nightly/2017_12_15_2086221/src/products/hls/hls_lib/hlsmath/src/lib_floatconversion.cpp:53->imgprocess.cpp:259]
ST_53 : Operation 136 [1/1] (0.00ns) (grouped into LUT with out node tmp_7)   --->   "%tmp_60_i_i_cast_i = zext i32 %sh_assign_1_i_i_cast to i54" [r:/builds/2017.4/nightly/2017_12_15_2086221/src/products/hls/hls_lib/hlsmath/src/../include/internal/hls_round.h:286->r:/builds/2017.4/nightly/2017_12_15_2086221/src/products/hls/hls_lib/hlsmath/src/../include/internal/hls_round.h:368->r:/builds/2017.4/nightly/2017_12_15_2086221/src/products/hls/hls_lib/hlsmath/src/lib_floatconversion.cpp:53->imgprocess.cpp:259]
ST_53 : Operation 137 [1/1] (0.00ns) (grouped into LUT with out node tmp_7)   --->   "%tmp_61_i_i_i = lshr i54 %tmp_i_i_i, %tmp_60_i_i_cast_i" [r:/builds/2017.4/nightly/2017_12_15_2086221/src/products/hls/hls_lib/hlsmath/src/../include/internal/hls_round.h:286->r:/builds/2017.4/nightly/2017_12_15_2086221/src/products/hls/hls_lib/hlsmath/src/../include/internal/hls_round.h:368->r:/builds/2017.4/nightly/2017_12_15_2086221/src/products/hls/hls_lib/hlsmath/src/lib_floatconversion.cpp:53->imgprocess.cpp:259]   --->   Core 28 'Shift' <Latency = 0> <II = 1> <Delay = 4.61> <FuncUnit> <Opcode : 'shl' 'lshr' 'ashr'> <InPorts = 2> <OutPorts = 1>
ST_53 : Operation 138 [1/1] (0.00ns) (grouped into LUT with out node tmp_7)   --->   "%tmp_62_i_i_i = shl i137 %tmp_i_i_cast_i, %tmp_60_i_i_i" [r:/builds/2017.4/nightly/2017_12_15_2086221/src/products/hls/hls_lib/hlsmath/src/../include/internal/hls_round.h:286->r:/builds/2017.4/nightly/2017_12_15_2086221/src/products/hls/hls_lib/hlsmath/src/../include/internal/hls_round.h:368->r:/builds/2017.4/nightly/2017_12_15_2086221/src/products/hls/hls_lib/hlsmath/src/lib_floatconversion.cpp:53->imgprocess.cpp:259]   --->   Core 28 'Shift' <Latency = 0> <II = 1> <Delay = 4.61> <FuncUnit> <Opcode : 'shl' 'lshr' 'ashr'> <InPorts = 2> <OutPorts = 1>
ST_53 : Operation 139 [1/1] (0.00ns) (grouped into LUT with out node tmp_7)   --->   "%tmp_19 = call i1 @_ssdm_op_BitSelect.i1.i54.i32(i54 %tmp_61_i_i_i, i32 53)" [r:/builds/2017.4/nightly/2017_12_15_2086221/src/products/hls/hls_lib/hlsmath/src/../include/internal/hls_round.h:318->r:/builds/2017.4/nightly/2017_12_15_2086221/src/products/hls/hls_lib/hlsmath/src/../include/internal/hls_round.h:368->r:/builds/2017.4/nightly/2017_12_15_2086221/src/products/hls/hls_lib/hlsmath/src/lib_floatconversion.cpp:53->imgprocess.cpp:259]
ST_53 : Operation 140 [1/1] (0.00ns) (grouped into LUT with out node tmp_7)   --->   "%tmp_5 = zext i1 %tmp_19 to i8" [r:/builds/2017.4/nightly/2017_12_15_2086221/src/products/hls/hls_lib/hlsmath/src/../include/internal/hls_round.h:318->r:/builds/2017.4/nightly/2017_12_15_2086221/src/products/hls/hls_lib/hlsmath/src/../include/internal/hls_round.h:368->r:/builds/2017.4/nightly/2017_12_15_2086221/src/products/hls/hls_lib/hlsmath/src/lib_floatconversion.cpp:53->imgprocess.cpp:259]
ST_53 : Operation 141 [1/1] (0.00ns) (grouped into LUT with out node tmp_7)   --->   "%tmp_6 = call i8 @_ssdm_op_PartSelect.i8.i137.i32.i32(i137 %tmp_62_i_i_i, i32 53, i32 60)" [r:/builds/2017.4/nightly/2017_12_15_2086221/src/products/hls/hls_lib/hlsmath/src/../include/internal/hls_round.h:318->r:/builds/2017.4/nightly/2017_12_15_2086221/src/products/hls/hls_lib/hlsmath/src/../include/internal/hls_round.h:368->r:/builds/2017.4/nightly/2017_12_15_2086221/src/products/hls/hls_lib/hlsmath/src/lib_floatconversion.cpp:53->imgprocess.cpp:259]
ST_53 : Operation 142 [1/1] (4.61ns) (out node of the LUT)   --->   "%tmp_7 = select i1 %isNeg, i8 %tmp_5, i8 %tmp_6" [r:/builds/2017.4/nightly/2017_12_15_2086221/src/products/hls/hls_lib/hlsmath/src/../include/internal/hls_round.h:286->r:/builds/2017.4/nightly/2017_12_15_2086221/src/products/hls/hls_lib/hlsmath/src/../include/internal/hls_round.h:368->r:/builds/2017.4/nightly/2017_12_15_2086221/src/products/hls/hls_lib/hlsmath/src/lib_floatconversion.cpp:53->imgprocess.cpp:259]   --->   Core 26 'Sel' <Latency = 0> <II = 1> <Delay = 1.37> <FuncUnit> <Opcode : 'select'> <InPorts = 3> <OutPorts = 1>

 <State 54> : 6.92ns
ST_54 : Operation 143 [1/1] (0.00ns)   --->   "call void (...)* @_ssdm_op_SpecLoopName([26 x i8]* @loop_height4_loop_we)"
ST_54 : Operation 144 [1/1] (0.00ns)   --->   "call void (...)* @_ssdm_op_SpecLoopTripCount(i64 345600, i64 345600, i64 345600)"
ST_54 : Operation 145 [1/1] (0.00ns)   --->   "call void (...)* @_ssdm_op_SpecLoopName([13 x i8]* @p_str14) nounwind" [imgprocess.cpp:246]
ST_54 : Operation 146 [1/1] (0.00ns)   --->   "%tmp_35_i = call i32 (...)* @_ssdm_op_SpecRegionBegin([13 x i8]* @p_str14)" [imgprocess.cpp:246]
ST_54 : Operation 147 [1/1] (0.00ns)   --->   "call void (...)* @_ssdm_op_SpecPipeline(i32 1, i32 1, i32 1, i32 0, [1 x i8]* @p_str) nounwind" [imgprocess.cpp:249]
ST_54 : Operation 148 [1/1] (0.00ns)   --->   "%tmp_38_i = call i32 (...)* @_ssdm_op_SpecRegionBegin([12 x i8]* @p_str50)" [D:/studyapp_new/VIVADO/vivado201704/Vivado/2017.4/common/technology/autopilot/hls/hls_video_core.h:641->D:/studyapp_new/VIVADO/vivado201704/Vivado/2017.4/common/technology/autopilot/hls/hls_video_core.h:662->imgprocess.cpp:256]
ST_54 : Operation 149 [1/1] (0.00ns)   --->   "call void (...)* @_ssdm_op_SpecProtocol(i32 0, [1 x i8]* @p_str) nounwind" [D:/studyapp_new/VIVADO/vivado201704/Vivado/2017.4/common/technology/autopilot/hls/hls_video_core.h:645->D:/studyapp_new/VIVADO/vivado201704/Vivado/2017.4/common/technology/autopilot/hls/hls_video_core.h:662->imgprocess.cpp:256]
ST_54 : Operation 150 [1/1] (3.63ns)   --->   "call void @_ssdm_op_Write.ap_fifo.volatile.floatP(float* %nor_data_stream_V, float %tmp_1)" [D:/studyapp_new/VIVADO/vivado201704/Vivado/2017.4/common/technology/autopilot/hls/hls_video_core.h:648->D:/studyapp_new/VIVADO/vivado201704/Vivado/2017.4/common/technology/autopilot/hls/hls_video_core.h:662->imgprocess.cpp:256]   --->   Core 32 'FIFO' <Latency = 0> <II = 1> <Delay = 3.63> <Storage> <Opcode : 'read' 'write' 'nbread' 'nbwrite'> <Ports = 0> <Width = 64> <Depth = 1> <FIFO>
ST_54 : Operation 151 [1/1] (0.00ns)   --->   "%empty_25 = call i32 (...)* @_ssdm_op_SpecRegionEnd([12 x i8]* @p_str50, i32 %tmp_38_i)" [D:/studyapp_new/VIVADO/vivado201704/Vivado/2017.4/common/technology/autopilot/hls/hls_video_core.h:650->D:/studyapp_new/VIVADO/vivado201704/Vivado/2017.4/common/technology/autopilot/hls/hls_video_core.h:662->imgprocess.cpp:256]
ST_54 : Operation 152 [1/1] (1.91ns)   --->   "%p_Val2_i_i_i = sub i8 0, %tmp_7" [r:/builds/2017.4/nightly/2017_12_15_2086221/src/products/hls/hls_lib/hlsmath/src/../include/internal/hls_round.h:318->r:/builds/2017.4/nightly/2017_12_15_2086221/src/products/hls/hls_lib/hlsmath/src/../include/internal/hls_round.h:368->r:/builds/2017.4/nightly/2017_12_15_2086221/src/products/hls/hls_lib/hlsmath/src/lib_floatconversion.cpp:53->imgprocess.cpp:259]   --->   Core 14 'AddSub' <Latency = 0> <II = 1> <Delay = 1.91> <FuncUnit> <Opcode : 'add' 'sub'> <InPorts = 2> <OutPorts = 1>
ST_54 : Operation 153 [1/1] (1.37ns)   --->   "%tmp_2 = select i1 %p_Result_s, i8 %p_Val2_i_i_i, i8 %tmp_7" [r:/builds/2017.4/nightly/2017_12_15_2086221/src/products/hls/hls_lib/hlsmath/src/../include/internal/hls_round.h:318->r:/builds/2017.4/nightly/2017_12_15_2086221/src/products/hls/hls_lib/hlsmath/src/../include/internal/hls_round.h:368->r:/builds/2017.4/nightly/2017_12_15_2086221/src/products/hls/hls_lib/hlsmath/src/lib_floatconversion.cpp:53->imgprocess.cpp:259]   --->   Core 26 'Sel' <Latency = 0> <II = 1> <Delay = 1.37> <FuncUnit> <Opcode : 'select'> <InPorts = 3> <OutPorts = 1>
ST_54 : Operation 154 [1/1] (0.00ns)   --->   "%tmp_39_i = call i32 (...)* @_ssdm_op_SpecRegionBegin([13 x i8]* @p_str42)" [D:/studyapp_new/VIVADO/vivado201704/Vivado/2017.4/common/technology/autopilot/hls/hls_video_core.h:641->D:/studyapp_new/VIVADO/vivado201704/Vivado/2017.4/common/technology/autopilot/hls/hls_video_core.h:662->imgprocess.cpp:261]
ST_54 : Operation 155 [1/1] (0.00ns)   --->   "call void (...)* @_ssdm_op_SpecProtocol(i32 0, [1 x i8]* @p_str) nounwind" [D:/studyapp_new/VIVADO/vivado201704/Vivado/2017.4/common/technology/autopilot/hls/hls_video_core.h:645->D:/studyapp_new/VIVADO/vivado201704/Vivado/2017.4/common/technology/autopilot/hls/hls_video_core.h:662->imgprocess.cpp:261]
ST_54 : Operation 156 [1/1] (3.63ns)   --->   "call void @_ssdm_op_Write.ap_fifo.volatile.i8P(i8* %gray_data_stream_V, i8 %tmp_2)" [D:/studyapp_new/VIVADO/vivado201704/Vivado/2017.4/common/technology/autopilot/hls/hls_video_core.h:648->D:/studyapp_new/VIVADO/vivado201704/Vivado/2017.4/common/technology/autopilot/hls/hls_video_core.h:662->imgprocess.cpp:261]   --->   Core 32 'FIFO' <Latency = 0> <II = 1> <Delay = 3.63> <Storage> <Opcode : 'read' 'write' 'nbread' 'nbwrite'> <Ports = 0> <Width = 64> <Depth = 1> <FIFO>
ST_54 : Operation 157 [1/1] (0.00ns)   --->   "%empty_26 = call i32 (...)* @_ssdm_op_SpecRegionEnd([13 x i8]* @p_str42, i32 %tmp_39_i)" [D:/studyapp_new/VIVADO/vivado201704/Vivado/2017.4/common/technology/autopilot/hls/hls_video_core.h:650->D:/studyapp_new/VIVADO/vivado201704/Vivado/2017.4/common/technology/autopilot/hls/hls_video_core.h:662->imgprocess.cpp:261]
ST_54 : Operation 158 [1/1] (0.00ns)   --->   "%empty_27 = call i32 (...)* @_ssdm_op_SpecRegionEnd([13 x i8]* @p_str14, i32 %tmp_35_i)" [imgprocess.cpp:262]
ST_54 : Operation 159 [1/1] (0.00ns)   --->   "br label %0"

 <State 55> : 0.00ns
ST_55 : Operation 160 [1/1] (0.00ns)   --->   "ret void"


============================================================
+ Verbose Summary: Timing violations
============================================================
Target clock period: 10ns, clock uncertainty: 1.25ns.

 <State 1>: 3.63ns
The critical path consists of the following:
	fifo read on port 'max' [11]  (3.63 ns)

 <State 2>: 8.23ns
The critical path consists of the following:
	'dsub' operation ('tmp_i', imgprocess.cpp:253) [13]  (8.23 ns)

 <State 3>: 8.23ns
The critical path consists of the following:
	'dsub' operation ('tmp_i', imgprocess.cpp:253) [13]  (8.23 ns)

 <State 4>: 8.23ns
The critical path consists of the following:
	'dsub' operation ('tmp_i', imgprocess.cpp:253) [13]  (8.23 ns)

 <State 5>: 8.23ns
The critical path consists of the following:
	'dsub' operation ('tmp_i', imgprocess.cpp:253) [13]  (8.23 ns)

 <State 6>: 8.23ns
The critical path consists of the following:
	'dsub' operation ('tmp_i', imgprocess.cpp:253) [13]  (8.23 ns)

 <State 7>: 2.44ns
The critical path consists of the following:
	'phi' operation ('indvar_flatten') with incoming values : ('indvar_flatten_next') [16]  (0 ns)
	'icmp' operation ('exitcond_flatten') [17]  (2.44 ns)

 <State 8>: 9.18ns
The critical path consists of the following:
	fifo read on port 'sim_data_stream_V' (D:/studyapp_new/VIVADO/vivado201704/Vivado/2017.4/common/technology/autopilot/hls/hls_video_core.h:624->D:/studyapp_new/VIVADO/vivado201704/Vivado/2017.4/common/technology/autopilot/hls/hls_video_core.h:656->imgprocess.cpp:252) [28]  (3.63 ns)
	'fpext' operation ('tmp_i_i', imgprocess.cpp:253) [29]  (5.55 ns)

 <State 9>: 8.23ns
The critical path consists of the following:
	'dsub' operation ('tmp_26_i_i', imgprocess.cpp:253) [31]  (8.23 ns)

 <State 10>: 8.23ns
The critical path consists of the following:
	'dsub' operation ('tmp_26_i_i', imgprocess.cpp:253) [31]  (8.23 ns)

 <State 11>: 8.23ns
The critical path consists of the following:
	'dsub' operation ('tmp_26_i_i', imgprocess.cpp:253) [31]  (8.23 ns)

 <State 12>: 8.23ns
The critical path consists of the following:
	'dsub' operation ('tmp_26_i_i', imgprocess.cpp:253) [31]  (8.23 ns)

 <State 13>: 8.23ns
The critical path consists of the following:
	'dsub' operation ('tmp_26_i_i', imgprocess.cpp:253) [31]  (8.23 ns)

 <State 14>: 8.62ns
The critical path consists of the following:
	'ddiv' operation ('tmp_27_i_i', imgprocess.cpp:253) [32]  (8.62 ns)

 <State 15>: 8.62ns
The critical path consists of the following:
	'ddiv' operation ('tmp_27_i_i', imgprocess.cpp:253) [32]  (8.62 ns)

 <State 16>: 8.62ns
The critical path consists of the following:
	'ddiv' operation ('tmp_27_i_i', imgprocess.cpp:253) [32]  (8.62 ns)

 <State 17>: 8.62ns
The critical path consists of the following:
	'ddiv' operation ('tmp_27_i_i', imgprocess.cpp:253) [32]  (8.62 ns)

 <State 18>: 8.62ns
The critical path consists of the following:
	'ddiv' operation ('tmp_27_i_i', imgprocess.cpp:253) [32]  (8.62 ns)

 <State 19>: 8.62ns
The critical path consists of the following:
	'ddiv' operation ('tmp_27_i_i', imgprocess.cpp:253) [32]  (8.62 ns)

 <State 20>: 8.62ns
The critical path consists of the following:
	'ddiv' operation ('tmp_27_i_i', imgprocess.cpp:253) [32]  (8.62 ns)

 <State 21>: 8.62ns
The critical path consists of the following:
	'ddiv' operation ('tmp_27_i_i', imgprocess.cpp:253) [32]  (8.62 ns)

 <State 22>: 8.62ns
The critical path consists of the following:
	'ddiv' operation ('tmp_27_i_i', imgprocess.cpp:253) [32]  (8.62 ns)

 <State 23>: 8.62ns
The critical path consists of the following:
	'ddiv' operation ('tmp_27_i_i', imgprocess.cpp:253) [32]  (8.62 ns)

 <State 24>: 8.62ns
The critical path consists of the following:
	'ddiv' operation ('tmp_27_i_i', imgprocess.cpp:253) [32]  (8.62 ns)

 <State 25>: 8.62ns
The critical path consists of the following:
	'ddiv' operation ('tmp_27_i_i', imgprocess.cpp:253) [32]  (8.62 ns)

 <State 26>: 8.62ns
The critical path consists of the following:
	'ddiv' operation ('tmp_27_i_i', imgprocess.cpp:253) [32]  (8.62 ns)

 <State 27>: 8.62ns
The critical path consists of the following:
	'ddiv' operation ('tmp_27_i_i', imgprocess.cpp:253) [32]  (8.62 ns)

 <State 28>: 8.62ns
The critical path consists of the following:
	'ddiv' operation ('tmp_27_i_i', imgprocess.cpp:253) [32]  (8.62 ns)

 <State 29>: 8.62ns
The critical path consists of the following:
	'ddiv' operation ('tmp_27_i_i', imgprocess.cpp:253) [32]  (8.62 ns)

 <State 30>: 8.62ns
The critical path consists of the following:
	'ddiv' operation ('tmp_27_i_i', imgprocess.cpp:253) [32]  (8.62 ns)

 <State 31>: 8.62ns
The critical path consists of the following:
	'ddiv' operation ('tmp_27_i_i', imgprocess.cpp:253) [32]  (8.62 ns)

 <State 32>: 8.62ns
The critical path consists of the following:
	'ddiv' operation ('tmp_27_i_i', imgprocess.cpp:253) [32]  (8.62 ns)

 <State 33>: 8.62ns
The critical path consists of the following:
	'ddiv' operation ('tmp_27_i_i', imgprocess.cpp:253) [32]  (8.62 ns)

 <State 34>: 8.62ns
The critical path consists of the following:
	'ddiv' operation ('tmp_27_i_i', imgprocess.cpp:253) [32]  (8.62 ns)

 <State 35>: 8.62ns
The critical path consists of the following:
	'ddiv' operation ('tmp_27_i_i', imgprocess.cpp:253) [32]  (8.62 ns)

 <State 36>: 8.62ns
The critical path consists of the following:
	'ddiv' operation ('tmp_27_i_i', imgprocess.cpp:253) [32]  (8.62 ns)

 <State 37>: 8.62ns
The critical path consists of the following:
	'ddiv' operation ('tmp_27_i_i', imgprocess.cpp:253) [32]  (8.62 ns)

 <State 38>: 8.62ns
The critical path consists of the following:
	'ddiv' operation ('tmp_27_i_i', imgprocess.cpp:253) [32]  (8.62 ns)

 <State 39>: 8.62ns
The critical path consists of the following:
	'ddiv' operation ('tmp_27_i_i', imgprocess.cpp:253) [32]  (8.62 ns)

 <State 40>: 8.62ns
The critical path consists of the following:
	'ddiv' operation ('tmp_27_i_i', imgprocess.cpp:253) [32]  (8.62 ns)

 <State 41>: 8.62ns
The critical path consists of the following:
	'ddiv' operation ('tmp_27_i_i', imgprocess.cpp:253) [32]  (8.62 ns)

 <State 42>: 8.62ns
The critical path consists of the following:
	'ddiv' operation ('tmp_27_i_i', imgprocess.cpp:253) [32]  (8.62 ns)

 <State 43>: 8.62ns
The critical path consists of the following:
	'ddiv' operation ('tmp_27_i_i', imgprocess.cpp:253) [32]  (8.62 ns)

 <State 44>: 8.62ns
The critical path consists of the following:
	'ddiv' operation ('tmp_27_i_i', imgprocess.cpp:253) [32]  (8.62 ns)

 <State 45>: 6.5ns
The critical path consists of the following:
	'fptrunc' operation ('tmp', imgprocess.cpp:253) [33]  (6.5 ns)

 <State 46>: 5.55ns
The critical path consists of the following:
	'fpext' operation ('tmp_29_i_i', imgprocess.cpp:259) [34]  (5.55 ns)

 <State 47>: 7.79ns
The critical path consists of the following:
	'dmul' operation ('x', imgprocess.cpp:259) [39]  (7.79 ns)

 <State 48>: 7.79ns
The critical path consists of the following:
	'dmul' operation ('x', imgprocess.cpp:259) [39]  (7.79 ns)

 <State 49>: 7.79ns
The critical path consists of the following:
	'dmul' operation ('x', imgprocess.cpp:259) [39]  (7.79 ns)

 <State 50>: 7.79ns
The critical path consists of the following:
	'dmul' operation ('x', imgprocess.cpp:259) [39]  (7.79 ns)

 <State 51>: 7.79ns
The critical path consists of the following:
	'dmul' operation ('x', imgprocess.cpp:259) [39]  (7.79 ns)

 <State 52>: 7.79ns
The critical path consists of the following:
	'dmul' operation ('x', imgprocess.cpp:259) [39]  (7.79 ns)

 <State 53>: 7.96ns
The critical path consists of the following:
	'add' operation ('sh', r:/builds/2017.4/nightly/2017_12_15_2086221/src/products/hls/src/technology/autopilot/header_files\utils/x_hls_utils.h:502->r:/builds/2017.4/nightly/2017_12_15_2086221/src/products/hls/hls_lib/hlsmath/src/../include/internal/hls_round.h:286->r:/builds/2017.4/nightly/2017_12_15_2086221/src/products/hls/hls_lib/hlsmath/src/../include/internal/hls_round.h:368->r:/builds/2017.4/nightly/2017_12_15_2086221/src/products/hls/hls_lib/hlsmath/src/lib_floatconversion.cpp:53->imgprocess.cpp:259) [47]  (1.98 ns)
	'select' operation ('sh', r:/builds/2017.4/nightly/2017_12_15_2086221/src/products/hls/hls_lib/hlsmath/src/../include/internal/hls_round.h:286->r:/builds/2017.4/nightly/2017_12_15_2086221/src/products/hls/hls_lib/hlsmath/src/../include/internal/hls_round.h:368->r:/builds/2017.4/nightly/2017_12_15_2086221/src/products/hls/hls_lib/hlsmath/src/lib_floatconversion.cpp:53->imgprocess.cpp:259) [51]  (1.37 ns)
	'shl' operation ('tmp_62_i_i_i', r:/builds/2017.4/nightly/2017_12_15_2086221/src/products/hls/hls_lib/hlsmath/src/../include/internal/hls_round.h:286->r:/builds/2017.4/nightly/2017_12_15_2086221/src/products/hls/hls_lib/hlsmath/src/../include/internal/hls_round.h:368->r:/builds/2017.4/nightly/2017_12_15_2086221/src/products/hls/hls_lib/hlsmath/src/lib_floatconversion.cpp:53->imgprocess.cpp:259) [56]  (0 ns)
	'select' operation ('tmp_7', r:/builds/2017.4/nightly/2017_12_15_2086221/src/products/hls/hls_lib/hlsmath/src/../include/internal/hls_round.h:286->r:/builds/2017.4/nightly/2017_12_15_2086221/src/products/hls/hls_lib/hlsmath/src/../include/internal/hls_round.h:368->r:/builds/2017.4/nightly/2017_12_15_2086221/src/products/hls/hls_lib/hlsmath/src/lib_floatconversion.cpp:53->imgprocess.cpp:259) [60]  (4.61 ns)

 <State 54>: 6.92ns
The critical path consists of the following:
	'sub' operation ('p_Val2_i_i_i', r:/builds/2017.4/nightly/2017_12_15_2086221/src/products/hls/hls_lib/hlsmath/src/../include/internal/hls_round.h:318->r:/builds/2017.4/nightly/2017_12_15_2086221/src/products/hls/hls_lib/hlsmath/src/../include/internal/hls_round.h:368->r:/builds/2017.4/nightly/2017_12_15_2086221/src/products/hls/hls_lib/hlsmath/src/lib_floatconversion.cpp:53->imgprocess.cpp:259) [61]  (1.92 ns)
	'select' operation ('tmp', r:/builds/2017.4/nightly/2017_12_15_2086221/src/products/hls/hls_lib/hlsmath/src/../include/internal/hls_round.h:318->r:/builds/2017.4/nightly/2017_12_15_2086221/src/products/hls/hls_lib/hlsmath/src/../include/internal/hls_round.h:368->r:/builds/2017.4/nightly/2017_12_15_2086221/src/products/hls/hls_lib/hlsmath/src/lib_floatconversion.cpp:53->imgprocess.cpp:259) [62]  (1.37 ns)
	fifo write on port 'gray_data_stream_V' (D:/studyapp_new/VIVADO/vivado201704/Vivado/2017.4/common/technology/autopilot/hls/hls_video_core.h:648->D:/studyapp_new/VIVADO/vivado201704/Vivado/2017.4/common/technology/autopilot/hls/hls_video_core.h:662->imgprocess.cpp:261) [65]  (3.63 ns)

 <State 55>: 0ns
The critical path consists of the following:


============================================================
+ Verbose Summary: Binding
============================================================
N/A
* FSMD analyzer results:
  - Output states:
 - Input state : 
  - Chain level:
	State 1
	State 2
	State 3
	State 4
	State 5
	State 6
	State 7
	State 8
	State 9
	State 10
	State 11
	State 12
	State 13
	State 14
	State 15
	State 16
	State 17
	State 18
	State 19
	State 20
	State 21
	State 22
	State 23
	State 24
	State 25
	State 26
	State 27
	State 28
	State 29
	State 30
	State 31
	State 32
	State 33
	State 34
	State 35
	State 36
	State 37
	State 38
	State 39
	State 40
	State 41
	State 42
	State 43
	State 44
	State 45
	State 46
	State 47
	State 48
	State 49
	State 50
	State 51
	State 52
	State 53
	State 54
	State 55


============================================================
+ Verbose Summary: Datapath Resource usage 
============================================================
N/A
