

================================================================
== Vivado HLS Report for 'Split'
================================================================
* Date:           Tue Mar 24 00:11:58 2020

* Version:        2017.4 (Build 2086221 on Fri Dec 15 21:13:33 MST 2017)
* Project:        YCrCbGuass
* Solution:       solution1
* Product family: zynq
* Target device:  xc7z020clg484-1


================================================================
== Performance Estimates
================================================================
+ Timing (ns): 
    * Summary: 
    +--------+-------+----------+------------+
    |  Clock | Target| Estimated| Uncertainty|
    +--------+-------+----------+------------+
    |ap_clk  |  10.00|      7.27|        1.25|
    +--------+-------+----------+------------+

+ Latency (clock cycles): 
    * Summary: 
    +--------+--------+--------+--------+---------+
    |     Latency     |     Interval    | Pipeline|
    |   min  |   max  |   min  |   max  |   Type  |
    +--------+--------+--------+--------+---------+
    |  347761|  347761|  347761|  347761|   none  |
    +--------+--------+--------+--------+---------+

    + Detail: 
        * Instance: 
        N/A

        * Loop: 
        +---------------+--------+--------+----------+-----------+-----------+------+----------+
        |               |     Latency     | Iteration|  Initiation Interval  | Trip |          |
        |   Loop Name   |   min  |   max  |  Latency |  achieved |   target  | Count| Pipelined|
        +---------------+--------+--------+----------+-----------+-----------+------+----------+
        |- loop_height  |  347760|  347760|       483|          -|          -|   720|    no    |
        | + loop_width  |     480|     480|         2|          1|          1|   480|    yes   |
        +---------------+--------+--------+----------+-----------+-----------+------+----------+

============================================================
+ Verbose Summary: Synthesis Manager
============================================================
InlineROM: 1
ExposeGlobal: 0
============================================================
+ Verbose Summary: CDFG Model
============================================================
IsTopModel: 0
ResetActiveHigh: 1
IsCombinational: 2
IsDatapathOnly: 0
HasWiredReturn: 1
HasMFsm: 0
HasVarLatency: 1
IsPipeline: 0
IsRtlPipelined: 0
IsInstanceOverlapped: 0
IsDontTouch: 0
HasImplIP: 0
IsGatedGlobalClock: 0

+ Individual pipeline summary: 
  * Pipeline-0: initiation interval (II) = 1, depth = 2


============================================================
+ Verbose Summary: Schedule
============================================================
* Number of FSM states : 5
* Pipeline : 1
  Pipeline-0 : II = 1, D = 2, States = { 3 4 }
* Dataflow Pipeline: 0

* FSM state transitions: 
1 --> 
	2  / true
2 --> 
	3  / (!exitcond1)
3 --> 
	5  / (exitcond)
	4  / (!exitcond)
4 --> 
	3  / true
5 --> 
	2  / true

* FSM state operations: 

 <State 1> : 1.77ns
ST_1 : Operation 6 [1/1] (0.00ns)   --->   "call void (...)* @_ssdm_op_SpecInterface(i8* %dst2_data_stream_V, [8 x i8]* @ap_fifo_str, i32 0, i32 0, [1 x i8]* @p_str, i32 0, i32 0, [1 x i8]* @p_str, [1 x i8]* @p_str, [1 x i8]* @p_str, i32 2, i32 2, i32 16, i32 16, [1 x i8]* @p_str, [1 x i8]* @p_str)"
ST_1 : Operation 7 [1/1] (0.00ns)   --->   "call void (...)* @_ssdm_op_SpecInterface(i8* %dst1_data_stream_V, [8 x i8]* @ap_fifo_str, i32 0, i32 0, [1 x i8]* @p_str, i32 0, i32 0, [1 x i8]* @p_str, [1 x i8]* @p_str, [1 x i8]* @p_str, i32 2, i32 2, i32 16, i32 16, [1 x i8]* @p_str, [1 x i8]* @p_str)"
ST_1 : Operation 8 [1/1] (0.00ns)   --->   "call void (...)* @_ssdm_op_SpecInterface(i8* %src_data_stream_2_V, [8 x i8]* @ap_fifo_str, i32 0, i32 0, [1 x i8]* @p_str, i32 0, i32 0, [1 x i8]* @p_str, [1 x i8]* @p_str, [1 x i8]* @p_str, i32 2, i32 2, i32 16, i32 16, [1 x i8]* @p_str, [1 x i8]* @p_str)"
ST_1 : Operation 9 [1/1] (0.00ns)   --->   "call void (...)* @_ssdm_op_SpecInterface(i8* %src_data_stream_1_V, [8 x i8]* @ap_fifo_str, i32 0, i32 0, [1 x i8]* @p_str, i32 0, i32 0, [1 x i8]* @p_str, [1 x i8]* @p_str, [1 x i8]* @p_str, i32 2, i32 2, i32 16, i32 16, [1 x i8]* @p_str, [1 x i8]* @p_str)"
ST_1 : Operation 10 [1/1] (0.00ns)   --->   "call void (...)* @_ssdm_op_SpecInterface(i8* %src_data_stream_0_V, [8 x i8]* @ap_fifo_str, i32 0, i32 0, [1 x i8]* @p_str, i32 0, i32 0, [1 x i8]* @p_str, [1 x i8]* @p_str, [1 x i8]* @p_str, i32 2, i32 2, i32 16, i32 16, [1 x i8]* @p_str, [1 x i8]* @p_str)"
ST_1 : Operation 11 [1/1] (1.76ns)   --->   "br label %0" [D:/studyapp_new/VIVADO/vivado201704/Vivado/2017.4/common/technology/autopilot/hls/hls_video_arithm.h:1562]

 <State 2> : 2.70ns
ST_2 : Operation 12 [1/1] (0.00ns)   --->   "%t_V = phi i10 [ 0, %._crit_edge91 ], [ %i_V, %3 ]"
ST_2 : Operation 13 [1/1] (1.77ns)   --->   "%exitcond1 = icmp eq i10 %t_V, -304" [D:/studyapp_new/VIVADO/vivado201704/Vivado/2017.4/common/technology/autopilot/hls/hls_video_arithm.h:1562]   --->   Core 25 'Cmp' <Latency = 0> <II = 1> <Delay = 1.66> <FuncUnit> <Opcode : 'icmp'> <InPorts = 2> <OutPorts = 1>
ST_2 : Operation 14 [1/1] (0.00ns)   --->   "call void (...)* @_ssdm_op_SpecLoopTripCount(i64 720, i64 720, i64 720)"
ST_2 : Operation 15 [1/1] (1.95ns)   --->   "%i_V = add i10 %t_V, 1" [D:/studyapp_new/VIVADO/vivado201704/Vivado/2017.4/common/technology/autopilot/hls/hls_video_arithm.h:1562]   --->   Core 14 'AddSub' <Latency = 0> <II = 1> <Delay = 1.93> <FuncUnit> <Opcode : 'add' 'sub'> <InPorts = 2> <OutPorts = 1>
ST_2 : Operation 16 [1/1] (0.00ns)   --->   "br i1 %exitcond1, label %4, label %1" [D:/studyapp_new/VIVADO/vivado201704/Vivado/2017.4/common/technology/autopilot/hls/hls_video_arithm.h:1562]
ST_2 : Operation 17 [1/1] (0.00ns)   --->   "call void (...)* @_ssdm_op_SpecLoopName([12 x i8]* @p_str27) nounwind" [D:/studyapp_new/VIVADO/vivado201704/Vivado/2017.4/common/technology/autopilot/hls/hls_video_arithm.h:1562]
ST_2 : Operation 18 [1/1] (0.00ns)   --->   "%tmp = call i32 (...)* @_ssdm_op_SpecRegionBegin([12 x i8]* @p_str27)" [D:/studyapp_new/VIVADO/vivado201704/Vivado/2017.4/common/technology/autopilot/hls/hls_video_arithm.h:1562]
ST_2 : Operation 19 [1/1] (1.76ns)   --->   "br label %2" [D:/studyapp_new/VIVADO/vivado201704/Vivado/2017.4/common/technology/autopilot/hls/hls_video_arithm.h:1563]
ST_2 : Operation 20 [1/1] (0.00ns)   --->   "ret void" [D:/studyapp_new/VIVADO/vivado201704/Vivado/2017.4/common/technology/autopilot/hls/hls_video_arithm.h:1572]

 <State 3> : 1.94ns
ST_3 : Operation 21 [1/1] (0.00ns)   --->   "%t_V_1 = phi i9 [ 0, %1 ], [ %j_V, %"operator>>.exit" ]"
ST_3 : Operation 22 [1/1] (1.66ns)   --->   "%exitcond = icmp eq i9 %t_V_1, -32" [D:/studyapp_new/VIVADO/vivado201704/Vivado/2017.4/common/technology/autopilot/hls/hls_video_arithm.h:1563]   --->   Core 25 'Cmp' <Latency = 0> <II = 1> <Delay = 1.66> <FuncUnit> <Opcode : 'icmp'> <InPorts = 2> <OutPorts = 1>
ST_3 : Operation 23 [1/1] (0.00ns)   --->   "call void (...)* @_ssdm_op_SpecLoopTripCount(i64 480, i64 480, i64 480)"
ST_3 : Operation 24 [1/1] (1.93ns)   --->   "%j_V = add i9 %t_V_1, 1" [D:/studyapp_new/VIVADO/vivado201704/Vivado/2017.4/common/technology/autopilot/hls/hls_video_arithm.h:1563]   --->   Core 14 'AddSub' <Latency = 0> <II = 1> <Delay = 1.93> <FuncUnit> <Opcode : 'add' 'sub'> <InPorts = 2> <OutPorts = 1>
ST_3 : Operation 25 [1/1] (0.00ns)   --->   "br i1 %exitcond, label %3, label %"operator>>.exit"" [D:/studyapp_new/VIVADO/vivado201704/Vivado/2017.4/common/technology/autopilot/hls/hls_video_arithm.h:1563]

 <State 4> : 7.27ns
ST_4 : Operation 26 [1/1] (0.00ns)   --->   "call void (...)* @_ssdm_op_SpecLoopName([11 x i8]* @p_str28) nounwind" [D:/studyapp_new/VIVADO/vivado201704/Vivado/2017.4/common/technology/autopilot/hls/hls_video_arithm.h:1563]
ST_4 : Operation 27 [1/1] (0.00ns)   --->   "%tmp_s = call i32 (...)* @_ssdm_op_SpecRegionBegin([11 x i8]* @p_str28)" [D:/studyapp_new/VIVADO/vivado201704/Vivado/2017.4/common/technology/autopilot/hls/hls_video_arithm.h:1563]
ST_4 : Operation 28 [1/1] (0.00ns)   --->   "call void (...)* @_ssdm_op_SpecPipeline(i32 1, i32 1, i32 1, i32 0, [1 x i8]* @p_str) nounwind" [D:/studyapp_new/VIVADO/vivado201704/Vivado/2017.4/common/technology/autopilot/hls/hls_video_arithm.h:1565]
ST_4 : Operation 29 [1/1] (0.00ns)   --->   "%tmp_1 = call i32 (...)* @_ssdm_op_SpecRegionBegin([12 x i8]* @p_str55)" [D:/studyapp_new/VIVADO/vivado201704/Vivado/2017.4/common/technology/autopilot/hls/hls_video_core.h:617->D:/studyapp_new/VIVADO/vivado201704/Vivado/2017.4/common/technology/autopilot/hls/hls_video_core.h:656->D:/studyapp_new/VIVADO/vivado201704/Vivado/2017.4/common/technology/autopilot/hls/hls_video_arithm.h:1566]
ST_4 : Operation 30 [1/1] (0.00ns)   --->   "call void (...)* @_ssdm_op_SpecProtocol(i32 0, [1 x i8]* @p_str) nounwind" [D:/studyapp_new/VIVADO/vivado201704/Vivado/2017.4/common/technology/autopilot/hls/hls_video_core.h:621->D:/studyapp_new/VIVADO/vivado201704/Vivado/2017.4/common/technology/autopilot/hls/hls_video_core.h:656->D:/studyapp_new/VIVADO/vivado201704/Vivado/2017.4/common/technology/autopilot/hls/hls_video_arithm.h:1566]
ST_4 : Operation 31 [1/1] (3.63ns)   --->   "%tmp_39 = call i8 @_ssdm_op_Read.ap_fifo.volatile.i8P(i8* %src_data_stream_0_V)" [D:/studyapp_new/VIVADO/vivado201704/Vivado/2017.4/common/technology/autopilot/hls/hls_video_core.h:624->D:/studyapp_new/VIVADO/vivado201704/Vivado/2017.4/common/technology/autopilot/hls/hls_video_core.h:656->D:/studyapp_new/VIVADO/vivado201704/Vivado/2017.4/common/technology/autopilot/hls/hls_video_arithm.h:1566]   --->   Core 32 'FIFO' <Latency = 0> <II = 1> <Delay = 3.63> <Storage> <Opcode : 'read' 'write' 'nbread' 'nbwrite'> <Ports = 0> <Width = 8> <Depth = 1> <FIFO>
ST_4 : Operation 32 [1/1] (3.63ns)   --->   "%tmp_40 = call i8 @_ssdm_op_Read.ap_fifo.volatile.i8P(i8* %src_data_stream_1_V)" [D:/studyapp_new/VIVADO/vivado201704/Vivado/2017.4/common/technology/autopilot/hls/hls_video_core.h:624->D:/studyapp_new/VIVADO/vivado201704/Vivado/2017.4/common/technology/autopilot/hls/hls_video_core.h:656->D:/studyapp_new/VIVADO/vivado201704/Vivado/2017.4/common/technology/autopilot/hls/hls_video_arithm.h:1566]   --->   Core 32 'FIFO' <Latency = 0> <II = 1> <Delay = 3.63> <Storage> <Opcode : 'read' 'write' 'nbread' 'nbwrite'> <Ports = 0> <Width = 8> <Depth = 1> <FIFO>
ST_4 : Operation 33 [1/1] (3.63ns)   --->   "%tmp_38 = call i8 @_ssdm_op_Read.ap_fifo.volatile.i8P(i8* %src_data_stream_2_V)" [D:/studyapp_new/VIVADO/vivado201704/Vivado/2017.4/common/technology/autopilot/hls/hls_video_core.h:624->D:/studyapp_new/VIVADO/vivado201704/Vivado/2017.4/common/technology/autopilot/hls/hls_video_core.h:656->D:/studyapp_new/VIVADO/vivado201704/Vivado/2017.4/common/technology/autopilot/hls/hls_video_arithm.h:1566]   --->   Core 32 'FIFO' <Latency = 0> <II = 1> <Delay = 3.63> <Storage> <Opcode : 'read' 'write' 'nbread' 'nbwrite'> <Ports = 0> <Width = 8> <Depth = 1> <FIFO>
ST_4 : Operation 34 [1/1] (0.00ns)   --->   "%empty = call i32 (...)* @_ssdm_op_SpecRegionEnd([12 x i8]* @p_str55, i32 %tmp_1)" [D:/studyapp_new/VIVADO/vivado201704/Vivado/2017.4/common/technology/autopilot/hls/hls_video_core.h:626->D:/studyapp_new/VIVADO/vivado201704/Vivado/2017.4/common/technology/autopilot/hls/hls_video_core.h:656->D:/studyapp_new/VIVADO/vivado201704/Vivado/2017.4/common/technology/autopilot/hls/hls_video_arithm.h:1566]
ST_4 : Operation 35 [1/1] (0.00ns)   --->   "%tmp_2 = call i32 (...)* @_ssdm_op_SpecRegionBegin([13 x i8]* @p_str42)" [D:/studyapp_new/VIVADO/vivado201704/Vivado/2017.4/common/technology/autopilot/hls/hls_video_core.h:641->D:/studyapp_new/VIVADO/vivado201704/Vivado/2017.4/common/technology/autopilot/hls/hls_video_core.h:662->D:/studyapp_new/VIVADO/vivado201704/Vivado/2017.4/common/technology/autopilot/hls/hls_video_arithm.h:1567]
ST_4 : Operation 36 [1/1] (0.00ns)   --->   "call void (...)* @_ssdm_op_SpecProtocol(i32 0, [1 x i8]* @p_str) nounwind" [D:/studyapp_new/VIVADO/vivado201704/Vivado/2017.4/common/technology/autopilot/hls/hls_video_core.h:645->D:/studyapp_new/VIVADO/vivado201704/Vivado/2017.4/common/technology/autopilot/hls/hls_video_core.h:662->D:/studyapp_new/VIVADO/vivado201704/Vivado/2017.4/common/technology/autopilot/hls/hls_video_arithm.h:1567]
ST_4 : Operation 37 [1/1] (0.00ns)   --->   "call void @_ssdm_op_Write.ap_auto.volatile.i8P(i8* %dst0_data_stream_V, i8 %tmp_39)" [D:/studyapp_new/VIVADO/vivado201704/Vivado/2017.4/common/technology/autopilot/hls/hls_video_core.h:648->D:/studyapp_new/VIVADO/vivado201704/Vivado/2017.4/common/technology/autopilot/hls/hls_video_core.h:662->D:/studyapp_new/VIVADO/vivado201704/Vivado/2017.4/common/technology/autopilot/hls/hls_video_arithm.h:1567]
ST_4 : Operation 38 [1/1] (0.00ns)   --->   "%empty_98 = call i32 (...)* @_ssdm_op_SpecRegionEnd([13 x i8]* @p_str42, i32 %tmp_2)" [D:/studyapp_new/VIVADO/vivado201704/Vivado/2017.4/common/technology/autopilot/hls/hls_video_core.h:650->D:/studyapp_new/VIVADO/vivado201704/Vivado/2017.4/common/technology/autopilot/hls/hls_video_core.h:662->D:/studyapp_new/VIVADO/vivado201704/Vivado/2017.4/common/technology/autopilot/hls/hls_video_arithm.h:1567]
ST_4 : Operation 39 [1/1] (0.00ns)   --->   "%tmp_3 = call i32 (...)* @_ssdm_op_SpecRegionBegin([13 x i8]* @p_str42)" [D:/studyapp_new/VIVADO/vivado201704/Vivado/2017.4/common/technology/autopilot/hls/hls_video_core.h:641->D:/studyapp_new/VIVADO/vivado201704/Vivado/2017.4/common/technology/autopilot/hls/hls_video_core.h:662->D:/studyapp_new/VIVADO/vivado201704/Vivado/2017.4/common/technology/autopilot/hls/hls_video_arithm.h:1568]
ST_4 : Operation 40 [1/1] (0.00ns)   --->   "call void (...)* @_ssdm_op_SpecProtocol(i32 0, [1 x i8]* @p_str) nounwind" [D:/studyapp_new/VIVADO/vivado201704/Vivado/2017.4/common/technology/autopilot/hls/hls_video_core.h:645->D:/studyapp_new/VIVADO/vivado201704/Vivado/2017.4/common/technology/autopilot/hls/hls_video_core.h:662->D:/studyapp_new/VIVADO/vivado201704/Vivado/2017.4/common/technology/autopilot/hls/hls_video_arithm.h:1568]
ST_4 : Operation 41 [1/1] (3.63ns)   --->   "call void @_ssdm_op_Write.ap_fifo.volatile.i8P(i8* %dst1_data_stream_V, i8 %tmp_40)" [D:/studyapp_new/VIVADO/vivado201704/Vivado/2017.4/common/technology/autopilot/hls/hls_video_core.h:648->D:/studyapp_new/VIVADO/vivado201704/Vivado/2017.4/common/technology/autopilot/hls/hls_video_core.h:662->D:/studyapp_new/VIVADO/vivado201704/Vivado/2017.4/common/technology/autopilot/hls/hls_video_arithm.h:1568]   --->   Core 32 'FIFO' <Latency = 0> <II = 1> <Delay = 3.63> <Storage> <Opcode : 'read' 'write' 'nbread' 'nbwrite'> <Ports = 0> <Width = 8> <Depth = 1> <FIFO>
ST_4 : Operation 42 [1/1] (0.00ns)   --->   "%empty_99 = call i32 (...)* @_ssdm_op_SpecRegionEnd([13 x i8]* @p_str42, i32 %tmp_3)" [D:/studyapp_new/VIVADO/vivado201704/Vivado/2017.4/common/technology/autopilot/hls/hls_video_core.h:650->D:/studyapp_new/VIVADO/vivado201704/Vivado/2017.4/common/technology/autopilot/hls/hls_video_core.h:662->D:/studyapp_new/VIVADO/vivado201704/Vivado/2017.4/common/technology/autopilot/hls/hls_video_arithm.h:1568]
ST_4 : Operation 43 [1/1] (0.00ns)   --->   "%tmp_4 = call i32 (...)* @_ssdm_op_SpecRegionBegin([13 x i8]* @p_str42)" [D:/studyapp_new/VIVADO/vivado201704/Vivado/2017.4/common/technology/autopilot/hls/hls_video_core.h:641->D:/studyapp_new/VIVADO/vivado201704/Vivado/2017.4/common/technology/autopilot/hls/hls_video_core.h:662->D:/studyapp_new/VIVADO/vivado201704/Vivado/2017.4/common/technology/autopilot/hls/hls_video_arithm.h:1569]
ST_4 : Operation 44 [1/1] (0.00ns)   --->   "call void (...)* @_ssdm_op_SpecProtocol(i32 0, [1 x i8]* @p_str) nounwind" [D:/studyapp_new/VIVADO/vivado201704/Vivado/2017.4/common/technology/autopilot/hls/hls_video_core.h:645->D:/studyapp_new/VIVADO/vivado201704/Vivado/2017.4/common/technology/autopilot/hls/hls_video_core.h:662->D:/studyapp_new/VIVADO/vivado201704/Vivado/2017.4/common/technology/autopilot/hls/hls_video_arithm.h:1569]
ST_4 : Operation 45 [1/1] (3.63ns)   --->   "call void @_ssdm_op_Write.ap_fifo.volatile.i8P(i8* %dst2_data_stream_V, i8 %tmp_38)" [D:/studyapp_new/VIVADO/vivado201704/Vivado/2017.4/common/technology/autopilot/hls/hls_video_core.h:648->D:/studyapp_new/VIVADO/vivado201704/Vivado/2017.4/common/technology/autopilot/hls/hls_video_core.h:662->D:/studyapp_new/VIVADO/vivado201704/Vivado/2017.4/common/technology/autopilot/hls/hls_video_arithm.h:1569]   --->   Core 32 'FIFO' <Latency = 0> <II = 1> <Delay = 3.63> <Storage> <Opcode : 'read' 'write' 'nbread' 'nbwrite'> <Ports = 0> <Width = 8> <Depth = 1> <FIFO>
ST_4 : Operation 46 [1/1] (0.00ns)   --->   "%empty_100 = call i32 (...)* @_ssdm_op_SpecRegionEnd([13 x i8]* @p_str42, i32 %tmp_4)" [D:/studyapp_new/VIVADO/vivado201704/Vivado/2017.4/common/technology/autopilot/hls/hls_video_core.h:650->D:/studyapp_new/VIVADO/vivado201704/Vivado/2017.4/common/technology/autopilot/hls/hls_video_core.h:662->D:/studyapp_new/VIVADO/vivado201704/Vivado/2017.4/common/technology/autopilot/hls/hls_video_arithm.h:1569]
ST_4 : Operation 47 [1/1] (0.00ns)   --->   "%empty_101 = call i32 (...)* @_ssdm_op_SpecRegionEnd([11 x i8]* @p_str28, i32 %tmp_s)" [D:/studyapp_new/VIVADO/vivado201704/Vivado/2017.4/common/technology/autopilot/hls/hls_video_arithm.h:1570]
ST_4 : Operation 48 [1/1] (0.00ns)   --->   "br label %2" [D:/studyapp_new/VIVADO/vivado201704/Vivado/2017.4/common/technology/autopilot/hls/hls_video_arithm.h:1563]

 <State 5> : 0.00ns
ST_5 : Operation 49 [1/1] (0.00ns)   --->   "%empty_102 = call i32 (...)* @_ssdm_op_SpecRegionEnd([12 x i8]* @p_str27, i32 %tmp)" [D:/studyapp_new/VIVADO/vivado201704/Vivado/2017.4/common/technology/autopilot/hls/hls_video_arithm.h:1571]
ST_5 : Operation 50 [1/1] (0.00ns)   --->   "br label %0" [D:/studyapp_new/VIVADO/vivado201704/Vivado/2017.4/common/technology/autopilot/hls/hls_video_arithm.h:1562]


============================================================
+ Verbose Summary: Binding
============================================================
STG Binding: 
---------------- STG Properties BEGIN ----------------
- Is combinational: 0
- Is one-state seq: 0
- Is datapath-only: 0
- Is pipelined: 0
- Is top level: 0
Port [ Return ] is wired: 1; IO mode=ap_ctrl_hs:ce=0
Port [ src_data_stream_0_V]:  wired=1; compound=1; hidden=0; nouse=0; global=0; static=0; extern=0; dir=0; type=3; pingpong=0; private_global=0; IO mode=ap_fifo:ce=0
Port [ src_data_stream_1_V]:  wired=1; compound=1; hidden=0; nouse=0; global=0; static=0; extern=0; dir=0; type=3; pingpong=0; private_global=0; IO mode=ap_fifo:ce=0
Port [ src_data_stream_2_V]:  wired=1; compound=1; hidden=0; nouse=0; global=0; static=0; extern=0; dir=0; type=3; pingpong=0; private_global=0; IO mode=ap_fifo:ce=0
Port [ dst0_data_stream_V]:  wired=1; compound=0; hidden=0; nouse=0; global=0; static=0; extern=0; dir=1; type=0; pingpong=0; private_global=0; IO mode=ap_vld:ce=0
Port [ dst1_data_stream_V]:  wired=1; compound=1; hidden=0; nouse=0; global=0; static=0; extern=0; dir=1; type=3; pingpong=0; private_global=0; IO mode=ap_fifo:ce=0
Port [ dst2_data_stream_V]:  wired=1; compound=1; hidden=0; nouse=0; global=0; static=0; extern=0; dir=1; type=3; pingpong=0; private_global=0; IO mode=ap_fifo:ce=0
---------------- STG Properties END ------------------

---------------- Datapath Model BEGIN ----------------

<LifeTime>
<method=bitvector/>
StgValue_6  (specinterface    ) [ 000000]
StgValue_7  (specinterface    ) [ 000000]
StgValue_8  (specinterface    ) [ 000000]
StgValue_9  (specinterface    ) [ 000000]
StgValue_10 (specinterface    ) [ 000000]
StgValue_11 (br               ) [ 011111]
t_V         (phi              ) [ 001000]
exitcond1   (icmp             ) [ 001111]
StgValue_14 (speclooptripcount) [ 000000]
i_V         (add              ) [ 011111]
StgValue_16 (br               ) [ 000000]
StgValue_17 (specloopname     ) [ 000000]
tmp         (specregionbegin  ) [ 000111]
StgValue_19 (br               ) [ 001111]
StgValue_20 (ret              ) [ 000000]
t_V_1       (phi              ) [ 000100]
exitcond    (icmp             ) [ 001111]
StgValue_23 (speclooptripcount) [ 000000]
j_V         (add              ) [ 001111]
StgValue_25 (br               ) [ 000000]
StgValue_26 (specloopname     ) [ 000000]
tmp_s       (specregionbegin  ) [ 000000]
StgValue_28 (specpipeline     ) [ 000000]
tmp_1       (specregionbegin  ) [ 000000]
StgValue_30 (specprotocol     ) [ 000000]
tmp_39      (read             ) [ 000000]
tmp_40      (read             ) [ 000000]
tmp_38      (read             ) [ 000000]
empty       (specregionend    ) [ 000000]
tmp_2       (specregionbegin  ) [ 000000]
StgValue_36 (specprotocol     ) [ 000000]
StgValue_37 (write            ) [ 000000]
empty_98    (specregionend    ) [ 000000]
tmp_3       (specregionbegin  ) [ 000000]
StgValue_40 (specprotocol     ) [ 000000]
StgValue_41 (write            ) [ 000000]
empty_99    (specregionend    ) [ 000000]
tmp_4       (specregionbegin  ) [ 000000]
StgValue_44 (specprotocol     ) [ 000000]
StgValue_45 (write            ) [ 000000]
empty_100   (specregionend    ) [ 000000]
empty_101   (specregionend    ) [ 000000]
StgValue_48 (br               ) [ 001111]
empty_102   (specregionend    ) [ 000000]
StgValue_50 (br               ) [ 011111]
</LifeTime>

<model>

<comp_list>
<comp id="0" class="1000" name="src_data_stream_0_V">
<pin_list>
<pin id="1" dir="1" index="0" bw="1" slack="0"/>
</pin_list>
<bind>
<StgValue><ssdm name="src_data_stream_0_V"/></StgValue>
</bind>
</comp>

<comp id="2" class="1000" name="src_data_stream_1_V">
<pin_list>
<pin id="3" dir="1" index="0" bw="1" slack="0"/>
</pin_list>
<bind>
<StgValue><ssdm name="src_data_stream_1_V"/></StgValue>
</bind>
</comp>

<comp id="4" class="1000" name="src_data_stream_2_V">
<pin_list>
<pin id="5" dir="1" index="0" bw="1" slack="0"/>
</pin_list>
<bind>
<StgValue><ssdm name="src_data_stream_2_V"/></StgValue>
</bind>
</comp>

<comp id="6" class="1000" name="dst0_data_stream_V">
<pin_list>
<pin id="7" dir="1" index="0" bw="1" slack="0"/>
</pin_list>
<bind>
<StgValue><ssdm name="dst0_data_stream_V"/></StgValue>
</bind>
</comp>

<comp id="8" class="1000" name="dst1_data_stream_V">
<pin_list>
<pin id="9" dir="1" index="0" bw="1" slack="0"/>
</pin_list>
<bind>
<StgValue><ssdm name="dst1_data_stream_V"/></StgValue>
</bind>
</comp>

<comp id="10" class="1000" name="dst2_data_stream_V">
<pin_list>
<pin id="11" dir="1" index="0" bw="1" slack="0"/>
</pin_list>
<bind>
<StgValue><ssdm name="dst2_data_stream_V"/></StgValue>
</bind>
</comp>

<comp id="12" class="1001" name="const_12">
<pin_list>
<pin id="13" dir="1" index="0" bw="1" slack="2147483647"/>
</pin_list>
<bind>
<StgValue><ssdm name="_ssdm_op_SpecInterface"/></StgValue>
</bind>
</comp>

<comp id="14" class="1001" name="const_14">
<pin_list>
<pin id="15" dir="1" index="0" bw="1" slack="2147483647"/>
</pin_list>
<bind>
<StgValue><ssdm name="ap_fifo_str"/></StgValue>
</bind>
</comp>

<comp id="16" class="1001" name="const_16">
<pin_list>
<pin id="17" dir="1" index="0" bw="1" slack="2147483647"/>
</pin_list>
<bind>
<StgValue><ssdm name=""/></StgValue>
</bind>
</comp>

<comp id="18" class="1001" name="const_18">
<pin_list>
<pin id="19" dir="1" index="0" bw="1" slack="2147483647"/>
</pin_list>
<bind>
<StgValue><ssdm name="p_str"/></StgValue>
</bind>
</comp>

<comp id="20" class="1001" name="const_20">
<pin_list>
<pin id="21" dir="1" index="0" bw="1" slack="2147483647"/>
</pin_list>
<bind>
<StgValue><ssdm name=""/></StgValue>
</bind>
</comp>

<comp id="22" class="1001" name="const_22">
<pin_list>
<pin id="23" dir="1" index="0" bw="1" slack="2147483647"/>
</pin_list>
<bind>
<StgValue><ssdm name=""/></StgValue>
</bind>
</comp>

<comp id="24" class="1001" name="const_24">
<pin_list>
<pin id="25" dir="1" index="0" bw="1" slack="1"/>
</pin_list>
<bind>
<StgValue><ssdm name=""/></StgValue>
</bind>
</comp>

<comp id="26" class="1001" name="const_26">
<pin_list>
<pin id="27" dir="1" index="0" bw="1" slack="0"/>
</pin_list>
<bind>
<StgValue><ssdm name=""/></StgValue>
</bind>
</comp>

<comp id="28" class="1001" name="const_28">
<pin_list>
<pin id="29" dir="1" index="0" bw="1" slack="2147483647"/>
</pin_list>
<bind>
<StgValue><ssdm name="_ssdm_op_SpecLoopTripCount"/></StgValue>
</bind>
</comp>

<comp id="30" class="1001" name="const_30">
<pin_list>
<pin id="31" dir="1" index="0" bw="1" slack="2147483647"/>
</pin_list>
<bind>
<StgValue><ssdm name=""/></StgValue>
</bind>
</comp>

<comp id="32" class="1001" name="const_32">
<pin_list>
<pin id="33" dir="1" index="0" bw="1" slack="0"/>
</pin_list>
<bind>
<StgValue><ssdm name=""/></StgValue>
</bind>
</comp>

<comp id="34" class="1001" name="const_34">
<pin_list>
<pin id="35" dir="1" index="0" bw="1" slack="2147483647"/>
</pin_list>
<bind>
<StgValue><ssdm name="_ssdm_op_SpecLoopName"/></StgValue>
</bind>
</comp>

<comp id="36" class="1001" name="const_36">
<pin_list>
<pin id="37" dir="1" index="0" bw="1" slack="2147483647"/>
</pin_list>
<bind>
<StgValue><ssdm name="p_str27"/></StgValue>
</bind>
</comp>

<comp id="38" class="1001" name="const_38">
<pin_list>
<pin id="39" dir="1" index="0" bw="1" slack="2147483647"/>
</pin_list>
<bind>
<StgValue><ssdm name="_ssdm_op_SpecRegionBegin"/></StgValue>
</bind>
</comp>

<comp id="40" class="1001" name="const_40">
<pin_list>
<pin id="41" dir="1" index="0" bw="1" slack="1"/>
</pin_list>
<bind>
<StgValue><ssdm name=""/></StgValue>
</bind>
</comp>

<comp id="42" class="1001" name="const_42">
<pin_list>
<pin id="43" dir="1" index="0" bw="1" slack="0"/>
</pin_list>
<bind>
<StgValue><ssdm name=""/></StgValue>
</bind>
</comp>

<comp id="44" class="1001" name="const_44">
<pin_list>
<pin id="45" dir="1" index="0" bw="1" slack="2147483647"/>
</pin_list>
<bind>
<StgValue><ssdm name=""/></StgValue>
</bind>
</comp>

<comp id="46" class="1001" name="const_46">
<pin_list>
<pin id="47" dir="1" index="0" bw="1" slack="0"/>
</pin_list>
<bind>
<StgValue><ssdm name=""/></StgValue>
</bind>
</comp>

<comp id="48" class="1001" name="const_48">
<pin_list>
<pin id="49" dir="1" index="0" bw="1" slack="2147483647"/>
</pin_list>
<bind>
<StgValue><ssdm name="p_str28"/></StgValue>
</bind>
</comp>

<comp id="50" class="1001" name="const_50">
<pin_list>
<pin id="51" dir="1" index="0" bw="1" slack="2147483647"/>
</pin_list>
<bind>
<StgValue><ssdm name="_ssdm_op_SpecPipeline"/></StgValue>
</bind>
</comp>

<comp id="52" class="1001" name="const_52">
<pin_list>
<pin id="53" dir="1" index="0" bw="1" slack="2147483647"/>
</pin_list>
<bind>
<StgValue><ssdm name=""/></StgValue>
</bind>
</comp>

<comp id="54" class="1001" name="const_54">
<pin_list>
<pin id="55" dir="1" index="0" bw="1" slack="2147483647"/>
</pin_list>
<bind>
<StgValue><ssdm name="p_str55"/></StgValue>
</bind>
</comp>

<comp id="56" class="1001" name="const_56">
<pin_list>
<pin id="57" dir="1" index="0" bw="1" slack="2147483647"/>
</pin_list>
<bind>
<StgValue><ssdm name="_ssdm_op_SpecProtocol"/></StgValue>
</bind>
</comp>

<comp id="58" class="1001" name="const_58">
<pin_list>
<pin id="59" dir="1" index="0" bw="1" slack="0"/>
</pin_list>
<bind>
<StgValue><ssdm name="_ssdm_op_Read.ap_fifo.volatile.i8P"/></StgValue>
</bind>
</comp>

<comp id="60" class="1001" name="const_60">
<pin_list>
<pin id="61" dir="1" index="0" bw="1" slack="2147483647"/>
</pin_list>
<bind>
<StgValue><ssdm name="_ssdm_op_SpecRegionEnd"/></StgValue>
</bind>
</comp>

<comp id="62" class="1001" name="const_62">
<pin_list>
<pin id="63" dir="1" index="0" bw="1" slack="2147483647"/>
</pin_list>
<bind>
<StgValue><ssdm name="p_str42"/></StgValue>
</bind>
</comp>

<comp id="64" class="1001" name="const_64">
<pin_list>
<pin id="65" dir="1" index="0" bw="1" slack="0"/>
</pin_list>
<bind>
<StgValue><ssdm name="_ssdm_op_Write.ap_auto.volatile.i8P"/></StgValue>
</bind>
</comp>

<comp id="66" class="1001" name="const_66">
<pin_list>
<pin id="67" dir="1" index="0" bw="1" slack="0"/>
</pin_list>
<bind>
<StgValue><ssdm name="_ssdm_op_Write.ap_fifo.volatile.i8P"/></StgValue>
</bind>
</comp>

<comp id="68" class="1004" name="tmp_39_read_fu_68">
<pin_list>
<pin id="69" dir="0" index="0" bw="8" slack="0"/>
<pin id="70" dir="0" index="1" bw="8" slack="0"/>
<pin id="71" dir="1" index="2" bw="8" slack="0"/>
</pin_list>
<bind>
<opcode="read(1150) " fcode="read"/>
<opset="tmp_39/4 "/>
</bind>
</comp>

<comp id="74" class="1004" name="tmp_40_read_fu_74">
<pin_list>
<pin id="75" dir="0" index="0" bw="8" slack="0"/>
<pin id="76" dir="0" index="1" bw="8" slack="0"/>
<pin id="77" dir="1" index="2" bw="8" slack="0"/>
</pin_list>
<bind>
<opcode="read(1150) " fcode="read"/>
<opset="tmp_40/4 "/>
</bind>
</comp>

<comp id="80" class="1004" name="tmp_38_read_fu_80">
<pin_list>
<pin id="81" dir="0" index="0" bw="8" slack="0"/>
<pin id="82" dir="0" index="1" bw="8" slack="0"/>
<pin id="83" dir="1" index="2" bw="8" slack="0"/>
</pin_list>
<bind>
<opcode="read(1150) " fcode="read"/>
<opset="tmp_38/4 "/>
</bind>
</comp>

<comp id="86" class="1004" name="StgValue_37_write_fu_86">
<pin_list>
<pin id="87" dir="0" index="0" bw="0" slack="0"/>
<pin id="88" dir="0" index="1" bw="8" slack="0"/>
<pin id="89" dir="0" index="2" bw="8" slack="0"/>
<pin id="90" dir="1" index="3" bw="0" slack="2147483647"/>
</pin_list>
<bind>
<opcode="write(1151) " fcode="write"/>
<opset="StgValue_37/4 "/>
</bind>
</comp>

<comp id="94" class="1004" name="StgValue_41_write_fu_94">
<pin_list>
<pin id="95" dir="0" index="0" bw="0" slack="0"/>
<pin id="96" dir="0" index="1" bw="8" slack="0"/>
<pin id="97" dir="0" index="2" bw="8" slack="0"/>
<pin id="98" dir="1" index="3" bw="0" slack="2147483647"/>
</pin_list>
<bind>
<opcode="write(1151) " fcode="write"/>
<opset="StgValue_41/4 "/>
</bind>
</comp>

<comp id="102" class="1004" name="StgValue_45_write_fu_102">
<pin_list>
<pin id="103" dir="0" index="0" bw="0" slack="0"/>
<pin id="104" dir="0" index="1" bw="8" slack="0"/>
<pin id="105" dir="0" index="2" bw="8" slack="0"/>
<pin id="106" dir="1" index="3" bw="0" slack="2147483647"/>
</pin_list>
<bind>
<opcode="write(1151) " fcode="write"/>
<opset="StgValue_45/4 "/>
</bind>
</comp>

<comp id="110" class="1005" name="t_V_reg_110">
<pin_list>
<pin id="111" dir="0" index="0" bw="10" slack="1"/>
<pin id="112" dir="1" index="1" bw="10" slack="1"/>
</pin_list>
<bind>
<opset="t_V (phireg) "/>
</bind>
</comp>

<comp id="114" class="1004" name="t_V_phi_fu_114">
<pin_list>
<pin id="115" dir="0" index="0" bw="1" slack="1"/>
<pin id="116" dir="0" index="1" bw="0" slack="2147483647"/>
<pin id="117" dir="0" index="2" bw="10" slack="0"/>
<pin id="118" dir="0" index="3" bw="0" slack="2147483647"/>
<pin id="119" dir="1" index="4" bw="10" slack="0"/>
</pin_list>
<bind>
<opcode="phi(47) " fcode="phi"/>
<opset="t_V/2 "/>
</bind>
</comp>

<comp id="121" class="1005" name="t_V_1_reg_121">
<pin_list>
<pin id="122" dir="0" index="0" bw="9" slack="1"/>
<pin id="123" dir="1" index="1" bw="9" slack="1"/>
</pin_list>
<bind>
<opset="t_V_1 (phireg) "/>
</bind>
</comp>

<comp id="125" class="1004" name="t_V_1_phi_fu_125">
<pin_list>
<pin id="126" dir="0" index="0" bw="1" slack="1"/>
<pin id="127" dir="0" index="1" bw="0" slack="2147483647"/>
<pin id="128" dir="0" index="2" bw="9" slack="0"/>
<pin id="129" dir="0" index="3" bw="0" slack="2147483647"/>
<pin id="130" dir="1" index="4" bw="9" slack="0"/>
</pin_list>
<bind>
<opcode="phi(47) " fcode="phi"/>
<opset="t_V_1/3 "/>
</bind>
</comp>

<comp id="132" class="1004" name="exitcond1_fu_132">
<pin_list>
<pin id="133" dir="0" index="0" bw="10" slack="0"/>
<pin id="134" dir="0" index="1" bw="10" slack="0"/>
<pin id="135" dir="1" index="2" bw="1" slack="1"/>
</pin_list>
<bind>
<opcode="icmp(45) " fcode="icmp"/>
<opset="exitcond1/2 "/>
</bind>
</comp>

<comp id="138" class="1004" name="i_V_fu_138">
<pin_list>
<pin id="139" dir="0" index="0" bw="10" slack="0"/>
<pin id="140" dir="0" index="1" bw="1" slack="0"/>
<pin id="141" dir="1" index="2" bw="10" slack="0"/>
</pin_list>
<bind>
<opcode="add(8) " fcode="add"/>
<opset="i_V/2 "/>
</bind>
</comp>

<comp id="144" class="1004" name="exitcond_fu_144">
<pin_list>
<pin id="145" dir="0" index="0" bw="9" slack="0"/>
<pin id="146" dir="0" index="1" bw="6" slack="0"/>
<pin id="147" dir="1" index="2" bw="1" slack="1"/>
</pin_list>
<bind>
<opcode="icmp(45) " fcode="icmp"/>
<opset="exitcond/3 "/>
</bind>
</comp>

<comp id="150" class="1004" name="j_V_fu_150">
<pin_list>
<pin id="151" dir="0" index="0" bw="9" slack="0"/>
<pin id="152" dir="0" index="1" bw="1" slack="0"/>
<pin id="153" dir="1" index="2" bw="9" slack="0"/>
</pin_list>
<bind>
<opcode="add(8) " fcode="add"/>
<opset="j_V/3 "/>
</bind>
</comp>

<comp id="156" class="1005" name="exitcond1_reg_156">
<pin_list>
<pin id="157" dir="0" index="0" bw="1" slack="1"/>
<pin id="158" dir="1" index="1" bw="1" slack="2147483647"/>
</pin_list>
<bind>
<opset="exitcond1 "/>
</bind>
</comp>

<comp id="160" class="1005" name="i_V_reg_160">
<pin_list>
<pin id="161" dir="0" index="0" bw="10" slack="0"/>
<pin id="162" dir="1" index="1" bw="10" slack="0"/>
</pin_list>
<bind>
<opset="i_V "/>
</bind>
</comp>

<comp id="165" class="1005" name="exitcond_reg_165">
<pin_list>
<pin id="166" dir="0" index="0" bw="1" slack="1"/>
<pin id="167" dir="1" index="1" bw="1" slack="2147483647"/>
</pin_list>
<bind>
<opset="exitcond "/>
</bind>
</comp>

<comp id="169" class="1005" name="j_V_reg_169">
<pin_list>
<pin id="170" dir="0" index="0" bw="9" slack="0"/>
<pin id="171" dir="1" index="1" bw="9" slack="0"/>
</pin_list>
<bind>
<opset="j_V "/>
</bind>
</comp>

</comp_list>

<net_list>
<net id="72"><net_src comp="58" pin="0"/><net_sink comp="68" pin=0"/></net>

<net id="73"><net_src comp="0" pin="0"/><net_sink comp="68" pin=1"/></net>

<net id="78"><net_src comp="58" pin="0"/><net_sink comp="74" pin=0"/></net>

<net id="79"><net_src comp="2" pin="0"/><net_sink comp="74" pin=1"/></net>

<net id="84"><net_src comp="58" pin="0"/><net_sink comp="80" pin=0"/></net>

<net id="85"><net_src comp="4" pin="0"/><net_sink comp="80" pin=1"/></net>

<net id="91"><net_src comp="64" pin="0"/><net_sink comp="86" pin=0"/></net>

<net id="92"><net_src comp="6" pin="0"/><net_sink comp="86" pin=1"/></net>

<net id="93"><net_src comp="68" pin="2"/><net_sink comp="86" pin=2"/></net>

<net id="99"><net_src comp="66" pin="0"/><net_sink comp="94" pin=0"/></net>

<net id="100"><net_src comp="8" pin="0"/><net_sink comp="94" pin=1"/></net>

<net id="101"><net_src comp="74" pin="2"/><net_sink comp="94" pin=2"/></net>

<net id="107"><net_src comp="66" pin="0"/><net_sink comp="102" pin=0"/></net>

<net id="108"><net_src comp="10" pin="0"/><net_sink comp="102" pin=1"/></net>

<net id="109"><net_src comp="80" pin="2"/><net_sink comp="102" pin=2"/></net>

<net id="113"><net_src comp="24" pin="0"/><net_sink comp="110" pin=0"/></net>

<net id="120"><net_src comp="110" pin="1"/><net_sink comp="114" pin=0"/></net>

<net id="124"><net_src comp="40" pin="0"/><net_sink comp="121" pin=0"/></net>

<net id="131"><net_src comp="121" pin="1"/><net_sink comp="125" pin=0"/></net>

<net id="136"><net_src comp="114" pin="4"/><net_sink comp="132" pin=0"/></net>

<net id="137"><net_src comp="26" pin="0"/><net_sink comp="132" pin=1"/></net>

<net id="142"><net_src comp="114" pin="4"/><net_sink comp="138" pin=0"/></net>

<net id="143"><net_src comp="32" pin="0"/><net_sink comp="138" pin=1"/></net>

<net id="148"><net_src comp="125" pin="4"/><net_sink comp="144" pin=0"/></net>

<net id="149"><net_src comp="42" pin="0"/><net_sink comp="144" pin=1"/></net>

<net id="154"><net_src comp="125" pin="4"/><net_sink comp="150" pin=0"/></net>

<net id="155"><net_src comp="46" pin="0"/><net_sink comp="150" pin=1"/></net>

<net id="159"><net_src comp="132" pin="2"/><net_sink comp="156" pin=0"/></net>

<net id="163"><net_src comp="138" pin="2"/><net_sink comp="160" pin=0"/></net>

<net id="164"><net_src comp="160" pin="1"/><net_sink comp="114" pin=2"/></net>

<net id="168"><net_src comp="144" pin="2"/><net_sink comp="165" pin=0"/></net>

<net id="172"><net_src comp="150" pin="2"/><net_sink comp="169" pin=0"/></net>

<net id="173"><net_src comp="169" pin="1"/><net_sink comp="125" pin=2"/></net>

</net_list>

</model> 
---------------- Datapath Model END ------------------

* FSMD analyzer results:
  - Output states:
	Port: dst0_data_stream_V | {4 }
	Port: dst1_data_stream_V | {4 }
	Port: dst2_data_stream_V | {4 }
 - Input state : 
	Port: Split : src_data_stream_0_V | {4 }
	Port: Split : src_data_stream_1_V | {4 }
	Port: Split : src_data_stream_2_V | {4 }
  - Chain level:
	State 1
	State 2
		exitcond1 : 1
		i_V : 1
		StgValue_16 : 2
	State 3
		exitcond : 1
		j_V : 1
		StgValue_25 : 2
	State 4
		empty : 1
		empty_98 : 1
		empty_99 : 1
		empty_100 : 1
		empty_101 : 1
	State 5


============================================================
+ Verbose Summary: Datapath Resource usage 
============================================================

* Functional unit list:
|----------|--------------------------|---------|---------|
| Operation|      Functional Unit     |    FF   |   LUT   |
|----------|--------------------------|---------|---------|
|    add   |        i_V_fu_138        |    0    |    17   |
|          |        j_V_fu_150        |    0    |    16   |
|----------|--------------------------|---------|---------|
|   icmp   |     exitcond1_fu_132     |    0    |    13   |
|          |      exitcond_fu_144     |    0    |    13   |
|----------|--------------------------|---------|---------|
|          |     tmp_39_read_fu_68    |    0    |    0    |
|   read   |     tmp_40_read_fu_74    |    0    |    0    |
|          |     tmp_38_read_fu_80    |    0    |    0    |
|----------|--------------------------|---------|---------|
|          |  StgValue_37_write_fu_86 |    0    |    0    |
|   write  |  StgValue_41_write_fu_94 |    0    |    0    |
|          | StgValue_45_write_fu_102 |    0    |    0    |
|----------|--------------------------|---------|---------|
|   Total  |                          |    0    |    59   |
|----------|--------------------------|---------|---------|

Memories:
N/A

* Register list:
+-----------------+--------+
|                 |   FF   |
+-----------------+--------+
|exitcond1_reg_156|    1   |
| exitcond_reg_165|    1   |
|   i_V_reg_160   |   10   |
|   j_V_reg_169   |    9   |
|  t_V_1_reg_121  |    9   |
|   t_V_reg_110   |   10   |
+-----------------+--------+
|      Total      |   40   |
+-----------------+--------+

* Multiplexer (MUX) list: 
|--------|------|------|------|--------|
|  Comp  |  Pin | Size |  BW  | S x BW |
|--------|------|------|------|--------|
|  Total |      |      |      |    0   |
|--------|------|------|------|--------|



* Summary:
+-----------+--------+--------+
|           |   FF   |   LUT  |
+-----------+--------+--------+
|  Function |    0   |   59   |
|   Memory  |    -   |    -   |
|Multiplexer|    -   |    -   |
|  Register |   40   |    -   |
+-----------+--------+--------+
|   Total   |   40   |   59   |
+-----------+--------+--------+
