

================================================================
== Vivado HLS Report for 'YCrCb_GUASSIAN_Block_2'
================================================================
* Date:           Tue Mar 24 00:11:54 2020

* Version:        2017.4 (Build 2086221 on Fri Dec 15 21:13:33 MST 2017)
* Project:        YCrCbGuass
* Solution:       solution1
* Product family: zynq
* Target device:  xc7z020clg484-1


================================================================
== Performance Estimates
================================================================
+ Timing (ns): 
    * Summary: 
    +--------+-------+----------+------------+
    |  Clock | Target| Estimated| Uncertainty|
    +--------+-------+----------+------------+
    |ap_clk  |  10.00|      3.63|        1.25|
    +--------+-------+----------+------------+

+ Latency (clock cycles): 
    * Summary: 
    +-----+-----+-----+-----+---------+
    |  Latency  |  Interval | Pipeline|
    | min | max | min | max |   Type  |
    +-----+-----+-----+-----+---------+
    |    0|    0|    0|    0|   none  |
    +-----+-----+-----+-----+---------+

    + Detail: 
        * Instance: 
        N/A

        * Loop: 
        N/A

============================================================
+ Verbose Summary: Synthesis Manager
============================================================
InlineROM: 1
ExposeGlobal: 0
============================================================
+ Verbose Summary: CDFG Model
============================================================
IsTopModel: 0
ResetActiveHigh: 1
IsCombinational: 2
IsDatapathOnly: 0
HasWiredReturn: 1
HasMFsm: 0
HasVarLatency: 0
IsPipeline: 0
IsRtlPipelined: 0
IsInstanceOverlapped: 0
IsDontTouch: 0
HasImplIP: 0
IsGatedGlobalClock: 0


============================================================
+ Verbose Summary: Schedule
============================================================
* Number of FSM states : 1
* Pipeline : 0
* Dataflow Pipeline: 0

* FSM state transitions: 
1 --> 

* FSM state operations: 

 <State 1> : 3.63ns
ST_1 : Operation 2 [1/1] (0.00ns)   --->   "call void (...)* @_ssdm_op_SpecInterface(i10* %Sim_cols_V_out, [8 x i8]* @ap_fifo_str, i32 0, i32 0, [1 x i8]* @p_str, i32 0, i32 0, [1 x i8]* @p_str, [1 x i8]* @p_str, [1 x i8]* @p_str, i32 2, i32 2, i32 16, i32 16, [1 x i8]* @p_str, [1 x i8]* @p_str)"
ST_1 : Operation 3 [1/1] (0.00ns)   --->   "call void (...)* @_ssdm_op_SpecInterface(i11* %Sim_rows_V_out, [8 x i8]* @ap_fifo_str, i32 0, i32 0, [1 x i8]* @p_str, i32 0, i32 0, [1 x i8]* @p_str, [1 x i8]* @p_str, [1 x i8]* @p_str, i32 2, i32 2, i32 16, i32 16, [1 x i8]* @p_str, [1 x i8]* @p_str)"
ST_1 : Operation 4 [1/1] (0.00ns)   --->   "call void (...)* @_ssdm_op_SpecInterface(i10* %nor_copy1_cols_V_out, [8 x i8]* @ap_fifo_str, i32 0, i32 0, [1 x i8]* @p_str, i32 0, i32 0, [1 x i8]* @p_str, [1 x i8]* @p_str, [1 x i8]* @p_str, i32 2, i32 2, i32 16, i32 16, [1 x i8]* @p_str, [1 x i8]* @p_str)"
ST_1 : Operation 5 [1/1] (0.00ns)   --->   "call void (...)* @_ssdm_op_SpecInterface(i11* %nor_copy1_rows_V_out, [8 x i8]* @ap_fifo_str, i32 0, i32 0, [1 x i8]* @p_str, i32 0, i32 0, [1 x i8]* @p_str, [1 x i8]* @p_str, [1 x i8]* @p_str, i32 2, i32 2, i32 16, i32 16, [1 x i8]* @p_str, [1 x i8]* @p_str)"
ST_1 : Operation 6 [1/1] (3.63ns)   --->   "call void @_ssdm_op_Write.ap_fifo.i11P(i11* %nor_copy1_rows_V_out, i11 720)" [D:/studyapp_new/VIVADO/vivado201704/Vivado/2017.4/common/technology/autopilot/hls/hls_video_core.h:601->D:/studyapp_new/VIVADO/vivado201704/Vivado/2017.4/common/technology/autopilot/hls/hls_video_core.h:587->D:/studyapp_new/VIVADO/vivado201704/Vivado/2017.4/common/technology/autopilot/hls/hls_video_core.h:588->imgprocess.cpp:19]   --->   Core 32 'FIFO' <Latency = 0> <II = 1> <Delay = 3.63> <Storage> <Opcode : 'read' 'write' 'nbread' 'nbwrite'> <Ports = 0> <Width = 10> <Depth = 1> <FIFO>
ST_1 : Operation 7 [1/1] (3.63ns)   --->   "call void @_ssdm_op_Write.ap_fifo.i10P(i10* %nor_copy1_cols_V_out, i10 480)" [D:/studyapp_new/VIVADO/vivado201704/Vivado/2017.4/common/technology/autopilot/hls/hls_video_core.h:602->D:/studyapp_new/VIVADO/vivado201704/Vivado/2017.4/common/technology/autopilot/hls/hls_video_core.h:587->D:/studyapp_new/VIVADO/vivado201704/Vivado/2017.4/common/technology/autopilot/hls/hls_video_core.h:588->imgprocess.cpp:19]   --->   Core 32 'FIFO' <Latency = 0> <II = 1> <Delay = 3.63> <Storage> <Opcode : 'read' 'write' 'nbread' 'nbwrite'> <Ports = 0> <Width = 10> <Depth = 1> <FIFO>
ST_1 : Operation 8 [1/1] (3.63ns)   --->   "call void @_ssdm_op_Write.ap_fifo.i11P(i11* %Sim_rows_V_out, i11 720)" [D:/studyapp_new/VIVADO/vivado201704/Vivado/2017.4/common/technology/autopilot/hls/hls_video_core.h:601->D:/studyapp_new/VIVADO/vivado201704/Vivado/2017.4/common/technology/autopilot/hls/hls_video_core.h:587->D:/studyapp_new/VIVADO/vivado201704/Vivado/2017.4/common/technology/autopilot/hls/hls_video_core.h:588->imgprocess.cpp:22]   --->   Core 32 'FIFO' <Latency = 0> <II = 1> <Delay = 3.63> <Storage> <Opcode : 'read' 'write' 'nbread' 'nbwrite'> <Ports = 0> <Width = 10> <Depth = 1> <FIFO>
ST_1 : Operation 9 [1/1] (3.63ns)   --->   "call void @_ssdm_op_Write.ap_fifo.i10P(i10* %Sim_cols_V_out, i10 480)" [D:/studyapp_new/VIVADO/vivado201704/Vivado/2017.4/common/technology/autopilot/hls/hls_video_core.h:602->D:/studyapp_new/VIVADO/vivado201704/Vivado/2017.4/common/technology/autopilot/hls/hls_video_core.h:587->D:/studyapp_new/VIVADO/vivado201704/Vivado/2017.4/common/technology/autopilot/hls/hls_video_core.h:588->imgprocess.cpp:22]   --->   Core 32 'FIFO' <Latency = 0> <II = 1> <Delay = 3.63> <Storage> <Opcode : 'read' 'write' 'nbread' 'nbwrite'> <Ports = 0> <Width = 10> <Depth = 1> <FIFO>
ST_1 : Operation 10 [1/1] (0.00ns)   --->   "ret void"


============================================================
+ Verbose Summary: Binding
============================================================
STG Binding: 
---------------- STG Properties BEGIN ----------------
- Is combinational: 0
- Is one-state seq: 1
- Is datapath-only: 0
- Is pipelined: 0
- Is top level: 0
Port [ Return ] is wired: 1; IO mode=ap_ctrl_hs:ce=0
Port [ nor_copy1_rows_V_out]:  wired=1; compound=1; hidden=0; nouse=0; global=0; static=0; extern=0; dir=1; type=3; pingpong=0; private_global=0; IO mode=ap_fifo:ce=0
Port [ nor_copy1_cols_V_out]:  wired=1; compound=1; hidden=0; nouse=0; global=0; static=0; extern=0; dir=1; type=3; pingpong=0; private_global=0; IO mode=ap_fifo:ce=0
Port [ Sim_rows_V_out]:  wired=1; compound=1; hidden=0; nouse=0; global=0; static=0; extern=0; dir=1; type=3; pingpong=0; private_global=0; IO mode=ap_fifo:ce=0
Port [ Sim_cols_V_out]:  wired=1; compound=1; hidden=0; nouse=0; global=0; static=0; extern=0; dir=1; type=3; pingpong=0; private_global=0; IO mode=ap_fifo:ce=0
---------------- STG Properties END ------------------

---------------- Datapath Model BEGIN ----------------

<LifeTime>
<method=bitvector/>
StgValue_2  (specinterface) [ 00]
StgValue_3  (specinterface) [ 00]
StgValue_4  (specinterface) [ 00]
StgValue_5  (specinterface) [ 00]
StgValue_6  (write        ) [ 00]
StgValue_7  (write        ) [ 00]
StgValue_8  (write        ) [ 00]
StgValue_9  (write        ) [ 00]
StgValue_10 (ret          ) [ 00]
</LifeTime>

<model>

<comp_list>
<comp id="0" class="1000" name="nor_copy1_rows_V_out">
<pin_list>
<pin id="1" dir="1" index="0" bw="1" slack="0"/>
</pin_list>
<bind>
<StgValue><ssdm name="nor_copy1_rows_V_out"/></StgValue>
</bind>
</comp>

<comp id="2" class="1000" name="nor_copy1_cols_V_out">
<pin_list>
<pin id="3" dir="1" index="0" bw="1" slack="0"/>
</pin_list>
<bind>
<StgValue><ssdm name="nor_copy1_cols_V_out"/></StgValue>
</bind>
</comp>

<comp id="4" class="1000" name="Sim_rows_V_out">
<pin_list>
<pin id="5" dir="1" index="0" bw="1" slack="0"/>
</pin_list>
<bind>
<StgValue><ssdm name="Sim_rows_V_out"/></StgValue>
</bind>
</comp>

<comp id="6" class="1000" name="Sim_cols_V_out">
<pin_list>
<pin id="7" dir="1" index="0" bw="1" slack="0"/>
</pin_list>
<bind>
<StgValue><ssdm name="Sim_cols_V_out"/></StgValue>
</bind>
</comp>

<comp id="8" class="1001" name="const_8">
<pin_list>
<pin id="9" dir="1" index="0" bw="1" slack="2147483647"/>
</pin_list>
<bind>
<StgValue><ssdm name="_ssdm_op_SpecInterface"/></StgValue>
</bind>
</comp>

<comp id="10" class="1001" name="const_10">
<pin_list>
<pin id="11" dir="1" index="0" bw="1" slack="2147483647"/>
</pin_list>
<bind>
<StgValue><ssdm name="ap_fifo_str"/></StgValue>
</bind>
</comp>

<comp id="12" class="1001" name="const_12">
<pin_list>
<pin id="13" dir="1" index="0" bw="1" slack="2147483647"/>
</pin_list>
<bind>
<StgValue><ssdm name=""/></StgValue>
</bind>
</comp>

<comp id="14" class="1001" name="const_14">
<pin_list>
<pin id="15" dir="1" index="0" bw="1" slack="2147483647"/>
</pin_list>
<bind>
<StgValue><ssdm name="p_str"/></StgValue>
</bind>
</comp>

<comp id="16" class="1001" name="const_16">
<pin_list>
<pin id="17" dir="1" index="0" bw="1" slack="2147483647"/>
</pin_list>
<bind>
<StgValue><ssdm name=""/></StgValue>
</bind>
</comp>

<comp id="18" class="1001" name="const_18">
<pin_list>
<pin id="19" dir="1" index="0" bw="1" slack="2147483647"/>
</pin_list>
<bind>
<StgValue><ssdm name=""/></StgValue>
</bind>
</comp>

<comp id="20" class="1001" name="const_20">
<pin_list>
<pin id="21" dir="1" index="0" bw="1" slack="0"/>
</pin_list>
<bind>
<StgValue><ssdm name="_ssdm_op_Write.ap_fifo.i11P"/></StgValue>
</bind>
</comp>

<comp id="22" class="1001" name="const_22">
<pin_list>
<pin id="23" dir="1" index="0" bw="1" slack="0"/>
</pin_list>
<bind>
<StgValue><ssdm name=""/></StgValue>
</bind>
</comp>

<comp id="24" class="1001" name="const_24">
<pin_list>
<pin id="25" dir="1" index="0" bw="1" slack="0"/>
</pin_list>
<bind>
<StgValue><ssdm name="_ssdm_op_Write.ap_fifo.i10P"/></StgValue>
</bind>
</comp>

<comp id="26" class="1001" name="const_26">
<pin_list>
<pin id="27" dir="1" index="0" bw="1" slack="0"/>
</pin_list>
<bind>
<StgValue><ssdm name=""/></StgValue>
</bind>
</comp>

<comp id="28" class="1004" name="StgValue_6_write_fu_28">
<pin_list>
<pin id="29" dir="0" index="0" bw="0" slack="0"/>
<pin id="30" dir="0" index="1" bw="11" slack="0"/>
<pin id="31" dir="0" index="2" bw="11" slack="0"/>
<pin id="32" dir="1" index="3" bw="0" slack="2147483647"/>
</pin_list>
<bind>
<opcode="write(1151) " fcode="write"/>
<opset="StgValue_6/1 "/>
</bind>
</comp>

<comp id="36" class="1004" name="StgValue_7_write_fu_36">
<pin_list>
<pin id="37" dir="0" index="0" bw="0" slack="0"/>
<pin id="38" dir="0" index="1" bw="10" slack="0"/>
<pin id="39" dir="0" index="2" bw="10" slack="0"/>
<pin id="40" dir="1" index="3" bw="0" slack="2147483647"/>
</pin_list>
<bind>
<opcode="write(1151) " fcode="write"/>
<opset="StgValue_7/1 "/>
</bind>
</comp>

<comp id="44" class="1004" name="StgValue_8_write_fu_44">
<pin_list>
<pin id="45" dir="0" index="0" bw="0" slack="0"/>
<pin id="46" dir="0" index="1" bw="11" slack="0"/>
<pin id="47" dir="0" index="2" bw="11" slack="0"/>
<pin id="48" dir="1" index="3" bw="0" slack="2147483647"/>
</pin_list>
<bind>
<opcode="write(1151) " fcode="write"/>
<opset="StgValue_8/1 "/>
</bind>
</comp>

<comp id="52" class="1004" name="StgValue_9_write_fu_52">
<pin_list>
<pin id="53" dir="0" index="0" bw="0" slack="0"/>
<pin id="54" dir="0" index="1" bw="10" slack="0"/>
<pin id="55" dir="0" index="2" bw="10" slack="0"/>
<pin id="56" dir="1" index="3" bw="0" slack="2147483647"/>
</pin_list>
<bind>
<opcode="write(1151) " fcode="write"/>
<opset="StgValue_9/1 "/>
</bind>
</comp>

</comp_list>

<net_list>
<net id="33"><net_src comp="20" pin="0"/><net_sink comp="28" pin=0"/></net>

<net id="34"><net_src comp="0" pin="0"/><net_sink comp="28" pin=1"/></net>

<net id="35"><net_src comp="22" pin="0"/><net_sink comp="28" pin=2"/></net>

<net id="41"><net_src comp="24" pin="0"/><net_sink comp="36" pin=0"/></net>

<net id="42"><net_src comp="2" pin="0"/><net_sink comp="36" pin=1"/></net>

<net id="43"><net_src comp="26" pin="0"/><net_sink comp="36" pin=2"/></net>

<net id="49"><net_src comp="20" pin="0"/><net_sink comp="44" pin=0"/></net>

<net id="50"><net_src comp="4" pin="0"/><net_sink comp="44" pin=1"/></net>

<net id="51"><net_src comp="22" pin="0"/><net_sink comp="44" pin=2"/></net>

<net id="57"><net_src comp="24" pin="0"/><net_sink comp="52" pin=0"/></net>

<net id="58"><net_src comp="6" pin="0"/><net_sink comp="52" pin=1"/></net>

<net id="59"><net_src comp="26" pin="0"/><net_sink comp="52" pin=2"/></net>

</net_list>

</model> 
---------------- Datapath Model END ------------------

* FSMD analyzer results:
  - Output states:
	Port: nor_copy1_rows_V_out | {1 }
	Port: nor_copy1_cols_V_out | {1 }
	Port: Sim_rows_V_out | {1 }
	Port: Sim_cols_V_out | {1 }
 - Input state : 
  - Chain level:
	State 1


============================================================
+ Verbose Summary: Datapath Resource usage 
============================================================

* Functional unit list:
|----------|------------------------|
| Operation|     Functional Unit    |
|----------|------------------------|
|          | StgValue_6_write_fu_28 |
|   write  | StgValue_7_write_fu_36 |
|          | StgValue_8_write_fu_44 |
|          | StgValue_9_write_fu_52 |
|----------|------------------------|
|   Total  |                        |
|----------|------------------------|

Memories:
N/A

* Register list:
N/A

* Multiplexer (MUX) list: 
|--------|------|------|------|--------|
|  Comp  |  Pin | Size |  BW  | S x BW |
|--------|------|------|------|--------|
|  Total |      |      |      |    0   |
|--------|------|------|------|--------|



* Summary:
+-----------+
|           |
+-----------+
|  Function |
|   Memory  |
|Multiplexer|
|  Register |
+-----------+
|   Total   |
+-----------+
