Copyright 1986-2017 Xilinx, Inc. All Rights Reserved.
------------------------------------------------------------------------------------
| Tool Version : Vivado v.2017.4 (win64) Build 2086221 Fri Dec 15 20:55:39 MST 2017
| Date         : Tue Mar 24 00:29:37 2020
| Host         : LAPTOP-2UIU6RNE running 64-bit major release  (build 9200)
| Command      : report_timing -file ./report/ImgProcess_Top_timing_synth.rpt
| Design       : ImgProcess_Top
| Device       : 7z020-clg484
| Speed File   : -1  PRODUCTION 1.11 2014-09-11
------------------------------------------------------------------------------------

Timing Report

Slack (MET) :             1.038ns  (required time - arrival time)
  Source:                 YCrCb_GUASSIAN_U0/YCrCb_GUASSIAN_Loop_1_U0/ImgProcess_Top_dejbC_U55/ImgProcess_Top_ap_dexp_16_full_dsp_64_u/U0/i_synth/EXP_OP.i_sp_or_dp.OP/i_renorm_and_round/FULL_MANT_RND1_DEL/i_pipe/opt_has_pipe.first_q_reg[47]/C
                            (rising edge-triggered cell FDRE clocked by ap_clk  {rise@0.000ns fall@5.000ns period=10.000ns})
  Destination:            YCrCb_GUASSIAN_U0/YCrCb_GUASSIAN_Loop_1_U0/ImgProcess_Top_dejbC_U55/ImgProcess_Top_ap_dexp_16_full_dsp_64_u/U0/i_synth/EXP_OP.i_sp_or_dp.OP/i_recombination/result_delay/i_pipe/opt_has_pipe.first_q_reg[0]/R
                            (rising edge-triggered cell FDRE clocked by ap_clk  {rise@0.000ns fall@5.000ns period=10.000ns})
  Path Group:             ap_clk
  Path Type:              Setup (Max at Slow Process Corner)
  Requirement:            10.000ns  (ap_clk rise@10.000ns - ap_clk rise@0.000ns)
  Data Path Delay:        8.354ns  (logic 3.640ns (43.572%)  route 4.714ns (56.428%))
  Logic Levels:           8  (CARRY4=4 LUT3=1 LUT6=3)
  Clock Path Skew:        -0.049ns (DCD - SCD + CPR)
    Destination Clock Delay (DCD):    0.924ns = ( 10.924 - 10.000 ) 
    Source Clock Delay      (SCD):    0.973ns
    Clock Pessimism Removal (CPR):    0.000ns
  Clock Uncertainty:      0.035ns  ((TSJ^2 + TIJ^2)^1/2 + DJ) / 2 + PE
    Total System Jitter     (TSJ):    0.071ns
    Total Input Jitter      (TIJ):    0.000ns
    Discrete Jitter          (DJ):    0.000ns
    Phase Error              (PE):    0.000ns

    Location             Delay type                Incr(ns)  Path(ns)    Netlist Resource(s)
  -------------------------------------------------------------------    -------------------
                         (clock ap_clk rise edge)     0.000     0.000 r  
                                                      0.000     0.000 r  ap_clk (IN)
                         net (fo=29960, unset)        0.973     0.973    YCrCb_GUASSIAN_U0/YCrCb_GUASSIAN_Loop_1_U0/ImgProcess_Top_dejbC_U55/ImgProcess_Top_ap_dexp_16_full_dsp_64_u/U0/i_synth/EXP_OP.i_sp_or_dp.OP/i_renorm_and_round/FULL_MANT_RND1_DEL/i_pipe/aclk
                         FDRE                                         r  YCrCb_GUASSIAN_U0/YCrCb_GUASSIAN_Loop_1_U0/ImgProcess_Top_dejbC_U55/ImgProcess_Top_ap_dexp_16_full_dsp_64_u/U0/i_synth/EXP_OP.i_sp_or_dp.OP/i_renorm_and_round/FULL_MANT_RND1_DEL/i_pipe/opt_has_pipe.first_q_reg[47]/C
  -------------------------------------------------------------------    -------------------
                         FDRE (Prop_fdre_C_Q)         0.518     1.491 r  YCrCb_GUASSIAN_U0/YCrCb_GUASSIAN_Loop_1_U0/ImgProcess_Top_dejbC_U55/ImgProcess_Top_ap_dexp_16_full_dsp_64_u/U0/i_synth/EXP_OP.i_sp_or_dp.OP/i_renorm_and_round/FULL_MANT_RND1_DEL/i_pipe/opt_has_pipe.first_q_reg[47]/Q
                         net (fo=6, unplaced)         0.773     2.264    YCrCb_GUASSIAN_U0/YCrCb_GUASSIAN_Loop_1_U0/ImgProcess_Top_dejbC_U55/ImgProcess_Top_ap_dexp_16_full_dsp_64_u/U0/i_synth/EXP_OP.i_sp_or_dp.OP/i_renorm_and_round/FULL_MANT_RND1_DEL/i_pipe/first_q[47]
                         LUT3 (Prop_lut3_I0_O)        0.295     2.559 r  YCrCb_GUASSIAN_U0/YCrCb_GUASSIAN_Loop_1_U0/ImgProcess_Top_dejbC_U55/ImgProcess_Top_ap_dexp_16_full_dsp_64_u/U0/i_synth/EXP_OP.i_sp_or_dp.OP/i_renorm_and_round/FULL_MANT_RND1_DEL/i_pipe/CHAIN_GEN[1].C_MUX.CARRY_MUX_i_1__6/O
                         net (fo=2, unplaced)         0.674     3.233    YCrCb_GUASSIAN_U0/YCrCb_GUASSIAN_Loop_1_U0/ImgProcess_Top_dejbC_U55/ImgProcess_Top_ap_dexp_16_full_dsp_64_u/U0/i_synth/EXP_OP.i_sp_or_dp.OP/i_renorm_and_round/DSP48_E1.DSP_LOGIC_ADDERS.RND_0/opt_has_pipe.first_q_reg[51][1]
                         CARRY4 (Prop_carry4_S[1]_CO[3])
                                                      0.657     3.890 r  YCrCb_GUASSIAN_U0/YCrCb_GUASSIAN_Loop_1_U0/ImgProcess_Top_dejbC_U55/ImgProcess_Top_ap_dexp_16_full_dsp_64_u/U0/i_synth/EXP_OP.i_sp_or_dp.OP/i_renorm_and_round/DSP48_E1.DSP_LOGIC_ADDERS.RND_0/CHAIN_GEN[0].C_MUX.CARRY_MUX_CARRY4/CO[3]
                         net (fo=2, unplaced)         0.831     4.721    YCrCb_GUASSIAN_U0/YCrCb_GUASSIAN_Loop_1_U0/ImgProcess_Top_dejbC_U55/ImgProcess_Top_ap_dexp_16_full_dsp_64_u/U0/i_synth/EXP_OP.i_sp_or_dp.OP/i_renorm_and_round/DSP48_E1.DSP_LOGIC_ADDERS.RND_0/CHAIN_GEN[3].C_MUX.CARRY_MUX_n_2
                         CARRY4 (Prop_carry4_CYINIT_O[3])
                                                      0.678     5.399 r  YCrCb_GUASSIAN_U0/YCrCb_GUASSIAN_Loop_1_U0/ImgProcess_Top_dejbC_U55/ImgProcess_Top_ap_dexp_16_full_dsp_64_u/U0/i_synth/EXP_OP.i_sp_or_dp.OP/i_renorm_and_round/DSP48_E1.DSP_LOGIC_ADDERS.RND_0/CHAIN_GEN[4].C_MUX.CARRY_MUX_CARRY4/O[3]
                         net (fo=7, unplaced)         0.456     5.855    YCrCb_GUASSIAN_U0/YCrCb_GUASSIAN_Loop_1_U0/ImgProcess_Top_dejbC_U55/ImgProcess_Top_ap_dexp_16_full_dsp_64_u/U0/i_synth/EXP_OP.i_sp_or_dp.OP/i_renorm_and_round/DSP48_E1.DSP_LOGIC_ADDERS.RND_0/Q[2]
                         LUT6 (Prop_lut6_I3_O)        0.307     6.162 r  YCrCb_GUASSIAN_U0/YCrCb_GUASSIAN_Loop_1_U0/ImgProcess_Top_dejbC_U55/ImgProcess_Top_ap_dexp_16_full_dsp_64_u/U0/i_synth/EXP_OP.i_sp_or_dp.OP/i_renorm_and_round/DSP48_E1.DSP_LOGIC_ADDERS.RND_0/CHAIN_GEN[0].C_MUX.CARRY_MUX_i_2__2/O
                         net (fo=1, unplaced)         0.333     6.495    YCrCb_GUASSIAN_U0/YCrCb_GUASSIAN_Loop_1_U0/ImgProcess_Top_dejbC_U55/ImgProcess_Top_ap_dexp_16_full_dsp_64_u/U0/i_synth/EXP_OP.i_sp_or_dp.OP/i_Xi_gt_bias_sub1/C_CHAIN/B[0]
                         CARRY4 (Prop_carry4_DI[0]_CO[3])
                                                      0.550     7.045 r  YCrCb_GUASSIAN_U0/YCrCb_GUASSIAN_Loop_1_U0/ImgProcess_Top_dejbC_U55/ImgProcess_Top_ap_dexp_16_full_dsp_64_u/U0/i_synth/EXP_OP.i_sp_or_dp.OP/i_Xi_gt_bias_sub1/C_CHAIN/CHAIN_GEN[0].C_MUX.CARRY_MUX_CARRY4/CO[3]
                         net (fo=1, unplaced)         0.009     7.054    YCrCb_GUASSIAN_U0/YCrCb_GUASSIAN_Loop_1_U0/ImgProcess_Top_dejbC_U55/ImgProcess_Top_ap_dexp_16_full_dsp_64_u/U0/i_synth/EXP_OP.i_sp_or_dp.OP/i_Xi_gt_bias_sub1/C_CHAIN/CHAIN_GEN[3].C_MUX.CARRY_MUX_n_2
                         CARRY4 (Prop_carry4_CI_CO[1])
                                                      0.179     7.233 r  YCrCb_GUASSIAN_U0/YCrCb_GUASSIAN_Loop_1_U0/ImgProcess_Top_dejbC_U55/ImgProcess_Top_ap_dexp_16_full_dsp_64_u/U0/i_synth/EXP_OP.i_sp_or_dp.OP/i_Xi_gt_bias_sub1/C_CHAIN/CHAIN_GEN[4].C_MUX.CARRY_MUX_CARRY4/CO[1]
                         net (fo=3, unplaced)         0.330     7.563    YCrCb_GUASSIAN_U0/YCrCb_GUASSIAN_Loop_1_U0/ImgProcess_Top_dejbC_U55/ImgProcess_Top_ap_dexp_16_full_dsp_64_u/U0/i_synth/EXP_OP.i_sp_or_dp.OP/i_special_detect/specialcase_delay_balance/i_pipe/CARRY_OUT
                         LUT6 (Prop_lut6_I5_O)        0.332     7.895 r  YCrCb_GUASSIAN_U0/YCrCb_GUASSIAN_Loop_1_U0/ImgProcess_Top_dejbC_U55/ImgProcess_Top_ap_dexp_16_full_dsp_64_u/U0/i_synth/EXP_OP.i_sp_or_dp.OP/i_special_detect/specialcase_delay_balance/i_pipe/opt_has_pipe.first_q[50]_i_3/O
                         net (fo=1, unplaced)         0.449     8.344    YCrCb_GUASSIAN_U0/YCrCb_GUASSIAN_Loop_1_U0/ImgProcess_Top_dejbC_U55/ImgProcess_Top_ap_dexp_16_full_dsp_64_u/U0/i_synth/EXP_OP.i_sp_or_dp.OP/i_special_detect/specialcase_delay_balance/i_pipe/opt_has_pipe.first_q[50]_i_3_n_2
                         LUT6 (Prop_lut6_I0_O)        0.124     8.468 r  YCrCb_GUASSIAN_U0/YCrCb_GUASSIAN_Loop_1_U0/ImgProcess_Top_dejbC_U55/ImgProcess_Top_ap_dexp_16_full_dsp_64_u/U0/i_synth/EXP_OP.i_sp_or_dp.OP/i_special_detect/specialcase_delay_balance/i_pipe/result_delay/i_pipe/opt_has_pipe.first_q[50]_i_1/O
                         net (fo=51, unplaced)        0.859     9.327    YCrCb_GUASSIAN_U0/YCrCb_GUASSIAN_Loop_1_U0/ImgProcess_Top_dejbC_U55/ImgProcess_Top_ap_dexp_16_full_dsp_64_u/U0/i_synth/EXP_OP.i_sp_or_dp.OP/i_recombination/result_delay/i_pipe/opt_has_pipe.i_pipe[15].pipe_reg[15][0]
                         FDRE                                         r  YCrCb_GUASSIAN_U0/YCrCb_GUASSIAN_Loop_1_U0/ImgProcess_Top_dejbC_U55/ImgProcess_Top_ap_dexp_16_full_dsp_64_u/U0/i_synth/EXP_OP.i_sp_or_dp.OP/i_recombination/result_delay/i_pipe/opt_has_pipe.first_q_reg[0]/R
  -------------------------------------------------------------------    -------------------

                         (clock ap_clk rise edge)    10.000    10.000 r  
                                                      0.000    10.000 r  ap_clk (IN)
                         net (fo=29960, unset)        0.924    10.924    YCrCb_GUASSIAN_U0/YCrCb_GUASSIAN_Loop_1_U0/ImgProcess_Top_dejbC_U55/ImgProcess_Top_ap_dexp_16_full_dsp_64_u/U0/i_synth/EXP_OP.i_sp_or_dp.OP/i_recombination/result_delay/i_pipe/aclk
                         FDRE                                         r  YCrCb_GUASSIAN_U0/YCrCb_GUASSIAN_Loop_1_U0/ImgProcess_Top_dejbC_U55/ImgProcess_Top_ap_dexp_16_full_dsp_64_u/U0/i_synth/EXP_OP.i_sp_or_dp.OP/i_recombination/result_delay/i_pipe/opt_has_pipe.first_q_reg[0]/C
                         clock pessimism              0.000    10.924    
                         clock uncertainty           -0.035    10.889    
                         FDRE (Setup_fdre_C_R)       -0.524    10.365    YCrCb_GUASSIAN_U0/YCrCb_GUASSIAN_Loop_1_U0/ImgProcess_Top_dejbC_U55/ImgProcess_Top_ap_dexp_16_full_dsp_64_u/U0/i_synth/EXP_OP.i_sp_or_dp.OP/i_recombination/result_delay/i_pipe/opt_has_pipe.first_q_reg[0]
  -------------------------------------------------------------------
                         required time                         10.365    
                         arrival time                          -9.327    
  -------------------------------------------------------------------
                         slack                                  1.038    




